[2025-06-12 23:38:13] [INFO] [BOOT] Starting GB28181 Restreamer...
INFO:gb28181-restreamer:[BOOT] Starting GB28181 Restreamer...
[2025-06-12 23:38:13] [INFO] [CONFIG] Loaded configuration successfully.
INFO:gb28181-restreamer:[CONFIG] Loaded configuration successfully.
[2025-06-12 23:38:13] [INFO] [CATALOG] Performing quick video scan (full scan will happen in background)...
INFO:gb28181-restreamer:[CATALOG] Performing quick video scan (full scan will happen in background)...
[2025-06-12 23:38:13] [INFO] [CATALOG] Quick scan found 9 sample video files
INFO:gb28181-restreamer:[CATALOG] Quick scan found 9 sample video files
[2025-06-12 23:38:13] [INFO]   • 00-10-10.mp4
INFO:gb28181-restreamer:  • 00-10-10.mp4
[2025-06-12 23:38:13] [INFO]   • 14-32-14.mp4
INFO:gb28181-restreamer:  • 14-32-14.mp4
[2025-06-12 23:38:13] [INFO]   • 12-30-00.mp4
INFO:gb28181-restreamer:  • 12-30-00.mp4
[2025-06-12 23:38:13] [INFO]   • 01-20-30.mp4
INFO:gb28181-restreamer:  • 01-20-30.mp4
[2025-06-12 23:38:13] [INFO]   • filename_1996.mp4
INFO:gb28181-restreamer:  • filename_1996.mp4
[2025-06-12 23:38:13] [INFO]   ... and 4 more videos
INFO:gb28181-restreamer:  ... and 4 more videos
[2025-06-12 23:38:13] [INFO] [STREAM] Initializing media streamer with frame processing support
INFO:gb28181-restreamer:[STREAM] Initializing media streamer with frame processing support
INFO:media_streamer:[STREAM] GLib main loop started
[2025-06-12 23:38:13] [INFO] [LIVE] LiveStreamHandler initialized
INFO:gb28181-restreamer:[LIVE] LiveStreamHandler initialized
[2025-06-12 23:38:13] [INFO] [LIVE] GLib main loop started
INFO:gb28181-restreamer:[LIVE] GLib main loop started
[2025-06-12 23:38:13] [INFO] [LIVE] Stream monitoring started
INFO:gb28181-restreamer:[LIVE] Stream monitoring started
[2025-06-12 23:38:13] [INFO] [LIVE] LiveStreamHandler started
INFO:gb28181-restreamer:[LIVE] LiveStreamHandler started
[2025-06-12 23:38:13] [INFO] [RTSP] Setting up 6 RTSP sources for live streaming
INFO:gb28181-restreamer:[RTSP] Setting up 6 RTSP sources for live streaming
[2025-06-12 23:38:15] [WARNING] [RTSP] RTSP server at 192.168.1.100:554 is not available, will attempt to start handler anyway
WARNING:gb28181-restreamer:[RTSP] RTSP server at 192.168.1.100:554 is not available, will attempt to start handler anyway
[2025-06-12 23:38:15] [INFO] [RTSP] Preparing RTSP source: Front Door Camera (rtsp://admin:password@192.168.1.100:554/stream1)
INFO:gb28181-restreamer:[RTSP] Preparing RTSP source: Front Door Camera (rtsp://admin:password@192.168.1.100:554/stream1)
[2025-06-12 23:38:17] [WARNING] [RTSP] RTSP server at 192.168.1.101:554 is not available, will attempt to start handler anyway
WARNING:gb28181-restreamer:[RTSP] RTSP server at 192.168.1.101:554 is not available, will attempt to start handler anyway
[2025-06-12 23:38:17] [INFO] [RTSP] Preparing RTSP source: Parking Lot Camera (rtsp://admin:password@192.168.1.101:554/stream1)
INFO:gb28181-restreamer:[RTSP] Preparing RTSP source: Parking Lot Camera (rtsp://admin:password@192.168.1.101:554/stream1)
[2025-06-12 23:38:17] [INFO] [RTSP] Preparing RTSP source: Wowza Test Stream (rtsp://807e9439d5ca.entrypoint.cloud.wowza.com:1935/app-rC94792j/068b9c9a_stream2)
INFO:gb28181-restreamer:[RTSP] Preparing RTSP source: Wowza Test Stream (rtsp://807e9439d5ca.entrypoint.cloud.wowza.com:1935/app-rC94792j/068b9c9a_stream2)
[2025-06-12 23:38:19] [WARNING] [RTSP] RTSP server at 170.93.143.139:554 is not available, will attempt to start handler anyway
WARNING:gb28181-restreamer:[RTSP] RTSP server at 170.93.143.139:554 is not available, will attempt to start handler anyway
[2025-06-12 23:38:19] [INFO] [RTSP] Preparing RTSP source: Highway Camera (rtsp://170.93.143.139/rtplive/470011e600ef003a004ee33696235daa)
INFO:gb28181-restreamer:[RTSP] Preparing RTSP source: Highway Camera (rtsp://170.93.143.139/rtplive/470011e600ef003a004ee33696235daa)
[2025-06-12 23:38:19] [INFO] [RTSP] Skipping disabled RTSP source: Local Test Video
INFO:gb28181-restreamer:[RTSP] Skipping disabled RTSP source: Local Test Video
[2025-06-12 23:38:19] [INFO] [RTSP] Preparing RTSP source: Virtual RTSP Stream (rtsp://localhost:8554/stream)
INFO:gb28181-restreamer:[RTSP] Preparing RTSP source: Virtual RTSP Stream (rtsp://localhost:8554/stream)
[2025-06-12 23:38:19] [INFO] [RTSP] ✅ Live stream handler ready for 6 RTSP sources
INFO:gb28181-restreamer:[RTSP] ✅ Live stream handler ready for 6 RTSP sources
INFO:media_streamer:[STREAM] Registered frame processor: grayscale
INFO:media_streamer:[STREAM] Registered frame processor: edge
INFO:media_streamer:[STREAM] Registered frame processor: blur
INFO:media_streamer:[STREAM] Registered frame processor: text
[2025-06-12 23:38:19] [INFO] [STREAM] Registered frame processors for video manipulation
INFO:gb28181-restreamer:[STREAM] Registered frame processors for video manipulation
[2025-06-12 23:38:19] [INFO] [SIP] Starting SIP client with priority (recording scan will happen in background)...
INFO:gb28181-restreamer:[SIP] Starting SIP client with priority (recording scan will happen in background)...
[2025-06-12 23:38:19] [INFO] [SIP] Determined local IP: 172.31.7.94
INFO:gb28181-restreamer:[SIP] Determined local IP: 172.31.7.94
[2025-06-12 23:38:19] [INFO] [SIP] 🚀 Launching GB28181 SIP client...
INFO:gb28181-restreamer:[SIP] 🚀 Launching GB28181 SIP client...
[2025-06-12 23:38:19] [INFO] [SIP] SIP client started in background thread
INFO:gb28181-restreamer:[SIP] SIP client started in background thread
[2025-06-12 23:38:19] [INFO] [SIP-SENDER] Started GB28181 SIP message sender thread
INFO:gb28181-restreamer:[SIP-SENDER] Started GB28181 SIP message sender thread
[2025-06-12 23:38:19] [INFO] [SIP] 🔧 Generating device catalog (thread-safe)...
INFO:gb28181-restreamer:[SIP] 🔧 Generating device catalog (thread-safe)...
[2025-06-12 23:38:19] [INFO] [SIP] 📁 Using stream directory: /home/ubuntu/rstp/gb28181-restreamer/recordings
INFO:gb28181-restreamer:[SIP] 📁 Using stream directory: /home/ubuntu/rstp/gb28181-restreamer/recordings
[2025-06-12 23:38:19] [INFO] [SIP] 🔍 Scanning videos in: /home/ubuntu/rstp/gb28181-restreamer/recordings
INFO:gb28181-restreamer:[SIP] 🔍 Scanning videos in: /home/ubuntu/rstp/gb28181-restreamer/recordings
[2025-06-12 23:38:19] [INFO] [SCAN] 📁 Scanning directory: /home/ubuntu/rstp/gb28181-restreamer/recordings
INFO:gb28181-restreamer:[SCAN] 📁 Scanning directory: /home/ubuntu/rstp/gb28181-restreamer/recordings
[2025-06-12 23:38:19] [DEBUG] [SCAN] 📂 Scanning subdirectory: /home/ubuntu/rstp/gb28181-restreamer/recordings
DEBUG:gb28181-restreamer:[SCAN] 📂 Scanning subdirectory: /home/ubuntu/rstp/gb28181-restreamer/recordings
[2025-06-12 23:38:19] [DEBUG] [SCAN] 📁 Found 2 subdirectories: ['2025-05-16', '2025-05-15']
DEBUG:gb28181-restreamer:[SCAN] 📁 Found 2 subdirectories: ['2025-05-16', '2025-05-15']
[2025-06-12 23:38:19] [DEBUG] [SCAN] 📄 Found 0 files
DEBUG:gb28181-restreamer:[SCAN] 📄 Found 0 files
[2025-06-12 23:38:19] [DEBUG] [SCAN] 📂 Scanning subdirectory: /home/ubuntu/rstp/gb28181-restreamer/recordings/2025-05-16
DEBUG:gb28181-restreamer:[SCAN] 📂 Scanning subdirectory: /home/ubuntu/rstp/gb28181-restreamer/recordings/2025-05-16
[2025-06-12 23:38:19] [DEBUG] [SCAN] 📁 Found 0 subdirectories: []
DEBUG:gb28181-restreamer:[SCAN] 📁 Found 0 subdirectories: []
[2025-06-12 23:38:19] [DEBUG] [SCAN] 📄 Found 4 files
DEBUG:gb28181-restreamer:[SCAN] 📄 Found 4 files
[2025-06-12 23:38:19] [DEBUG] [SCAN] ✅ Added video file: /home/ubuntu/rstp/gb28181-restreamer/recordings/2025-05-16/00-10-10.mp4
DEBUG:gb28181-restreamer:[SCAN] ✅ Added video file: /home/ubuntu/rstp/gb28181-restreamer/recordings/2025-05-16/00-10-10.mp4
[2025-06-12 23:38:19] [INFO] [SCAN] Found video: 00-10-10.mp4
INFO:gb28181-restreamer:[SCAN] Found video: 00-10-10.mp4
[2025-06-12 23:38:19] [DEBUG] [SCAN] ✅ Added video file: /home/ubuntu/rstp/gb28181-restreamer/recordings/2025-05-16/14-32-14.mp4
DEBUG:gb28181-restreamer:[SCAN] ✅ Added video file: /home/ubuntu/rstp/gb28181-restreamer/recordings/2025-05-16/14-32-14.mp4
[2025-06-12 23:38:19] [INFO] [SCAN] Found video: 14-32-14.mp4
INFO:gb28181-restreamer:[SCAN] Found video: 14-32-14.mp4
[2025-06-12 23:38:19] [DEBUG] [SCAN] ✅ Added video file: /home/ubuntu/rstp/gb28181-restreamer/recordings/2025-05-16/12-30-00.mp4
DEBUG:gb28181-restreamer:[SCAN] ✅ Added video file: /home/ubuntu/rstp/gb28181-restreamer/recordings/2025-05-16/12-30-00.mp4
[2025-06-12 23:38:19] [INFO] [SCAN] Found video: 12-30-00.mp4
INFO:gb28181-restreamer:[SCAN] Found video: 12-30-00.mp4
[2025-06-12 23:38:19] [DEBUG] [SCAN] ✅ Added video file: /home/ubuntu/rstp/gb28181-restreamer/recordings/2025-05-16/01-20-30.mp4
DEBUG:gb28181-restreamer:[SCAN] ✅ Added video file: /home/ubuntu/rstp/gb28181-restreamer/recordings/2025-05-16/01-20-30.mp4
[2025-06-12 23:38:19] [INFO] [SCAN] Found video: 01-20-30.mp4
INFO:gb28181-restreamer:[SCAN] Found video: 01-20-30.mp4
[2025-06-12 23:38:19] [DEBUG] [SCAN] 📂 Scanning subdirectory: /home/ubuntu/rstp/gb28181-restreamer/recordings/2025-05-15
DEBUG:gb28181-restreamer:[SCAN] 📂 Scanning subdirectory: /home/ubuntu/rstp/gb28181-restreamer/recordings/2025-05-15
[2025-06-12 23:38:19] [DEBUG] [SCAN] 📁 Found 0 subdirectories: []
DEBUG:gb28181-restreamer:[SCAN] 📁 Found 0 subdirectories: []
[2025-06-12 23:38:19] [DEBUG] [SCAN] 📄 Found 10 files
DEBUG:gb28181-restreamer:[SCAN] 📄 Found 10 files
[2025-06-12 23:38:19] [DEBUG] [SCAN] ✅ Added video file: /home/ubuntu/rstp/gb28181-restreamer/recordings/2025-05-15/filename_1996.mp4
DEBUG:gb28181-restreamer:[SCAN] ✅ Added video file: /home/ubuntu/rstp/gb28181-restreamer/recordings/2025-05-15/filename_1996.mp4
[2025-06-12 23:38:19] [INFO] [SCAN] Found video: filename_1996.mp4
INFO:gb28181-restreamer:[SCAN] Found video: filename_1996.mp4
[2025-06-12 23:38:19] [DEBUG] [SCAN] ✅ Added video file: /home/ubuntu/rstp/gb28181-restreamer/recordings/2025-05-15/filename_1997.mp4
DEBUG:gb28181-restreamer:[SCAN] ✅ Added video file: /home/ubuntu/rstp/gb28181-restreamer/recordings/2025-05-15/filename_1997.mp4
[2025-06-12 23:38:19] [INFO] [SCAN] Found video: filename_1997.mp4
INFO:gb28181-restreamer:[SCAN] Found video: filename_1997.mp4
[2025-06-12 23:38:19] [DEBUG] [SCAN] ✅ Added video file: /home/ubuntu/rstp/gb28181-restreamer/recordings/2025-05-15/filename_1992.mp4
DEBUG:gb28181-restreamer:[SCAN] ✅ Added video file: /home/ubuntu/rstp/gb28181-restreamer/recordings/2025-05-15/filename_1992.mp4
[2025-06-12 23:38:19] [INFO] [SCAN] Found video: filename_1992.mp4
INFO:gb28181-restreamer:[SCAN] Found video: filename_1992.mp4
[2025-06-12 23:38:19] [DEBUG] [SCAN] ✅ Added video file: /home/ubuntu/rstp/gb28181-restreamer/recordings/2025-05-15/filename_1995.mp4
DEBUG:gb28181-restreamer:[SCAN] ✅ Added video file: /home/ubuntu/rstp/gb28181-restreamer/recordings/2025-05-15/filename_1995.mp4
[2025-06-12 23:38:19] [INFO] [SCAN] Found video: filename_1995.mp4
INFO:gb28181-restreamer:[SCAN] Found video: filename_1995.mp4
[2025-06-12 23:38:19] [DEBUG] [SCAN] ✅ Added video file: /home/ubuntu/rstp/gb28181-restreamer/recordings/2025-05-15/filename_1993.mp4
DEBUG:gb28181-restreamer:[SCAN] ✅ Added video file: /home/ubuntu/rstp/gb28181-restreamer/recordings/2025-05-15/filename_1993.mp4
[2025-06-12 23:38:19] [INFO] [SCAN] Found video: filename_1993.mp4
INFO:gb28181-restreamer:[SCAN] Found video: filename_1993.mp4
[2025-06-12 23:38:19] [DEBUG] [SCAN] ✅ Added video file: /home/ubuntu/rstp/gb28181-restreamer/recordings/2025-05-15/filename_1991.mp4
DEBUG:gb28181-restreamer:[SCAN] ✅ Added video file: /home/ubuntu/rstp/gb28181-restreamer/recordings/2025-05-15/filename_1991.mp4
[2025-06-12 23:38:19] [INFO] [SCAN] Found video: filename_1991.mp4
INFO:gb28181-restreamer:[SCAN] Found video: filename_1991.mp4
[2025-06-12 23:38:19] [DEBUG] [SCAN] ✅ Added video file: /home/ubuntu/rstp/gb28181-restreamer/recordings/2025-05-15/filename_1994.mp4
DEBUG:gb28181-restreamer:[SCAN] ✅ Added video file: /home/ubuntu/rstp/gb28181-restreamer/recordings/2025-05-15/filename_1994.mp4
[2025-06-12 23:38:19] [INFO] [SCAN] ... (limiting log output, found many more videos)
INFO:gb28181-restreamer:[SCAN] ... (limiting log output, found many more videos)
[2025-06-12 23:38:19] [DEBUG] [SCAN] ✅ Added video file: /home/ubuntu/rstp/gb28181-restreamer/recordings/2025-05-15/filename_1998.mp4
DEBUG:gb28181-restreamer:[SCAN] ✅ Added video file: /home/ubuntu/rstp/gb28181-restreamer/recordings/2025-05-15/filename_1998.mp4
[2025-06-12 23:38:19] [DEBUG] [SCAN] ✅ Added video file: /home/ubuntu/rstp/gb28181-restreamer/recordings/2025-05-15/filename_1999.mp4
DEBUG:gb28181-restreamer:[SCAN] ✅ Added video file: /home/ubuntu/rstp/gb28181-restreamer/recordings/2025-05-15/filename_1999.mp4
[2025-06-12 23:38:19] [DEBUG] [SCAN] ✅ Added video file: /home/ubuntu/rstp/gb28181-restreamer/recordings/2025-05-15/filename_2000.mp4
DEBUG:gb28181-restreamer:[SCAN] ✅ Added video file: /home/ubuntu/rstp/gb28181-restreamer/recordings/2025-05-15/filename_2000.mp4
[2025-06-12 23:38:19] [INFO] [SCAN] 📊 Scan complete: Found 14 video files out of 14 total files
INFO:gb28181-restreamer:[SCAN] 📊 Scan complete: Found 14 video files out of 14 total files
[2025-06-12 23:38:19] [INFO] [SIP] ✅ Video scanning complete: Found 14 video files
INFO:gb28181-restreamer:[SIP] ✅ Video scanning complete: Found 14 video files
[2025-06-12 23:38:19] [INFO] [SIP]   Video 1: 00-10-10.mp4
INFO:gb28181-restreamer:[SIP]   Video 1: 00-10-10.mp4
[2025-06-12 23:38:19] [INFO] [SIP]   Video 2: 14-32-14.mp4
INFO:gb28181-restreamer:[SIP]   Video 2: 14-32-14.mp4
[2025-06-12 23:38:19] [INFO] [SIP]   Video 3: 12-30-00.mp4
INFO:gb28181-restreamer:[SIP]   Video 3: 12-30-00.mp4
[2025-06-12 23:38:19] [INFO] [SIP] 📡 Creating channels from 6 RTSP sources
INFO:gb28181-restreamer:[SIP] 📡 Creating channels from 6 RTSP sources
[2025-06-12 23:38:19] [INFO] [SIP] 📺 Creating channels from 14 video files
INFO:gb28181-restreamer:[SIP] 📺 Creating channels from 14 video files
[2025-06-12 23:38:19] [INFO] [SIP] ✅ Generated device catalog with 18 channels
INFO:gb28181-restreamer:[SIP] ✅ Generated device catalog with 18 channels
[2025-06-12 23:38:19] [INFO] [SIP] 📊 Catalog summary:
INFO:gb28181-restreamer:[SIP] 📊 Catalog summary:
[2025-06-12 23:38:19] [INFO] [SIP]   • Total channels: 18
INFO:gb28181-restreamer:[SIP]   • Total channels: 18
[2025-06-12 23:38:19] [INFO] [SIP]   • Video file channels: 19
INFO:gb28181-restreamer:[SIP]   • Video file channels: 19
[2025-06-12 23:38:19] [INFO] [SIP]   • Ready for WVP platform: True
INFO:gb28181-restreamer:[SIP]   • Ready for WVP platform: True
[2025-06-12 23:38:19] [INFO] [SIP]   Channel 1: 81000000465001000001 - Front Door Camera
INFO:gb28181-restreamer:[SIP]   Channel 1: 81000000465001000001 - Front Door Camera
[2025-06-12 23:38:19] [INFO] [SIP]   Channel 2: 81000000465001000002 - Parking Lot Camera
INFO:gb28181-restreamer:[SIP]   Channel 2: 81000000465001000002 - Parking Lot Camera
[2025-06-12 23:38:19] [INFO] [SIP]   Channel 3: 81000000465001000003 - Wowza Test Stream
INFO:gb28181-restreamer:[SIP]   Channel 3: 81000000465001000003 - Wowza Test Stream
[2025-06-12 23:38:19] [INFO] [SIP]   ... and 15 more channels
INFO:gb28181-restreamer:[SIP]   ... and 15 more channels
[2025-06-12 23:38:19] [INFO] [SIP] Using transport: udp
INFO:gb28181-restreamer:[SIP] Using transport: udp
[2025-06-12 23:38:19] [INFO] [SIP] Device ID: 81000000465001000001
INFO:gb28181-restreamer:[SIP] Device ID: 81000000465001000001
[2025-06-12 23:38:19] [INFO] [SIP] Username: 81000000465001000001
INFO:gb28181-restreamer:[SIP] Username: 81000000465001000001
[2025-06-12 23:38:19] [INFO] [SIP] Server: ai-sip.x-stage.bull-b.com
INFO:gb28181-restreamer:[SIP] Server: ai-sip.x-stage.bull-b.com
[2025-06-12 23:38:19] [INFO] [SIP] Proxy: sip:ai-sip.x-stage.bull-b.com:5060
INFO:gb28181-restreamer:[SIP] Proxy: sip:ai-sip.x-stage.bull-b.com:5060
[2025-06-12 23:38:19] [INFO] [SIP] Local port: 0
INFO:gb28181-restreamer:[SIP] Local port: 0
[2025-06-12 23:38:19] [INFO] [SIP] Starting pjsua process (attempt 1/3)
INFO:gb28181-restreamer:[SIP] Starting pjsua process (attempt 1/3)
[2025-06-12 23:38:19] [INFO] [SIP] Started PJSUA process with PID: 3358506
INFO:gb28181-restreamer:[SIP] Started PJSUA process with PID: 3358506
[2025-06-12 23:38:19] [INFO] [SIP] 🔍 Starting PJSUA output monitoring...
INFO:gb28181-restreamer:[SIP] 🔍 Starting PJSUA output monitoring...
23:38:19.906         sip_endpoint.c !.Module "mod-pjsua-log" registered
23:38:19.906         sip_endpoint.c  .Module "mod-tsx-layer" registered
23:38:19.906         sip_endpoint.c  .Module "mod-stateful-util" registered
23:38:19.906         sip_endpoint.c  .Module "mod-ua" registered
23:38:19.906         sip_endpoint.c  .Module "mod-100rel" registered
23:38:19.906         sip_endpoint.c  .Module "mod-pjsua" registered
23:38:19.906         sip_endpoint.c  .Module "mod-invite" registered
23:38:19.906                  pjlib  ..select() I/O Queue created (0x56c2090bd898)
23:38:19.912         sip_endpoint.c  .Module "mod-evsub" registered
23:38:19.912         sip_endpoint.c  .Module "mod-presence" registered
23:38:19.912         sip_endpoint.c  .Module "mod-dlg_even" registered
23:38:19.912         sip_endpoint.c  .Module "mod-mwi" registered
23:38:19.912         sip_endpoint.c  .Module "mod-refer" registered
23:38:19.912         sip_endpoint.c  .Module "mod-pjsua-pres" registered
23:38:19.912         sip_endpoint.c  .Module "mod-pjsua-im" registered
23:38:19.912         sip_endpoint.c  .Module "mod-pjsua-options" registered
23:38:19.912           pjsua_core.c  .4 SIP worker threads created
23:38:19.912           pjsua_core.c  .pjsua version 2.15-dev for Linux-6.8.4.4/x86_64/glibc-2.39 initialized
23:38:19.912           pjsua_core.c  .PJSUA state changed: CREATED --> INIT
23:38:19.912         sip_endpoint.c  Module "mod-default-handler" registered
23:38:19.912           conference.c  .Add port 1 (ringback) queued
23:38:19.912           conference.c  .Add port 2 (ring) queued
23:38:19.913           pjsua_core.c  SIP UDP socket reachable at 172.31.7.94:48198
23:38:19.913      udp0x56c20911b520  SIP UDP transport started, published address is 172.31.7.94:48198
23:38:19.913            pjsua_acc.c  Adding account: id=<sip:172.31.7.94:48198>
23:38:19.913            pjsua_acc.c  .Account <sip:172.31.7.94:48198> added with id 0
23:38:19.913            pjsua_acc.c  Modifying account 0
23:38:19.913            pjsua_acc.c  Acc 0: setting online status to 1..
23:38:19.913            pjsua_acc.c  Adding account: id=sip:81000000465001000001@ai-sip.x-stage.bull-b.com
23:38:19.913            pjsua_acc.c  .Account sip:81000000465001000001@ai-sip.x-stage.bull-b.com added with id 1
23:38:19.913            pjsua_acc.c  .Acc 1: setting registration..
23:38:19.913            pjsua_acc.c  ..Contact for acc 1 updated: <sip:81000000465001000001@172.31.7.94:48198;ob>
23:38:19.913           pjsua_core.c  ...TX 647 bytes Request msg REGISTER/cseq=56770 (tdta0x56c209121130) to UDP 203.142.93.131:5060:
[2025-06-12 23:38:19] [DEBUG] [SIP] SIP traffic: 23:38:19.913           pjsua_core.c  ...TX 647 bytes Request msg REGISTER/cseq=56770 (tdta0x56c209121130) to UDP 203.142.93.131:5060:
DEBUG:gb28181-restreamer:[SIP] SIP traffic: 23:38:19.913           pjsua_core.c  ...TX 647 bytes Request msg REGISTER/cseq=56770 (tdta0x56c209121130) to UDP 203.142.93.131:5060:
REGISTER sip:ai-sip.x-stage.bull-b.com:5060 SIP/2.0
Via: SIP/2.0/UDP 172.31.7.94:48198;rport;branch=z9hG4bKPj7140c340-793e-423a-a393-1a25e3bea511
Max-Forwards: 70
From: <sip:81000000465001000001@ai-sip.x-stage.bull-b.com>;tag=3fe1bb55-2c8f-416b-b30f-b0cea496af00
To: <sip:81000000465001000001@ai-sip.x-stage.bull-b.com>
Call-ID: fb59b066-1e62-47f0-9e2a-b742320af819
CSeq: 56770 REGISTER
User-Agent: PJSUA/v2.15-dev Linux-6.8.4.4 x86_64 glibc-2.39
Contact: <sip:81000000465001000001@172.31.7.94:48198;ob>
Expires: 120
Allow: PRACK, INVITE, ACK, BYE, CANCEL, UPDATE, INFO, SUBSCRIBE, NOTIFY, REFER, MESSAGE, OPTIONS
[2025-06-12 23:38:19] [INFO] [SIP] 🔍 DEBUG: MESSAGE line detected: Allow: PRACK, INVITE, ACK, BYE, CANCEL, UPDATE, INFO, SUBSCRIBE, NOTIFY, REFER, MESSAGE, OPTIONS
INFO:gb28181-restreamer:[SIP] 🔍 DEBUG: MESSAGE line detected: Allow: PRACK, INVITE, ACK, BYE, CANCEL, UPDATE, INFO, SUBSCRIBE, NOTIFY, REFER, MESSAGE, OPTIONS
Content-Length:  0


--end msg--
23:38:19.913            pjsua_acc.c  ..Acc 1: Registration sent
23:38:19.913            pjsua_acc.c  Acc 1: setting online status to 1..
[2025-06-12 23:38:19] [DEBUG] [SIP] Processed 50 lines from PJSUA
DEBUG:gb28181-restreamer:[SIP] Processed 50 lines from PJSUA
23:38:19.913            pjsua_aud.c  Setting null sound device..
23:38:19.913            pjsua_app.c  .Turning sound device -99 -99 ON
[2025-06-12 23:38:19] [DEBUG] [SIP] 🔍 DEBUG: pjsua_app.c line: 23:38:19.913            pjsua_app.c  .Turning sound device -99 -99 ON
DEBUG:gb28181-restreamer:[SIP] 🔍 DEBUG: pjsua_app.c line: 23:38:19.913            pjsua_app.c  .Turning sound device -99 -99 ON
23:38:19.913            pjsua_aud.c  .Opening null sound device..
23:38:19.913           pjsua_core.c  PJSUA state changed: INIT --> STARTING
23:38:19.913         sip_endpoint.c  .Module "mod-unsolicited-mwi" registered
23:38:19.913           pjsua_core.c  .PJSUA state changed: STARTING --> RUNNING
23:38:19.913                 main.c  Ready: Success
>>>>
Account list:
[ 0] <sip:172.31.7.94:48198>: does not register
Online status: Online
*[ 1] sip:81000000465001000001@ai-sip.x-stage.bull-b.com: 100/In Progress (expires=0)
Online status: Online
Buddy list:
-none-

+=============================================================================+
|       Call Commands:         |   Buddy, IM & Presence:  |     Account:      |
|                              |                          |                   |
|  m  Make new call            | +b  Add new buddy        | +a  Add new accnt.|
|  M  Make multiple calls      | -b  Delete buddy         | -a  Delete accnt. |
|  a  Answer call              |  i  Send IM              | !a  Modify accnt. |
|  h  Hangup call  (ha=all)    |  s  Subscribe presence   | rr  (Re-)register |
|  H  Hold call                |  u  Unsubscribe presence | ru  Unregister    |
|  o Toggle call SDP offer     |  D  Subscribe dlg event  |                   |
|                              |  Du Unsub dlg event      |                   |
|  v  re-inVite (release hold) |  t  Toggle online status |  >  Cycle next ac.|
|  U  send UPDATE              |  T  Set online status    |  <  Cycle prev ac.|
| ],[ Select next/prev call    +--------------------------+-------------------+
|  x  Xfer call                |      Media Commands:     |  Status & Config: |
|  X  Xfer with Replaces       |                          |                   |
|  #  Send RFC 2833 DTMF       | cl  List ports           |  d  Dump status   |
|  *  Send DTMF with INFO      | cc  Connect port         | dd  Dump detailed |
| rt  Send real-time text      | cd  Disconnect port      | dc  Dump config   |
| dq  Dump curr. call quality  |  V  Adjust audio Volume  |  f  Save config   |
|  S  Send arbitrary REQUEST   | Cp  Codec priorities     |                   |
+-----------------------------------------------------------------------------+
|  q  QUIT      L  ReLoad       I  IP change     n  detect NAT type           |
|  sleep MS     echo [0|1|txt]                                                |
+=============================================================================+
You have 0 active call
[2025-06-12 23:38:21] [INFO] [RECORD] Starting recording manager (this will scan files in background)...
INFO:gb28181-restreamer:[RECORD] Starting recording manager (this will scan files in background)...
[2025-06-12 23:38:21] [INFO] [REC-MANAGER] Starting asynchronous recording scan
INFO:gb28181-restreamer:[REC-MANAGER] Starting asynchronous recording scan
[2025-06-12 23:38:21] [INFO] [REC-MANAGER] Starting async scan with CPU throttling for better SIP performance
INFO:gb28181-restreamer:[REC-MANAGER] Starting async scan with CPU throttling for better SIP performance
[2025-06-12 23:38:21] [INFO] [REC-MANAGER] Scanning recordings directory with CPU throttling
INFO:gb28181-restreamer:[REC-MANAGER] Scanning recordings directory with CPU throttling
[2025-06-12 23:38:21] [INFO] [RECORD] Recording manager initialized with async scanning
INFO:gb28181-restreamer:[RECORD] Recording manager initialized with async scanning
[2025-06-12 23:38:21] [INFO] [RECORD] Initial scan status: 0 files cached, scanning=True
INFO:gb28181-restreamer:[RECORD] Initial scan status: 0 files cached, scanning=True
[2025-06-12 23:38:21] [INFO] [STATUS] Starting periodic status monitoring
INFO:gb28181-restreamer:[STATUS] Starting periodic status monitoring
[2025-06-12 23:38:21] [INFO] [STATUS] Active streams: 0
INFO:gb28181-restreamer:[STATUS] Active streams: 0
[2025-06-12 23:38:21] [INFO] [STATUS] Recording scan in progress: 0 files found
INFO:gb28181-restreamer:[STATUS] Recording scan in progress: 0 files found
[2025-06-12 23:38:21] [INFO] [MAIN] Monitoring SIP client health...
INFO:gb28181-restreamer:[MAIN] Monitoring SIP client health...
[2025-06-12 23:38:22] [INFO] [REC-MANAGER] Processing file 10: filename_1991.mp4
INFO:gb28181-restreamer:[REC-MANAGER] Processing file 10: filename_1991.mp4
[2025-06-12 23:38:23] [INFO] [REC-MANAGER] Scan complete: 14 total files, 14 processed, 0 skipped
INFO:gb28181-restreamer:[REC-MANAGER] Scan complete: 14 total files, 14 processed, 0 skipped
[2025-06-12 23:39:21] [INFO] [STATUS] Active streams: 0
INFO:gb28181-restreamer:[STATUS] Active streams: 0
[2025-06-12 23:39:21] [INFO] [STATUS] Recording scan complete: 14 files cached
INFO:gb28181-restreamer:[STATUS] Recording scan complete: 14 files cached
>>> 23:38:19.932           conference.c !.Added port 1 (ringback), port count=2
23:38:19.932           conference.c  .Added port 2 (ring), port count=3
23:38:20.135           pjsua_core.c !.RX 530 bytes Response msg 401/REGISTER/cseq=56770 (rdata0x56c20911cfa8) from UDP 203.142.93.131:5060:
[2025-06-12 23:40:15] [DEBUG] [SIP] SIP traffic: 23:38:20.135           pjsua_core.c !.RX 530 bytes Response msg 401/REGISTER/cseq=56770 (rdata0x56c20911cfa8) from UDP 203.142.93.131:5060:
DEBUG:gb28181-restreamer:[SIP] SIP traffic: 23:38:20.135           pjsua_core.c !.RX 530 bytes Response msg 401/REGISTER/cseq=56770 (rdata0x56c20911cfa8) from UDP 203.142.93.131:5060:
SIP/2.0 401 Unauthorized
[2025-06-12 23:40:15] [DEBUG] [SIP] SIP response: SIP/2.0 401 Unauthorized
DEBUG:gb28181-restreamer:[SIP] SIP response: SIP/2.0 401 Unauthorized
CSeq: 56770 REGISTER
Call-ID: fb59b066-1e62-47f0-9e2a-b742320af819
From: <sip:81000000465001000001@ai-sip.x-stage.bull-b.com>;tag=3fe1bb55-2c8f-416b-b30f-b0cea496af00
To: <sip:81000000465001000001@ai-sip.x-stage.bull-b.com>
Via: SIP/2.0/UDP 172.31.7.94:48198;rport=48198;branch=z9hG4bKPj7140c340-793e-423a-a393-1a25e3bea511;received=13.50.108.195
[2025-06-12 23:40:15] [DEBUG] [SIP] Processed 100 lines from PJSUA
DEBUG:gb28181-restreamer:[SIP] Processed 100 lines from PJSUA
WWW-Authenticate: Digest realm="81000000",qop="auth",nonce="57902852d1afe7d6f519cf7dc02e569f",algorithm=MD5
User-Agent: WVP-Pro
Content-Length: 0


--end msg--
23:38:20.135           pjsua_core.c  ....TX 932 bytes Request msg REGISTER/cseq=56771 (tdta0x56c209121130) to UDP 203.142.93.131:5060:
[2025-06-12 23:40:15] [DEBUG] [SIP] SIP traffic: 23:38:20.135           pjsua_core.c  ....TX 932 bytes Request msg REGISTER/cseq=56771 (tdta0x56c209121130) to UDP 203.142.93.131:5060:
DEBUG:gb28181-restreamer:[SIP] SIP traffic: 23:38:20.135           pjsua_core.c  ....TX 932 bytes Request msg REGISTER/cseq=56771 (tdta0x56c209121130) to UDP 203.142.93.131:5060:
REGISTER sip:ai-sip.x-stage.bull-b.com:5060 SIP/2.0
Via: SIP/2.0/UDP 13.50.108.195:48198;rport;branch=z9hG4bKPjb61160a4-ba86-4ab1-a3e1-10bb825d2c99
Max-Forwards: 70
From: <sip:81000000465001000001@ai-sip.x-stage.bull-b.com>;tag=3fe1bb55-2c8f-416b-b30f-b0cea496af00
To: <sip:81000000465001000001@ai-sip.x-stage.bull-b.com>
Call-ID: fb59b066-1e62-47f0-9e2a-b742320af819
CSeq: 56771 REGISTER
User-Agent: PJSUA/v2.15-dev Linux-6.8.4.4 x86_64 glibc-2.39
Contact: <sip:81000000465001000001@172.31.7.94:48198;ob>
Expires: 120
Allow: PRACK, INVITE, ACK, BYE, CANCEL, UPDATE, INFO, SUBSCRIBE, NOTIFY, REFER, MESSAGE, OPTIONS
[2025-06-12 23:40:15] [INFO] [SIP] 🔍 DEBUG: MESSAGE line detected: Allow: PRACK, INVITE, ACK, BYE, CANCEL, UPDATE, INFO, SUBSCRIBE, NOTIFY, REFER, MESSAGE, OPTIONS
INFO:gb28181-restreamer:[SIP] 🔍 DEBUG: MESSAGE line detected: Allow: PRACK, INVITE, ACK, BYE, CANCEL, UPDATE, INFO, SUBSCRIBE, NOTIFY, REFER, MESSAGE, OPTIONS
Authorization: Digest username="81000000465001000001", realm="81000000", nonce="57902852d1afe7d6f519cf7dc02e569f", uri="sip:ai-sip.x-stage.bull-b.com:5060", response="0785635bf3e6406f5fcb905f00c69d45", algorithm=MD5, cnonce="62ee4941069240e89e278f24d3e345db", qop=auth, nc=00000001
Content-Length:  0


--end msg--
23:38:20.352           pjsua_core.c !.RX 516 bytes Response msg 200/REGISTER/cseq=56771 (rdata0x7b8ac8001d78) from UDP 203.142.93.131:5060:
[2025-06-12 23:40:15] [DEBUG] [SIP] SIP traffic: 23:38:20.352           pjsua_core.c !.RX 516 bytes Response msg 200/REGISTER/cseq=56771 (rdata0x7b8ac8001d78) from UDP 203.142.93.131:5060:
DEBUG:gb28181-restreamer:[SIP] SIP traffic: 23:38:20.352           pjsua_core.c !.RX 516 bytes Response msg 200/REGISTER/cseq=56771 (rdata0x7b8ac8001d78) from UDP 203.142.93.131:5060:
SIP/2.0 200 OK
[2025-06-12 23:40:15] [DEBUG] [SIP] SIP response: SIP/2.0 200 OK
DEBUG:gb28181-restreamer:[SIP] SIP response: SIP/2.0 200 OK
CSeq: 56771 REGISTER
Call-ID: fb59b066-1e62-47f0-9e2a-b742320af819
From: <sip:81000000465001000001@ai-sip.x-stage.bull-b.com>;tag=3fe1bb55-2c8f-416b-b30f-b0cea496af00
To: <sip:81000000465001000001@ai-sip.x-stage.bull-b.com>
Via: SIP/2.0/UDP 13.50.108.195:48198;rport=48198;branch=z9hG4bKPjb61160a4-ba86-4ab1-a3e1-10bb825d2c99;received=13.50.108.195
Date: 2025-06-13T07:38:20.231
Contact: <sip:81000000465001000001@172.31.7.94:48198;ob>
Expires: 120
User-Agent: WVP-Pro
Content-Length: 0


--end msg--
23:38:20.352            pjsua_acc.c  ....SIP outbound status for acc 1 is not active
23:38:20.352            pjsua_acc.c  ....Service-Route updated for acc 1 with 0 URI(s)
23:38:20.352            pjsua_acc.c  ....sip:81000000465001000001@ai-sip.x-stage.bull-b.com: registration success, status=200 (OK), will re-register in 120 seconds
[2025-06-12 23:40:15] [INFO] [SIP] ✅ Registration completed successfully
INFO:gb28181-restreamer:[SIP] ✅ Registration completed successfully
[2025-06-12 23:40:15] [INFO] [SIP] 💓 Starting dedicated heartbeat thread for WVP platform
INFO:gb28181-restreamer:[SIP] 💓 Starting dedicated heartbeat thread for WVP platform
[2025-06-12 23:40:15] [INFO] [SIP] 💓 Heartbeat worker started - will send keepalive every 15s to prevent WVP timeout
INFO:gb28181-restreamer:[SIP] 💓 Heartbeat worker started - will send keepalive every 15s to prevent WVP timeout
[2025-06-12 23:40:15] [INFO] [SIP] 💓 Sending scheduled heartbeat to WVP platform
INFO:gb28181-restreamer:[SIP] 💓 Sending scheduled heartbeat to WVP platform
[2025-06-12 23:40:15] [INFO] [SIP] 💓 Sending WVP-compatible keepalive (SN: 71615) to prevent heartbeat timeout
INFO:gb28181-restreamer:[SIP] 💓 Sending WVP-compatible keepalive (SN: 71615) to prevent heartbeat timeout
[2025-06-12 23:40:15] [INFO] [SIP] 📊 UDP TRANSMISSION ANALYSIS (SN: 71615):
INFO:gb28181-restreamer:[SIP] 📊 UDP TRANSMISSION ANALYSIS (SN: 71615):
[2025-06-12 23:40:15] [INFO] [SIP]   • Message type: Keepalive
INFO:gb28181-restreamer:[SIP]   • Message type: Keepalive
[2025-06-12 23:40:15] [INFO] [SIP]   • Message size: 674 bytes
INFO:gb28181-restreamer:[SIP]   • Message size: 674 bytes
[2025-06-12 23:40:15] [INFO] [SIP]   • Target: ai-sip.x-stage.bull-b.com:5060
INFO:gb28181-restreamer:[SIP]   • Target: ai-sip.x-stage.bull-b.com:5060
[2025-06-12 23:40:15] [INFO] [SIP]   • Encoding: UTF-8
INFO:gb28181-restreamer:[SIP]   • Encoding: UTF-8
[2025-06-12 23:40:15] [INFO] [SIP] 📋 Starting periodic catalog notification thread
INFO:gb28181-restreamer:[SIP] 📋 Starting periodic catalog notification thread
[2025-06-12 23:40:15] [DEBUG] [SIP] 📨 Message headers:
DEBUG:gb28181-restreamer:[SIP] 📨 Message headers:
[2025-06-12 23:40:15] [DEBUG] [SIP]   1: MESSAGE sip:ai-sip.x-stage.bull-b.com:5060 SIP/2.0
DEBUG:gb28181-restreamer:[SIP]   1: MESSAGE sip:ai-sip.x-stage.bull-b.com:5060 SIP/2.0
[2025-06-12 23:40:15] [DEBUG] [SIP]   2: Via: SIP/2.0/UDP 172.31.7.94:0;rport;branch=z9hG4bK-ka-1749771615
DEBUG:gb28181-restreamer:[SIP]   2: Via: SIP/2.0/UDP 172.31.7.94:0;rport;branch=z9hG4bK-ka-1749771615
[2025-06-12 23:40:15] [DEBUG] [SIP]   3: Max-Forwards: 70
DEBUG:gb28181-restreamer:[SIP]   3: Max-Forwards: 70
[2025-06-12 23:40:15] [DEBUG] [SIP]   4: From: <sip:81000000465001000001@172.31.7.94:0>;tag=katag1749771615
DEBUG:gb28181-restreamer:[SIP]   4: From: <sip:81000000465001000001@172.31.7.94:0>;tag=katag1749771615
[2025-06-12 23:40:15] [DEBUG] [SIP]   5: To: <sip:ai-sip.x-stage.bull-b.com:5060>
DEBUG:gb28181-restreamer:[SIP]   5: To: <sip:ai-sip.x-stage.bull-b.com:5060>
[2025-06-12 23:40:15] [DEBUG] [SIP]   6: Call-ID: keepalive-71615-1749771615
DEBUG:gb28181-restreamer:[SIP]   6: Call-ID: keepalive-71615-1749771615
[2025-06-12 23:40:15] [DEBUG] [SIP]   7: CSeq: 3622 MESSAGE
DEBUG:gb28181-restreamer:[SIP]   7: CSeq: 3622 MESSAGE
[2025-06-12 23:40:15] [DEBUG] [SIP]   8: Contact: <sip:172.31.7.94:0>
DEBUG:gb28181-restreamer:[SIP]   8: Contact: <sip:172.31.7.94:0>
[2025-06-12 23:40:15] [DEBUG] [SIP]   9: User-Agent: GB28181-Restreamer/1.0
DEBUG:gb28181-restreamer:[SIP]   9: User-Agent: GB28181-Restreamer/1.0
[2025-06-12 23:40:15] [DEBUG] [SIP]   10: Content-Type: Application/MANSCDP+xml
DEBUG:gb28181-restreamer:[SIP]   10: Content-Type: Application/MANSCDP+xml
[2025-06-12 23:40:15] [DEBUG] [SIP]   ... and 13 more lines
DEBUG:gb28181-restreamer:[SIP]   ... and 13 more lines
[2025-06-12 23:40:15] [INFO] [SIP] 🚀 Sending UDP packet to ai-sip.x-stage.bull-b.com:5060...
INFO:gb28181-restreamer:[SIP] 🚀 Sending UDP packet to ai-sip.x-stage.bull-b.com:5060...
[2025-06-12 23:40:15] [INFO] [SIP] 📋 Catalog notification worker started - will send catalog every 60s
INFO:gb28181-restreamer:[SIP] 📋 Catalog notification worker started - will send catalog every 60s
[2025-06-12 23:40:15] [INFO] [SIP] 💓 Sending immediate heartbeat after registration to update WVP keepaliveTime
INFO:gb28181-restreamer:[SIP] 💓 Sending immediate heartbeat after registration to update WVP keepaliveTime
[2025-06-12 23:40:15] [INFO] [SIP] ✅ UDP transmission SUCCESSFUL: 674/674 bytes
INFO:gb28181-restreamer:[SIP] ✅ UDP transmission SUCCESSFUL: 674/674 bytes
[2025-06-12 23:40:15] [INFO] [SIP] 🚀 Sending proactive catalog notification for immediate frontend visibility
INFO:gb28181-restreamer:[SIP] 🚀 Sending proactive catalog notification for immediate frontend visibility
23:38:20.352            pjsua_acc.c  ....Keep-alive timer started for acc 1, destination:203.142.93.131:5060, interval:14s
[2025-06-12 23:40:15] [DEBUG] [SIP] Keep-alive message
DEBUG:gb28181-restreamer:[SIP] Keep-alive message
23:38:20.913            pjsua_aud.c !Closing sound device after idle for 1 second(s)
23:38:20.913            pjsua_app.c  .Turning sound device -99 -99 OFF
[2025-06-12 23:40:15] [DEBUG] [SIP] 🔍 DEBUG: pjsua_app.c line: 23:38:20.913            pjsua_app.c  .Turning sound device -99 -99 OFF
DEBUG:gb28181-restreamer:[SIP] 🔍 DEBUG: pjsua_app.c line: 23:38:20.913            pjsua_app.c  .Turning sound device -99 -99 OFF
23:38:20.913            pjsua_aud.c  .Closing null sound device..
23:40:15.360           pjsua_core.c  .TX 649 bytes Request msg REGISTER/cseq=56772 (tdta0x7b8ac4000c20) to UDP 203.142.93.131:5060:
[2025-06-12 23:40:15] [DEBUG] [SIP] SIP traffic: 23:40:15.360           pjsua_core.c  .TX 649 bytes Request msg REGISTER/cseq=56772 (tdta0x7b8ac4000c20) to UDP 203.142.93.131:5060:
DEBUG:gb28181-restreamer:[SIP] SIP traffic: 23:40:15.360           pjsua_core.c  .TX 649 bytes Request msg REGISTER/cseq=56772 (tdta0x7b8ac4000c20) to UDP 203.142.93.131:5060:
REGISTER sip:ai-sip.x-stage.bull-b.com:5060 SIP/2.0
Via: SIP/2.0/UDP 13.50.108.195:48198;rport;branch=z9hG4bKPjdfbb9223-e467-414a-b24d-ca0db86a97d4
Max-Forwards: 70
From: <sip:81000000465001000001@ai-sip.x-stage.bull-b.com>;tag=aa614ec0-cca0-45f5-b681-e818c2755279
[2025-06-12 23:40:15] [DEBUG] [SIP] Processed 150 lines from PJSUA
DEBUG:gb28181-restreamer:[SIP] Processed 150 lines from PJSUA
To: <sip:81000000465001000001@ai-sip.x-stage.bull-b.com>
Call-ID: fb59b066-1e62-47f0-9e2a-b742320af819
CSeq: 56772 REGISTER
User-Agent: PJSUA/v2.15-dev Linux-6.8.4.4 x86_64 glibc-2.39
Contact: <sip:81000000465001000001@172.31.7.94:48198;ob>
Expires: 120
Allow: PRACK, INVITE, ACK, BYE, CANCEL, UPDATE, INFO, SUBSCRIBE, NOTIFY, REFER, MESSAGE, OPTIONS
[2025-06-12 23:40:15] [INFO] [SIP] 🔍 DEBUG: MESSAGE line detected: Allow: PRACK, INVITE, ACK, BYE, CANCEL, UPDATE, INFO, SUBSCRIBE, NOTIFY, REFER, MESSAGE, OPTIONS
INFO:gb28181-restreamer:[SIP] 🔍 DEBUG: MESSAGE line detected: Allow: PRACK, INVITE, ACK, BYE, CANCEL, UPDATE, INFO, SUBSCRIBE, NOTIFY, REFER, MESSAGE, OPTIONS
Content-Length:  0


--end msg--
[2025-06-12 23:40:15] [INFO] [SIP] 💓 Keepalive message (SN: 71615) delivered successfully
INFO:gb28181-restreamer:[SIP] 💓 Keepalive message (SN: 71615) delivered successfully
[2025-06-12 23:40:15] [INFO] [SIP]   • Device should stay online for next 15-30 seconds
INFO:gb28181-restreamer:[SIP]   • Device should stay online for next 15-30 seconds
[2025-06-12 23:40:15] [INFO] [SIP] ✅ Keepalive sent successfully - device should stay online
INFO:gb28181-restreamer:[SIP] ✅ Keepalive sent successfully - device should stay online
[2025-06-12 23:40:15] [INFO] [SIP] 🔄 Proactive registration renewal for WVP platform - preventing device offline
INFO:gb28181-restreamer:[SIP] 🔄 Proactive registration renewal for WVP platform - preventing device offline
[2025-06-12 23:40:17] [INFO] [SIP] 💓 Sending WVP-compatible keepalive (SN: 71617) to prevent heartbeat timeout
INFO:gb28181-restreamer:[SIP] 💓 Sending WVP-compatible keepalive (SN: 71617) to prevent heartbeat timeout
[2025-06-12 23:40:17] [INFO] [SIP] 📊 UDP TRANSMISSION ANALYSIS (SN: 71617):
INFO:gb28181-restreamer:[SIP] 📊 UDP TRANSMISSION ANALYSIS (SN: 71617):
[2025-06-12 23:40:17] [INFO] [SIP]   • Message type: Keepalive
INFO:gb28181-restreamer:[SIP]   • Message type: Keepalive
[2025-06-12 23:40:17] [INFO] [SIP]   • Message size: 674 bytes
INFO:gb28181-restreamer:[SIP]   • Message size: 674 bytes
[2025-06-12 23:40:17] [INFO] [SIP]   • Target: ai-sip.x-stage.bull-b.com:5060
INFO:gb28181-restreamer:[SIP]   • Target: ai-sip.x-stage.bull-b.com:5060
[2025-06-12 23:40:17] [INFO] [SIP]   • Encoding: UTF-8
INFO:gb28181-restreamer:[SIP]   • Encoding: UTF-8
[2025-06-12 23:40:17] [DEBUG] [SIP] 📨 Message headers:
DEBUG:gb28181-restreamer:[SIP] 📨 Message headers:
[2025-06-12 23:40:17] [DEBUG] [SIP]   1: MESSAGE sip:ai-sip.x-stage.bull-b.com:5060 SIP/2.0
DEBUG:gb28181-restreamer:[SIP]   1: MESSAGE sip:ai-sip.x-stage.bull-b.com:5060 SIP/2.0
[2025-06-12 23:40:17] [DEBUG] [SIP]   2: Via: SIP/2.0/UDP 172.31.7.94:0;rport;branch=z9hG4bK-ka-1749771617
DEBUG:gb28181-restreamer:[SIP]   2: Via: SIP/2.0/UDP 172.31.7.94:0;rport;branch=z9hG4bK-ka-1749771617
[2025-06-12 23:40:17] [DEBUG] [SIP]   3: Max-Forwards: 70
DEBUG:gb28181-restreamer:[SIP]   3: Max-Forwards: 70
[2025-06-12 23:40:17] [DEBUG] [SIP]   4: From: <sip:81000000465001000001@172.31.7.94:0>;tag=katag1749771617
DEBUG:gb28181-restreamer:[SIP]   4: From: <sip:81000000465001000001@172.31.7.94:0>;tag=katag1749771617
[2025-06-12 23:40:17] [DEBUG] [SIP]   5: To: <sip:ai-sip.x-stage.bull-b.com:5060>
DEBUG:gb28181-restreamer:[SIP]   5: To: <sip:ai-sip.x-stage.bull-b.com:5060>
[2025-06-12 23:40:17] [DEBUG] [SIP]   6: Call-ID: keepalive-71617-1749771617
DEBUG:gb28181-restreamer:[SIP]   6: Call-ID: keepalive-71617-1749771617
[2025-06-12 23:40:17] [DEBUG] [SIP]   7: CSeq: 3624 MESSAGE
DEBUG:gb28181-restreamer:[SIP]   7: CSeq: 3624 MESSAGE
[2025-06-12 23:40:17] [DEBUG] [SIP]   8: Contact: <sip:172.31.7.94:0>
DEBUG:gb28181-restreamer:[SIP]   8: Contact: <sip:172.31.7.94:0>
[2025-06-12 23:40:17] [DEBUG] [SIP]   9: User-Agent: GB28181-Restreamer/1.0
DEBUG:gb28181-restreamer:[SIP]   9: User-Agent: GB28181-Restreamer/1.0
[2025-06-12 23:40:17] [DEBUG] [SIP]   10: Content-Type: Application/MANSCDP+xml
DEBUG:gb28181-restreamer:[SIP]   10: Content-Type: Application/MANSCDP+xml
[2025-06-12 23:40:17] [DEBUG] [SIP]   ... and 13 more lines
DEBUG:gb28181-restreamer:[SIP]   ... and 13 more lines
[2025-06-12 23:40:17] [INFO] [SIP] 🚀 Sending UDP packet to ai-sip.x-stage.bull-b.com:5060...
INFO:gb28181-restreamer:[SIP] 🚀 Sending UDP packet to ai-sip.x-stage.bull-b.com:5060...
[2025-06-12 23:40:17] [INFO] [SIP] ✅ UDP transmission SUCCESSFUL: 674/674 bytes
INFO:gb28181-restreamer:[SIP] ✅ UDP transmission SUCCESSFUL: 674/674 bytes
[2025-06-12 23:40:17] [INFO] [SIP] 💓 Keepalive message (SN: 71617) delivered successfully
INFO:gb28181-restreamer:[SIP] 💓 Keepalive message (SN: 71617) delivered successfully
[2025-06-12 23:40:17] [INFO] [SIP]   • Device should stay online for next 15-30 seconds
INFO:gb28181-restreamer:[SIP]   • Device should stay online for next 15-30 seconds
[2025-06-12 23:40:17] [INFO] [SIP] ✅ Keepalive sent successfully - device should stay online
INFO:gb28181-restreamer:[SIP] ✅ Keepalive sent successfully - device should stay online
[2025-06-12 23:40:18] [INFO] [SIP] 📋 Sending proactive catalog notification to WVP platform for immediate visibility
INFO:gb28181-restreamer:[SIP] 📋 Sending proactive catalog notification to WVP platform for immediate visibility
[2025-06-12 23:40:18] [INFO] [SIP] Using cached catalog with 18 video channels
INFO:gb28181-restreamer:[SIP] Using cached catalog with 18 video channels
[2025-06-12 23:40:18] [INFO] [SIP] 🏗️ Building WVP-compatible catalog response:
INFO:gb28181-restreamer:[SIP] 🏗️ Building WVP-compatible catalog response:
[2025-06-12 23:40:18] [INFO] [SIP]   • Parent Device: 81000000465001000001 (GB28181-Restreamer)
INFO:gb28181-restreamer:[SIP]   • Parent Device: 81000000465001000001 (GB28181-Restreamer)
[2025-06-12 23:40:18] [INFO] [SIP]   • Child Channels: 18
INFO:gb28181-restreamer:[SIP]   • Child Channels: 18
[2025-06-12 23:40:18] [INFO] [SIP]   • Total Items: 19
INFO:gb28181-restreamer:[SIP]   • Total Items: 19
[2025-06-12 23:40:18] [INFO] [SIP]   • Estimated size: 13530 bytes
INFO:gb28181-restreamer:[SIP]   • Estimated size: 13530 bytes
[2025-06-12 23:40:18] [WARNING] [SIP] ⚠️ Large response (13530 bytes) - limiting channels for UDP safety
WARNING:gb28181-restreamer:[SIP] ⚠️ Large response (13530 bytes) - limiting channels for UDP safety
[2025-06-12 23:40:18] [INFO] [SIP] 📦 Limited to parent device + 1 channels (total: 2 items)
INFO:gb28181-restreamer:[SIP] 📦 Limited to parent device + 1 channels (total: 2 items)
[2025-06-12 23:40:18] [INFO] [SIP] 📊 Final WVP-compatible catalog response:
INFO:gb28181-restreamer:[SIP] 📊 Final WVP-compatible catalog response:
[2025-06-12 23:40:18] [INFO] [SIP]   • Message size: 2062 bytes
INFO:gb28181-restreamer:[SIP]   • Message size: 2062 bytes
[2025-06-12 23:40:18] [INFO] [SIP]   • SumNum: 2
INFO:gb28181-restreamer:[SIP]   • SumNum: 2
[2025-06-12 23:40:18] [INFO] [SIP]   • DeviceList Num: 2
INFO:gb28181-restreamer:[SIP]   • DeviceList Num: 2
[2025-06-12 23:40:18] [INFO] [SIP]   • Structure: 1 Parent Device + 1 Channels
INFO:gb28181-restreamer:[SIP]   • Structure: 1 Parent Device + 1 Channels
[2025-06-12 23:40:18] [INFO] [SIP] 📊 UDP TRANSMISSION ANALYSIS (SN: 121618):
INFO:gb28181-restreamer:[SIP] 📊 UDP TRANSMISSION ANALYSIS (SN: 121618):
[2025-06-12 23:40:18] [INFO] [SIP]   • Message type: Catalog
INFO:gb28181-restreamer:[SIP]   • Message type: Catalog
[2025-06-12 23:40:18] [INFO] [SIP]   • Message size: 2494 bytes
INFO:gb28181-restreamer:[SIP]   • Message size: 2494 bytes
[2025-06-12 23:40:18] [INFO] [SIP]   • Target: ai-sip.x-stage.bull-b.com:5060
INFO:gb28181-restreamer:[SIP]   • Target: ai-sip.x-stage.bull-b.com:5060
[2025-06-12 23:40:18] [INFO] [SIP]   • Encoding: UTF-8
INFO:gb28181-restreamer:[SIP]   • Encoding: UTF-8
[2025-06-12 23:40:18] [INFO] [SIP]   • XML <Item> count: 2
INFO:gb28181-restreamer:[SIP]   • XML <Item> count: 2
[2025-06-12 23:40:18] [INFO] [SIP]   • XML SumNum: 2
INFO:gb28181-restreamer:[SIP]   • XML SumNum: 2
[2025-06-12 23:40:18] [INFO] [SIP] ✅ XML integrity verified before transmission
INFO:gb28181-restreamer:[SIP] ✅ XML integrity verified before transmission
[2025-06-12 23:40:18] [WARNING] [SIP] ⚠️ Large UDP packet: 2494 bytes (may fragment)
WARNING:gb28181-restreamer:[SIP] ⚠️ Large UDP packet: 2494 bytes (may fragment)
[2025-06-12 23:40:18] [DEBUG] [SIP] 📨 Message headers:
DEBUG:gb28181-restreamer:[SIP] 📨 Message headers:
[2025-06-12 23:40:18] [DEBUG] [SIP]   1: MESSAGE sip:ai-sip.x-stage.bull-b.com:5060 SIP/2.0
DEBUG:gb28181-restreamer:[SIP]   1: MESSAGE sip:ai-sip.x-stage.bull-b.com:5060 SIP/2.0
[2025-06-12 23:40:18] [DEBUG] [SIP]   2: Via: SIP/2.0/UDP 172.31.7.94:0;rport;branch=z9hG4bK-cat-1749771618
DEBUG:gb28181-restreamer:[SIP]   2: Via: SIP/2.0/UDP 172.31.7.94:0;rport;branch=z9hG4bK-cat-1749771618
[2025-06-12 23:40:18] [DEBUG] [SIP]   3: Max-Forwards: 70
DEBUG:gb28181-restreamer:[SIP]   3: Max-Forwards: 70
[2025-06-12 23:40:18] [DEBUG] [SIP]   4: From: <sip:81000000465001000001@172.31.7.94:0>;tag=cattag1749771618
DEBUG:gb28181-restreamer:[SIP]   4: From: <sip:81000000465001000001@172.31.7.94:0>;tag=cattag1749771618
[2025-06-12 23:40:18] [DEBUG] [SIP]   5: To: <sip:ai-sip.x-stage.bull-b.com:5060>
DEBUG:gb28181-restreamer:[SIP]   5: To: <sip:ai-sip.x-stage.bull-b.com:5060>
[2025-06-12 23:40:18] [DEBUG] [SIP]   6: Call-ID: catalog-proactive-121618-1749771618
DEBUG:gb28181-restreamer:[SIP]   6: Call-ID: catalog-proactive-121618-1749771618
[2025-06-12 23:40:18] [DEBUG] [SIP]   7: CSeq: 6630 MESSAGE
DEBUG:gb28181-restreamer:[SIP]   7: CSeq: 6630 MESSAGE
[2025-06-12 23:40:18] [DEBUG] [SIP]   8: Contact: <sip:172.31.7.94:0>
DEBUG:gb28181-restreamer:[SIP]   8: Contact: <sip:172.31.7.94:0>
[2025-06-12 23:40:18] [DEBUG] [SIP]   9: User-Agent: GB28181-Restreamer/1.0
DEBUG:gb28181-restreamer:[SIP]   9: User-Agent: GB28181-Restreamer/1.0
[2025-06-12 23:40:18] [DEBUG] [SIP]   10: Content-Type: Application/MANSCDP+xml
DEBUG:gb28181-restreamer:[SIP]   10: Content-Type: Application/MANSCDP+xml
[2025-06-12 23:40:18] [DEBUG] [SIP]   ... and 66 more lines
DEBUG:gb28181-restreamer:[SIP]   ... and 66 more lines
[2025-06-12 23:40:18] [INFO] [SIP] 🚀 Sending UDP packet to ai-sip.x-stage.bull-b.com:5060...
INFO:gb28181-restreamer:[SIP] 🚀 Sending UDP packet to ai-sip.x-stage.bull-b.com:5060...
[2025-06-12 23:40:18] [INFO] [SIP] ✅ UDP transmission SUCCESSFUL: 2494/2494 bytes
INFO:gb28181-restreamer:[SIP] ✅ UDP transmission SUCCESSFUL: 2494/2494 bytes
[2025-06-12 23:40:18] [WARNING] [SIP] 📡 Large message sent - WVP platform may need time to reassemble
WARNING:gb28181-restreamer:[SIP] 📡 Large message sent - WVP platform may need time to reassemble
[2025-06-12 23:40:18] [INFO] [SIP] 📤 Catalog response (SN: 121618) delivered successfully
INFO:gb28181-restreamer:[SIP] 📤 Catalog response (SN: 121618) delivered successfully
[2025-06-12 23:40:18] [INFO] [SIP]   • Contains 2 devices
INFO:gb28181-restreamer:[SIP]   • Contains 2 devices
[2025-06-12 23:40:18] [INFO] [SIP]   • Total size: 2494 bytes
INFO:gb28181-restreamer:[SIP]   • Total size: 2494 bytes
[2025-06-12 23:40:18] [INFO] [SIP]   • WVP platform should process this within 30 seconds
INFO:gb28181-restreamer:[SIP]   • WVP platform should process this within 30 seconds
[2025-06-12 23:40:18] [INFO] [SIP] ✅ Proactive catalog notification sent successfully (SN: 121618)
INFO:gb28181-restreamer:[SIP] ✅ Proactive catalog notification sent successfully (SN: 121618)
[2025-06-12 23:40:18] [INFO] [SIP] 📱 WVP frontend should now show 18 available channels
INFO:gb28181-restreamer:[SIP] 📱 WVP frontend should now show 18 available channels
[2025-06-12 23:40:21] [INFO] [STATUS] Active streams: 0
INFO:gb28181-restreamer:[STATUS] Active streams: 0
[2025-06-12 23:40:21] [INFO] [STATUS] Recording scan complete: 14 files cached
INFO:gb28181-restreamer:[STATUS] Recording scan complete: 14 files cached
[2025-06-12 23:40:25] [INFO] [SIP] 📋 Sending periodic catalog notification to maintain frontend visibility
INFO:gb28181-restreamer:[SIP] 📋 Sending periodic catalog notification to maintain frontend visibility
[2025-06-12 23:40:25] [INFO] [SIP] 📋 Sending proactive catalog notification to WVP platform for immediate visibility
INFO:gb28181-restreamer:[SIP] 📋 Sending proactive catalog notification to WVP platform for immediate visibility
[2025-06-12 23:40:25] [INFO] [SIP] Using cached catalog with 18 video channels
INFO:gb28181-restreamer:[SIP] Using cached catalog with 18 video channels
[2025-06-12 23:40:25] [INFO] [SIP] 🏗️ Building WVP-compatible catalog response:
INFO:gb28181-restreamer:[SIP] 🏗️ Building WVP-compatible catalog response:
[2025-06-12 23:40:25] [INFO] [SIP]   • Parent Device: 81000000465001000001 (GB28181-Restreamer)
INFO:gb28181-restreamer:[SIP]   • Parent Device: 81000000465001000001 (GB28181-Restreamer)
[2025-06-12 23:40:25] [INFO] [SIP]   • Child Channels: 18
INFO:gb28181-restreamer:[SIP]   • Child Channels: 18
[2025-06-12 23:40:25] [INFO] [SIP]   • Total Items: 19
INFO:gb28181-restreamer:[SIP]   • Total Items: 19
[2025-06-12 23:40:25] [INFO] [SIP]   • Estimated size: 13530 bytes
INFO:gb28181-restreamer:[SIP]   • Estimated size: 13530 bytes
[2025-06-12 23:40:25] [WARNING] [SIP] ⚠️ Large response (13530 bytes) - limiting channels for UDP safety
WARNING:gb28181-restreamer:[SIP] ⚠️ Large response (13530 bytes) - limiting channels for UDP safety
[2025-06-12 23:40:25] [INFO] [SIP] 📦 Limited to parent device + 1 channels (total: 2 items)
INFO:gb28181-restreamer:[SIP] 📦 Limited to parent device + 1 channels (total: 2 items)
[2025-06-12 23:40:25] [INFO] [SIP] 📊 Final WVP-compatible catalog response:
INFO:gb28181-restreamer:[SIP] 📊 Final WVP-compatible catalog response:
[2025-06-12 23:40:25] [INFO] [SIP]   • Message size: 2062 bytes
INFO:gb28181-restreamer:[SIP]   • Message size: 2062 bytes
[2025-06-12 23:40:25] [INFO] [SIP]   • SumNum: 2
INFO:gb28181-restreamer:[SIP]   • SumNum: 2
[2025-06-12 23:40:25] [INFO] [SIP]   • DeviceList Num: 2
INFO:gb28181-restreamer:[SIP]   • DeviceList Num: 2
[2025-06-12 23:40:25] [INFO] [SIP]   • Structure: 1 Parent Device + 1 Channels
INFO:gb28181-restreamer:[SIP]   • Structure: 1 Parent Device + 1 Channels
[2025-06-12 23:40:25] [INFO] [SIP] 📊 UDP TRANSMISSION ANALYSIS (SN: 121625):
INFO:gb28181-restreamer:[SIP] 📊 UDP TRANSMISSION ANALYSIS (SN: 121625):
[2025-06-12 23:40:25] [INFO] [SIP]   • Message type: Catalog
INFO:gb28181-restreamer:[SIP]   • Message type: Catalog
[2025-06-12 23:40:25] [INFO] [SIP]   • Message size: 2494 bytes
INFO:gb28181-restreamer:[SIP]   • Message size: 2494 bytes
[2025-06-12 23:40:25] [INFO] [SIP]   • Target: ai-sip.x-stage.bull-b.com:5060
INFO:gb28181-restreamer:[SIP]   • Target: ai-sip.x-stage.bull-b.com:5060
[2025-06-12 23:40:25] [INFO] [SIP]   • Encoding: UTF-8
INFO:gb28181-restreamer:[SIP]   • Encoding: UTF-8
[2025-06-12 23:40:25] [INFO] [SIP]   • XML <Item> count: 2
INFO:gb28181-restreamer:[SIP]   • XML <Item> count: 2
[2025-06-12 23:40:25] [INFO] [SIP]   • XML SumNum: 2
INFO:gb28181-restreamer:[SIP]   • XML SumNum: 2
[2025-06-12 23:40:25] [INFO] [SIP] ✅ XML integrity verified before transmission
INFO:gb28181-restreamer:[SIP] ✅ XML integrity verified before transmission
[2025-06-12 23:40:25] [WARNING] [SIP] ⚠️ Large UDP packet: 2494 bytes (may fragment)
WARNING:gb28181-restreamer:[SIP] ⚠️ Large UDP packet: 2494 bytes (may fragment)
[2025-06-12 23:40:25] [DEBUG] [SIP] 📨 Message headers:
DEBUG:gb28181-restreamer:[SIP] 📨 Message headers:
[2025-06-12 23:40:25] [DEBUG] [SIP]   1: MESSAGE sip:ai-sip.x-stage.bull-b.com:5060 SIP/2.0
DEBUG:gb28181-restreamer:[SIP]   1: MESSAGE sip:ai-sip.x-stage.bull-b.com:5060 SIP/2.0
[2025-06-12 23:40:25] [DEBUG] [SIP]   2: Via: SIP/2.0/UDP 172.31.7.94:0;rport;branch=z9hG4bK-cat-1749771625
DEBUG:gb28181-restreamer:[SIP]   2: Via: SIP/2.0/UDP 172.31.7.94:0;rport;branch=z9hG4bK-cat-1749771625
[2025-06-12 23:40:25] [DEBUG] [SIP]   3: Max-Forwards: 70
DEBUG:gb28181-restreamer:[SIP]   3: Max-Forwards: 70
[2025-06-12 23:40:25] [DEBUG] [SIP]   4: From: <sip:81000000465001000001@172.31.7.94:0>;tag=cattag1749771625
DEBUG:gb28181-restreamer:[SIP]   4: From: <sip:81000000465001000001@172.31.7.94:0>;tag=cattag1749771625
[2025-06-12 23:40:25] [DEBUG] [SIP]   5: To: <sip:ai-sip.x-stage.bull-b.com:5060>
DEBUG:gb28181-restreamer:[SIP]   5: To: <sip:ai-sip.x-stage.bull-b.com:5060>
[2025-06-12 23:40:25] [DEBUG] [SIP]   6: Call-ID: catalog-proactive-121625-1749771625
DEBUG:gb28181-restreamer:[SIP]   6: Call-ID: catalog-proactive-121625-1749771625
[2025-06-12 23:40:25] [DEBUG] [SIP]   7: CSeq: 6637 MESSAGE
DEBUG:gb28181-restreamer:[SIP]   7: CSeq: 6637 MESSAGE
[2025-06-12 23:40:25] [DEBUG] [SIP]   8: Contact: <sip:172.31.7.94:0>
DEBUG:gb28181-restreamer:[SIP]   8: Contact: <sip:172.31.7.94:0>
[2025-06-12 23:40:25] [DEBUG] [SIP]   9: User-Agent: GB28181-Restreamer/1.0
DEBUG:gb28181-restreamer:[SIP]   9: User-Agent: GB28181-Restreamer/1.0
[2025-06-12 23:40:25] [DEBUG] [SIP]   10: Content-Type: Application/MANSCDP+xml
DEBUG:gb28181-restreamer:[SIP]   10: Content-Type: Application/MANSCDP+xml
[2025-06-12 23:40:25] [DEBUG] [SIP]   ... and 66 more lines
DEBUG:gb28181-restreamer:[SIP]   ... and 66 more lines
[2025-06-12 23:40:25] [INFO] [SIP] 🚀 Sending UDP packet to ai-sip.x-stage.bull-b.com:5060...
INFO:gb28181-restreamer:[SIP] 🚀 Sending UDP packet to ai-sip.x-stage.bull-b.com:5060...
[2025-06-12 23:40:25] [INFO] [SIP] ✅ UDP transmission SUCCESSFUL: 2494/2494 bytes
INFO:gb28181-restreamer:[SIP] ✅ UDP transmission SUCCESSFUL: 2494/2494 bytes
[2025-06-12 23:40:25] [WARNING] [SIP] 📡 Large message sent - WVP platform may need time to reassemble
WARNING:gb28181-restreamer:[SIP] 📡 Large message sent - WVP platform may need time to reassemble
[2025-06-12 23:40:25] [INFO] [SIP] 📤 Catalog response (SN: 121625) delivered successfully
INFO:gb28181-restreamer:[SIP] 📤 Catalog response (SN: 121625) delivered successfully
[2025-06-12 23:40:25] [INFO] [SIP]   • Contains 2 devices
INFO:gb28181-restreamer:[SIP]   • Contains 2 devices
[2025-06-12 23:40:25] [INFO] [SIP]   • Total size: 2494 bytes
INFO:gb28181-restreamer:[SIP]   • Total size: 2494 bytes
[2025-06-12 23:40:25] [INFO] [SIP]   • WVP platform should process this within 30 seconds
INFO:gb28181-restreamer:[SIP]   • WVP platform should process this within 30 seconds
[2025-06-12 23:40:25] [INFO] [SIP] ✅ Proactive catalog notification sent successfully (SN: 121625)
INFO:gb28181-restreamer:[SIP] ✅ Proactive catalog notification sent successfully (SN: 121625)
[2025-06-12 23:40:25] [INFO] [SIP] 📱 WVP frontend should now show 18 available channels
INFO:gb28181-restreamer:[SIP] 📱 WVP frontend should now show 18 available channels
[2025-06-12 23:40:25] [INFO] [SIP] ✅ Periodic catalog notification sent successfully
INFO:gb28181-restreamer:[SIP] ✅ Periodic catalog notification sent successfully
[2025-06-12 23:40:30] [INFO] [SIP] 💓 Sending scheduled heartbeat to WVP platform
INFO:gb28181-restreamer:[SIP] 💓 Sending scheduled heartbeat to WVP platform
[2025-06-12 23:40:30] [INFO] [SIP] 💓 Sending WVP-compatible keepalive (SN: 71630) to prevent heartbeat timeout
INFO:gb28181-restreamer:[SIP] 💓 Sending WVP-compatible keepalive (SN: 71630) to prevent heartbeat timeout
[2025-06-12 23:40:30] [INFO] [SIP] 📊 UDP TRANSMISSION ANALYSIS (SN: 71630):
INFO:gb28181-restreamer:[SIP] 📊 UDP TRANSMISSION ANALYSIS (SN: 71630):
[2025-06-12 23:40:30] [INFO] [SIP]   • Message type: Keepalive
INFO:gb28181-restreamer:[SIP]   • Message type: Keepalive
[2025-06-12 23:40:30] [INFO] [SIP]   • Message size: 674 bytes
INFO:gb28181-restreamer:[SIP]   • Message size: 674 bytes
[2025-06-12 23:40:30] [INFO] [SIP]   • Target: ai-sip.x-stage.bull-b.com:5060
INFO:gb28181-restreamer:[SIP]   • Target: ai-sip.x-stage.bull-b.com:5060
[2025-06-12 23:40:30] [INFO] [SIP]   • Encoding: UTF-8
INFO:gb28181-restreamer:[SIP]   • Encoding: UTF-8
[2025-06-12 23:40:30] [DEBUG] [SIP] 📨 Message headers:
DEBUG:gb28181-restreamer:[SIP] 📨 Message headers:
[2025-06-12 23:40:30] [DEBUG] [SIP]   1: MESSAGE sip:ai-sip.x-stage.bull-b.com:5060 SIP/2.0
DEBUG:gb28181-restreamer:[SIP]   1: MESSAGE sip:ai-sip.x-stage.bull-b.com:5060 SIP/2.0
[2025-06-12 23:40:30] [DEBUG] [SIP]   2: Via: SIP/2.0/UDP 172.31.7.94:0;rport;branch=z9hG4bK-ka-1749771630
DEBUG:gb28181-restreamer:[SIP]   2: Via: SIP/2.0/UDP 172.31.7.94:0;rport;branch=z9hG4bK-ka-1749771630
[2025-06-12 23:40:30] [DEBUG] [SIP]   3: Max-Forwards: 70
DEBUG:gb28181-restreamer:[SIP]   3: Max-Forwards: 70
[2025-06-12 23:40:30] [DEBUG] [SIP]   4: From: <sip:81000000465001000001@172.31.7.94:0>;tag=katag1749771630
DEBUG:gb28181-restreamer:[SIP]   4: From: <sip:81000000465001000001@172.31.7.94:0>;tag=katag1749771630
[2025-06-12 23:40:30] [DEBUG] [SIP]   5: To: <sip:ai-sip.x-stage.bull-b.com:5060>
DEBUG:gb28181-restreamer:[SIP]   5: To: <sip:ai-sip.x-stage.bull-b.com:5060>
[2025-06-12 23:40:30] [DEBUG] [SIP]   6: Call-ID: keepalive-71630-1749771630
DEBUG:gb28181-restreamer:[SIP]   6: Call-ID: keepalive-71630-1749771630
[2025-06-12 23:40:30] [DEBUG] [SIP]   7: CSeq: 3637 MESSAGE
DEBUG:gb28181-restreamer:[SIP]   7: CSeq: 3637 MESSAGE
[2025-06-12 23:40:30] [DEBUG] [SIP]   8: Contact: <sip:172.31.7.94:0>
DEBUG:gb28181-restreamer:[SIP]   8: Contact: <sip:172.31.7.94:0>
[2025-06-12 23:40:30] [DEBUG] [SIP]   9: User-Agent: GB28181-Restreamer/1.0
DEBUG:gb28181-restreamer:[SIP]   9: User-Agent: GB28181-Restreamer/1.0
[2025-06-12 23:40:30] [DEBUG] [SIP]   10: Content-Type: Application/MANSCDP+xml
DEBUG:gb28181-restreamer:[SIP]   10: Content-Type: Application/MANSCDP+xml
[2025-06-12 23:40:30] [DEBUG] [SIP]   ... and 13 more lines
DEBUG:gb28181-restreamer:[SIP]   ... and 13 more lines
[2025-06-12 23:40:30] [INFO] [SIP] 🚀 Sending UDP packet to ai-sip.x-stage.bull-b.com:5060...
INFO:gb28181-restreamer:[SIP] 🚀 Sending UDP packet to ai-sip.x-stage.bull-b.com:5060...
[2025-06-12 23:40:30] [INFO] [SIP] ✅ UDP transmission SUCCESSFUL: 674/674 bytes
INFO:gb28181-restreamer:[SIP] ✅ UDP transmission SUCCESSFUL: 674/674 bytes
[2025-06-12 23:40:30] [INFO] [SIP] 💓 Keepalive message (SN: 71630) delivered successfully
INFO:gb28181-restreamer:[SIP] 💓 Keepalive message (SN: 71630) delivered successfully
[2025-06-12 23:40:30] [INFO] [SIP]   • Device should stay online for next 15-30 seconds
INFO:gb28181-restreamer:[SIP]   • Device should stay online for next 15-30 seconds
[2025-06-12 23:40:30] [INFO] [SIP] ✅ Keepalive sent successfully - device should stay online
INFO:gb28181-restreamer:[SIP] ✅ Keepalive sent successfully - device should stay online
[2025-06-12 23:40:45] [INFO] [SIP] 💓 Sending scheduled heartbeat to WVP platform
INFO:gb28181-restreamer:[SIP] 💓 Sending scheduled heartbeat to WVP platform
[2025-06-12 23:40:45] [INFO] [SIP] 💓 Sending WVP-compatible keepalive (SN: 71645) to prevent heartbeat timeout
INFO:gb28181-restreamer:[SIP] 💓 Sending WVP-compatible keepalive (SN: 71645) to prevent heartbeat timeout
[2025-06-12 23:40:45] [INFO] [SIP] 📊 UDP TRANSMISSION ANALYSIS (SN: 71645):
INFO:gb28181-restreamer:[SIP] 📊 UDP TRANSMISSION ANALYSIS (SN: 71645):
[2025-06-12 23:40:45] [INFO] [SIP]   • Message type: Keepalive
INFO:gb28181-restreamer:[SIP]   • Message type: Keepalive
[2025-06-12 23:40:45] [INFO] [SIP]   • Message size: 674 bytes
INFO:gb28181-restreamer:[SIP]   • Message size: 674 bytes
[2025-06-12 23:40:45] [INFO] [SIP]   • Target: ai-sip.x-stage.bull-b.com:5060
INFO:gb28181-restreamer:[SIP]   • Target: ai-sip.x-stage.bull-b.com:5060
[2025-06-12 23:40:45] [INFO] [SIP]   • Encoding: UTF-8
INFO:gb28181-restreamer:[SIP]   • Encoding: UTF-8
[2025-06-12 23:40:45] [DEBUG] [SIP] 📨 Message headers:
DEBUG:gb28181-restreamer:[SIP] 📨 Message headers:
[2025-06-12 23:40:45] [DEBUG] [SIP]   1: MESSAGE sip:ai-sip.x-stage.bull-b.com:5060 SIP/2.0
DEBUG:gb28181-restreamer:[SIP]   1: MESSAGE sip:ai-sip.x-stage.bull-b.com:5060 SIP/2.0
[2025-06-12 23:40:45] [DEBUG] [SIP]   2: Via: SIP/2.0/UDP 172.31.7.94:0;rport;branch=z9hG4bK-ka-1749771645
DEBUG:gb28181-restreamer:[SIP]   2: Via: SIP/2.0/UDP 172.31.7.94:0;rport;branch=z9hG4bK-ka-1749771645
[2025-06-12 23:40:45] [DEBUG] [SIP]   3: Max-Forwards: 70
DEBUG:gb28181-restreamer:[SIP]   3: Max-Forwards: 70
[2025-06-12 23:40:45] [DEBUG] [SIP]   4: From: <sip:81000000465001000001@172.31.7.94:0>;tag=katag1749771645
DEBUG:gb28181-restreamer:[SIP]   4: From: <sip:81000000465001000001@172.31.7.94:0>;tag=katag1749771645
[2025-06-12 23:40:45] [DEBUG] [SIP]   5: To: <sip:ai-sip.x-stage.bull-b.com:5060>
DEBUG:gb28181-restreamer:[SIP]   5: To: <sip:ai-sip.x-stage.bull-b.com:5060>
[2025-06-12 23:40:45] [DEBUG] [SIP]   6: Call-ID: keepalive-71645-1749771645
DEBUG:gb28181-restreamer:[SIP]   6: Call-ID: keepalive-71645-1749771645
[2025-06-12 23:40:45] [DEBUG] [SIP]   7: CSeq: 3652 MESSAGE
DEBUG:gb28181-restreamer:[SIP]   7: CSeq: 3652 MESSAGE
[2025-06-12 23:40:45] [DEBUG] [SIP]   8: Contact: <sip:172.31.7.94:0>
DEBUG:gb28181-restreamer:[SIP]   8: Contact: <sip:172.31.7.94:0>
[2025-06-12 23:40:45] [DEBUG] [SIP]   9: User-Agent: GB28181-Restreamer/1.0
DEBUG:gb28181-restreamer:[SIP]   9: User-Agent: GB28181-Restreamer/1.0
[2025-06-12 23:40:45] [DEBUG] [SIP]   10: Content-Type: Application/MANSCDP+xml
DEBUG:gb28181-restreamer:[SIP]   10: Content-Type: Application/MANSCDP+xml
[2025-06-12 23:40:45] [DEBUG] [SIP]   ... and 13 more lines
DEBUG:gb28181-restreamer:[SIP]   ... and 13 more lines
[2025-06-12 23:40:45] [INFO] [SIP] 🚀 Sending UDP packet to ai-sip.x-stage.bull-b.com:5060...
INFO:gb28181-restreamer:[SIP] 🚀 Sending UDP packet to ai-sip.x-stage.bull-b.com:5060...
[2025-06-12 23:40:45] [INFO] [SIP] ✅ UDP transmission SUCCESSFUL: 674/674 bytes
INFO:gb28181-restreamer:[SIP] ✅ UDP transmission SUCCESSFUL: 674/674 bytes
[2025-06-12 23:40:45] [INFO] [SIP] 💓 Keepalive message (SN: 71645) delivered successfully
INFO:gb28181-restreamer:[SIP] 💓 Keepalive message (SN: 71645) delivered successfully
[2025-06-12 23:40:45] [INFO] [SIP]   • Device should stay online for next 15-30 seconds
INFO:gb28181-restreamer:[SIP]   • Device should stay online for next 15-30 seconds
[2025-06-12 23:40:45] [INFO] [SIP] ✅ Keepalive sent successfully - device should stay online
INFO:gb28181-restreamer:[SIP] ✅ Keepalive sent successfully - device should stay online
[2025-06-12 23:41:00] [INFO] [SIP] 💓 Sending scheduled heartbeat to WVP platform
INFO:gb28181-restreamer:[SIP] 💓 Sending scheduled heartbeat to WVP platform
[2025-06-12 23:41:00] [INFO] [SIP] 💓 Sending WVP-compatible keepalive (SN: 71660) to prevent heartbeat timeout
INFO:gb28181-restreamer:[SIP] 💓 Sending WVP-compatible keepalive (SN: 71660) to prevent heartbeat timeout
[2025-06-12 23:41:00] [INFO] [SIP] 📊 UDP TRANSMISSION ANALYSIS (SN: 71660):
INFO:gb28181-restreamer:[SIP] 📊 UDP TRANSMISSION ANALYSIS (SN: 71660):
[2025-06-12 23:41:00] [INFO] [SIP]   • Message type: Keepalive
INFO:gb28181-restreamer:[SIP]   • Message type: Keepalive
[2025-06-12 23:41:00] [INFO] [SIP]   • Message size: 674 bytes
INFO:gb28181-restreamer:[SIP]   • Message size: 674 bytes
[2025-06-12 23:41:00] [INFO] [SIP]   • Target: ai-sip.x-stage.bull-b.com:5060
INFO:gb28181-restreamer:[SIP]   • Target: ai-sip.x-stage.bull-b.com:5060
[2025-06-12 23:41:00] [INFO] [SIP]   • Encoding: UTF-8
INFO:gb28181-restreamer:[SIP]   • Encoding: UTF-8
[2025-06-12 23:41:00] [DEBUG] [SIP] 📨 Message headers:
DEBUG:gb28181-restreamer:[SIP] 📨 Message headers:
[2025-06-12 23:41:00] [DEBUG] [SIP]   1: MESSAGE sip:ai-sip.x-stage.bull-b.com:5060 SIP/2.0
DEBUG:gb28181-restreamer:[SIP]   1: MESSAGE sip:ai-sip.x-stage.bull-b.com:5060 SIP/2.0
[2025-06-12 23:41:00] [DEBUG] [SIP]   2: Via: SIP/2.0/UDP 172.31.7.94:0;rport;branch=z9hG4bK-ka-1749771660
DEBUG:gb28181-restreamer:[SIP]   2: Via: SIP/2.0/UDP 172.31.7.94:0;rport;branch=z9hG4bK-ka-1749771660
[2025-06-12 23:41:00] [DEBUG] [SIP]   3: Max-Forwards: 70
DEBUG:gb28181-restreamer:[SIP]   3: Max-Forwards: 70
[2025-06-12 23:41:00] [DEBUG] [SIP]   4: From: <sip:81000000465001000001@172.31.7.94:0>;tag=katag1749771660
DEBUG:gb28181-restreamer:[SIP]   4: From: <sip:81000000465001000001@172.31.7.94:0>;tag=katag1749771660
[2025-06-12 23:41:00] [DEBUG] [SIP]   5: To: <sip:ai-sip.x-stage.bull-b.com:5060>
DEBUG:gb28181-restreamer:[SIP]   5: To: <sip:ai-sip.x-stage.bull-b.com:5060>
[2025-06-12 23:41:00] [DEBUG] [SIP]   6: Call-ID: keepalive-71660-1749771660
DEBUG:gb28181-restreamer:[SIP]   6: Call-ID: keepalive-71660-1749771660
[2025-06-12 23:41:00] [DEBUG] [SIP]   7: CSeq: 3667 MESSAGE
DEBUG:gb28181-restreamer:[SIP]   7: CSeq: 3667 MESSAGE
[2025-06-12 23:41:00] [DEBUG] [SIP]   8: Contact: <sip:172.31.7.94:0>
DEBUG:gb28181-restreamer:[SIP]   8: Contact: <sip:172.31.7.94:0>
[2025-06-12 23:41:00] [DEBUG] [SIP]   9: User-Agent: GB28181-Restreamer/1.0
DEBUG:gb28181-restreamer:[SIP]   9: User-Agent: GB28181-Restreamer/1.0
[2025-06-12 23:41:00] [DEBUG] [SIP]   10: Content-Type: Application/MANSCDP+xml
DEBUG:gb28181-restreamer:[SIP]   10: Content-Type: Application/MANSCDP+xml
[2025-06-12 23:41:00] [DEBUG] [SIP]   ... and 13 more lines
DEBUG:gb28181-restreamer:[SIP]   ... and 13 more lines
[2025-06-12 23:41:00] [INFO] [SIP] 🚀 Sending UDP packet to ai-sip.x-stage.bull-b.com:5060...
INFO:gb28181-restreamer:[SIP] 🚀 Sending UDP packet to ai-sip.x-stage.bull-b.com:5060...
[2025-06-12 23:41:00] [INFO] [SIP] ✅ UDP transmission SUCCESSFUL: 674/674 bytes
INFO:gb28181-restreamer:[SIP] ✅ UDP transmission SUCCESSFUL: 674/674 bytes
[2025-06-12 23:41:00] [INFO] [SIP] 💓 Keepalive message (SN: 71660) delivered successfully
INFO:gb28181-restreamer:[SIP] 💓 Keepalive message (SN: 71660) delivered successfully
[2025-06-12 23:41:00] [INFO] [SIP]   • Device should stay online for next 15-30 seconds
INFO:gb28181-restreamer:[SIP]   • Device should stay online for next 15-30 seconds
[2025-06-12 23:41:00] [INFO] [SIP] ✅ Keepalive sent successfully - device should stay online
INFO:gb28181-restreamer:[SIP] ✅ Keepalive sent successfully - device should stay online
[2025-06-12 23:41:15] [INFO] [SIP] 💓 Sending scheduled heartbeat to WVP platform
INFO:gb28181-restreamer:[SIP] 💓 Sending scheduled heartbeat to WVP platform
[2025-06-12 23:41:15] [INFO] [SIP] 💓 Sending WVP-compatible keepalive (SN: 71675) to prevent heartbeat timeout
INFO:gb28181-restreamer:[SIP] 💓 Sending WVP-compatible keepalive (SN: 71675) to prevent heartbeat timeout
[2025-06-12 23:41:15] [INFO] [SIP] 📊 UDP TRANSMISSION ANALYSIS (SN: 71675):
INFO:gb28181-restreamer:[SIP] 📊 UDP TRANSMISSION ANALYSIS (SN: 71675):
[2025-06-12 23:41:15] [INFO] [SIP]   • Message type: Keepalive
INFO:gb28181-restreamer:[SIP]   • Message type: Keepalive
[2025-06-12 23:41:15] [INFO] [SIP]   • Message size: 674 bytes
INFO:gb28181-restreamer:[SIP]   • Message size: 674 bytes
[2025-06-12 23:41:15] [INFO] [SIP]   • Target: ai-sip.x-stage.bull-b.com:5060
INFO:gb28181-restreamer:[SIP]   • Target: ai-sip.x-stage.bull-b.com:5060
[2025-06-12 23:41:15] [INFO] [SIP]   • Encoding: UTF-8
INFO:gb28181-restreamer:[SIP]   • Encoding: UTF-8
[2025-06-12 23:41:15] [DEBUG] [SIP] 📨 Message headers:
DEBUG:gb28181-restreamer:[SIP] 📨 Message headers:
[2025-06-12 23:41:15] [DEBUG] [SIP]   1: MESSAGE sip:ai-sip.x-stage.bull-b.com:5060 SIP/2.0
DEBUG:gb28181-restreamer:[SIP]   1: MESSAGE sip:ai-sip.x-stage.bull-b.com:5060 SIP/2.0
[2025-06-12 23:41:15] [DEBUG] [SIP]   2: Via: SIP/2.0/UDP 172.31.7.94:0;rport;branch=z9hG4bK-ka-1749771675
DEBUG:gb28181-restreamer:[SIP]   2: Via: SIP/2.0/UDP 172.31.7.94:0;rport;branch=z9hG4bK-ka-1749771675
[2025-06-12 23:41:15] [DEBUG] [SIP]   3: Max-Forwards: 70
DEBUG:gb28181-restreamer:[SIP]   3: Max-Forwards: 70
[2025-06-12 23:41:15] [DEBUG] [SIP]   4: From: <sip:81000000465001000001@172.31.7.94:0>;tag=katag1749771675
DEBUG:gb28181-restreamer:[SIP]   4: From: <sip:81000000465001000001@172.31.7.94:0>;tag=katag1749771675
[2025-06-12 23:41:15] [DEBUG] [SIP]   5: To: <sip:ai-sip.x-stage.bull-b.com:5060>
DEBUG:gb28181-restreamer:[SIP]   5: To: <sip:ai-sip.x-stage.bull-b.com:5060>
[2025-06-12 23:41:15] [DEBUG] [SIP]   6: Call-ID: keepalive-71675-1749771675
DEBUG:gb28181-restreamer:[SIP]   6: Call-ID: keepalive-71675-1749771675
[2025-06-12 23:41:15] [DEBUG] [SIP]   7: CSeq: 3682 MESSAGE
DEBUG:gb28181-restreamer:[SIP]   7: CSeq: 3682 MESSAGE
[2025-06-12 23:41:15] [DEBUG] [SIP]   8: Contact: <sip:172.31.7.94:0>
DEBUG:gb28181-restreamer:[SIP]   8: Contact: <sip:172.31.7.94:0>
[2025-06-12 23:41:15] [DEBUG] [SIP]   9: User-Agent: GB28181-Restreamer/1.0
DEBUG:gb28181-restreamer:[SIP]   9: User-Agent: GB28181-Restreamer/1.0
[2025-06-12 23:41:15] [DEBUG] [SIP]   10: Content-Type: Application/MANSCDP+xml
DEBUG:gb28181-restreamer:[SIP]   10: Content-Type: Application/MANSCDP+xml
[2025-06-12 23:41:15] [DEBUG] [SIP]   ... and 13 more lines
DEBUG:gb28181-restreamer:[SIP]   ... and 13 more lines
[2025-06-12 23:41:15] [INFO] [SIP] 🚀 Sending UDP packet to ai-sip.x-stage.bull-b.com:5060...
INFO:gb28181-restreamer:[SIP] 🚀 Sending UDP packet to ai-sip.x-stage.bull-b.com:5060...
[2025-06-12 23:41:15] [INFO] [SIP] ✅ UDP transmission SUCCESSFUL: 674/674 bytes
INFO:gb28181-restreamer:[SIP] ✅ UDP transmission SUCCESSFUL: 674/674 bytes
[2025-06-12 23:41:15] [INFO] [SIP] 💓 Keepalive message (SN: 71675) delivered successfully
INFO:gb28181-restreamer:[SIP] 💓 Keepalive message (SN: 71675) delivered successfully
[2025-06-12 23:41:15] [INFO] [SIP]   • Device should stay online for next 15-30 seconds
INFO:gb28181-restreamer:[SIP]   • Device should stay online for next 15-30 seconds
[2025-06-12 23:41:15] [INFO] [SIP] ✅ Keepalive sent successfully - device should stay online
INFO:gb28181-restreamer:[SIP] ✅ Keepalive sent successfully - device should stay online
[2025-06-12 23:41:21] [INFO] [STATUS] Active streams: 0
INFO:gb28181-restreamer:[STATUS] Active streams: 0
[2025-06-12 23:41:21] [INFO] [STATUS] Recording scan complete: 14 files cached
INFO:gb28181-restreamer:[STATUS] Recording scan complete: 14 files cached
[2025-06-12 23:41:25] [INFO] [SIP] 📋 Sending periodic catalog notification to maintain frontend visibility
INFO:gb28181-restreamer:[SIP] 📋 Sending periodic catalog notification to maintain frontend visibility
[2025-06-12 23:41:25] [INFO] [SIP] 📋 Sending proactive catalog notification to WVP platform for immediate visibility
INFO:gb28181-restreamer:[SIP] 📋 Sending proactive catalog notification to WVP platform for immediate visibility
[2025-06-12 23:41:25] [INFO] [SIP] Using cached catalog with 18 video channels
INFO:gb28181-restreamer:[SIP] Using cached catalog with 18 video channels
[2025-06-12 23:41:25] [INFO] [SIP] 🏗️ Building WVP-compatible catalog response:
INFO:gb28181-restreamer:[SIP] 🏗️ Building WVP-compatible catalog response:
[2025-06-12 23:41:25] [INFO] [SIP]   • Parent Device: 81000000465001000001 (GB28181-Restreamer)
INFO:gb28181-restreamer:[SIP]   • Parent Device: 81000000465001000001 (GB28181-Restreamer)
[2025-06-12 23:41:25] [INFO] [SIP]   • Child Channels: 18
INFO:gb28181-restreamer:[SIP]   • Child Channels: 18
[2025-06-12 23:41:25] [INFO] [SIP]   • Total Items: 19
INFO:gb28181-restreamer:[SIP]   • Total Items: 19
[2025-06-12 23:41:25] [INFO] [SIP]   • Estimated size: 13530 bytes
INFO:gb28181-restreamer:[SIP]   • Estimated size: 13530 bytes
[2025-06-12 23:41:25] [WARNING] [SIP] ⚠️ Large response (13530 bytes) - limiting channels for UDP safety
WARNING:gb28181-restreamer:[SIP] ⚠️ Large response (13530 bytes) - limiting channels for UDP safety
[2025-06-12 23:41:25] [INFO] [SIP] 📦 Limited to parent device + 1 channels (total: 2 items)
INFO:gb28181-restreamer:[SIP] 📦 Limited to parent device + 1 channels (total: 2 items)
[2025-06-12 23:41:25] [INFO] [SIP] 📊 Final WVP-compatible catalog response:
INFO:gb28181-restreamer:[SIP] 📊 Final WVP-compatible catalog response:
[2025-06-12 23:41:25] [INFO] [SIP]   • Message size: 2062 bytes
INFO:gb28181-restreamer:[SIP]   • Message size: 2062 bytes
[2025-06-12 23:41:25] [INFO] [SIP]   • SumNum: 2
INFO:gb28181-restreamer:[SIP]   • SumNum: 2
[2025-06-12 23:41:25] [INFO] [SIP]   • DeviceList Num: 2
INFO:gb28181-restreamer:[SIP]   • DeviceList Num: 2
[2025-06-12 23:41:25] [INFO] [SIP]   • Structure: 1 Parent Device + 1 Channels
INFO:gb28181-restreamer:[SIP]   • Structure: 1 Parent Device + 1 Channels
[2025-06-12 23:41:25] [INFO] [SIP] 📊 UDP TRANSMISSION ANALYSIS (SN: 121685):
INFO:gb28181-restreamer:[SIP] 📊 UDP TRANSMISSION ANALYSIS (SN: 121685):
[2025-06-12 23:41:25] [INFO] [SIP]   • Message type: Catalog
INFO:gb28181-restreamer:[SIP]   • Message type: Catalog
[2025-06-12 23:41:25] [INFO] [SIP]   • Message size: 2494 bytes
INFO:gb28181-restreamer:[SIP]   • Message size: 2494 bytes
[2025-06-12 23:41:25] [INFO] [SIP]   • Target: ai-sip.x-stage.bull-b.com:5060
INFO:gb28181-restreamer:[SIP]   • Target: ai-sip.x-stage.bull-b.com:5060
[2025-06-12 23:41:25] [INFO] [SIP]   • Encoding: UTF-8
INFO:gb28181-restreamer:[SIP]   • Encoding: UTF-8
[2025-06-12 23:41:25] [INFO] [SIP]   • XML <Item> count: 2
INFO:gb28181-restreamer:[SIP]   • XML <Item> count: 2
[2025-06-12 23:41:25] [INFO] [SIP]   • XML SumNum: 2
INFO:gb28181-restreamer:[SIP]   • XML SumNum: 2
[2025-06-12 23:41:25] [INFO] [SIP] ✅ XML integrity verified before transmission
INFO:gb28181-restreamer:[SIP] ✅ XML integrity verified before transmission
[2025-06-12 23:41:25] [WARNING] [SIP] ⚠️ Large UDP packet: 2494 bytes (may fragment)
WARNING:gb28181-restreamer:[SIP] ⚠️ Large UDP packet: 2494 bytes (may fragment)
[2025-06-12 23:41:25] [DEBUG] [SIP] 📨 Message headers:
DEBUG:gb28181-restreamer:[SIP] 📨 Message headers:
[2025-06-12 23:41:25] [DEBUG] [SIP]   1: MESSAGE sip:ai-sip.x-stage.bull-b.com:5060 SIP/2.0
DEBUG:gb28181-restreamer:[SIP]   1: MESSAGE sip:ai-sip.x-stage.bull-b.com:5060 SIP/2.0
[2025-06-12 23:41:25] [DEBUG] [SIP]   2: Via: SIP/2.0/UDP 172.31.7.94:0;rport;branch=z9hG4bK-cat-1749771685
DEBUG:gb28181-restreamer:[SIP]   2: Via: SIP/2.0/UDP 172.31.7.94:0;rport;branch=z9hG4bK-cat-1749771685
[2025-06-12 23:41:25] [DEBUG] [SIP]   3: Max-Forwards: 70
DEBUG:gb28181-restreamer:[SIP]   3: Max-Forwards: 70
[2025-06-12 23:41:25] [DEBUG] [SIP]   4: From: <sip:81000000465001000001@172.31.7.94:0>;tag=cattag1749771685
DEBUG:gb28181-restreamer:[SIP]   4: From: <sip:81000000465001000001@172.31.7.94:0>;tag=cattag1749771685
[2025-06-12 23:41:25] [DEBUG] [SIP]   5: To: <sip:ai-sip.x-stage.bull-b.com:5060>
DEBUG:gb28181-restreamer:[SIP]   5: To: <sip:ai-sip.x-stage.bull-b.com:5060>
[2025-06-12 23:41:25] [DEBUG] [SIP]   6: Call-ID: catalog-proactive-121685-1749771685
DEBUG:gb28181-restreamer:[SIP]   6: Call-ID: catalog-proactive-121685-1749771685
[2025-06-12 23:41:25] [DEBUG] [SIP]   7: CSeq: 6697 MESSAGE
DEBUG:gb28181-restreamer:[SIP]   7: CSeq: 6697 MESSAGE
[2025-06-12 23:41:25] [DEBUG] [SIP]   8: Contact: <sip:172.31.7.94:0>
DEBUG:gb28181-restreamer:[SIP]   8: Contact: <sip:172.31.7.94:0>
[2025-06-12 23:41:25] [DEBUG] [SIP]   9: User-Agent: GB28181-Restreamer/1.0
DEBUG:gb28181-restreamer:[SIP]   9: User-Agent: GB28181-Restreamer/1.0
[2025-06-12 23:41:25] [DEBUG] [SIP]   10: Content-Type: Application/MANSCDP+xml
DEBUG:gb28181-restreamer:[SIP]   10: Content-Type: Application/MANSCDP+xml
[2025-06-12 23:41:25] [DEBUG] [SIP]   ... and 66 more lines
DEBUG:gb28181-restreamer:[SIP]   ... and 66 more lines
[2025-06-12 23:41:25] [INFO] [SIP] 🚀 Sending UDP packet to ai-sip.x-stage.bull-b.com:5060...
INFO:gb28181-restreamer:[SIP] 🚀 Sending UDP packet to ai-sip.x-stage.bull-b.com:5060...
[2025-06-12 23:41:25] [INFO] [SIP] ✅ UDP transmission SUCCESSFUL: 2494/2494 bytes
INFO:gb28181-restreamer:[SIP] ✅ UDP transmission SUCCESSFUL: 2494/2494 bytes
[2025-06-12 23:41:25] [WARNING] [SIP] 📡 Large message sent - WVP platform may need time to reassemble
WARNING:gb28181-restreamer:[SIP] 📡 Large message sent - WVP platform may need time to reassemble
[2025-06-12 23:41:25] [INFO] [SIP] 📤 Catalog response (SN: 121685) delivered successfully
INFO:gb28181-restreamer:[SIP] 📤 Catalog response (SN: 121685) delivered successfully
[2025-06-12 23:41:25] [INFO] [SIP]   • Contains 2 devices
INFO:gb28181-restreamer:[SIP]   • Contains 2 devices
[2025-06-12 23:41:25] [INFO] [SIP]   • Total size: 2494 bytes
INFO:gb28181-restreamer:[SIP]   • Total size: 2494 bytes
[2025-06-12 23:41:25] [INFO] [SIP]   • WVP platform should process this within 30 seconds
INFO:gb28181-restreamer:[SIP]   • WVP platform should process this within 30 seconds
[2025-06-12 23:41:25] [INFO] [SIP] ✅ Proactive catalog notification sent successfully (SN: 121685)
INFO:gb28181-restreamer:[SIP] ✅ Proactive catalog notification sent successfully (SN: 121685)
[2025-06-12 23:41:25] [INFO] [SIP] 📱 WVP frontend should now show 18 available channels
INFO:gb28181-restreamer:[SIP] 📱 WVP frontend should now show 18 available channels
[2025-06-12 23:41:25] [INFO] [SIP] ✅ Periodic catalog notification sent successfully
INFO:gb28181-restreamer:[SIP] ✅ Periodic catalog notification sent successfully
[2025-06-12 23:41:30] [INFO] [SIP] 💓 Sending scheduled heartbeat to WVP platform
INFO:gb28181-restreamer:[SIP] 💓 Sending scheduled heartbeat to WVP platform
[2025-06-12 23:41:30] [INFO] [SIP] 💓 Sending WVP-compatible keepalive (SN: 71690) to prevent heartbeat timeout
INFO:gb28181-restreamer:[SIP] 💓 Sending WVP-compatible keepalive (SN: 71690) to prevent heartbeat timeout
[2025-06-12 23:41:30] [INFO] [SIP] 📊 UDP TRANSMISSION ANALYSIS (SN: 71690):
INFO:gb28181-restreamer:[SIP] 📊 UDP TRANSMISSION ANALYSIS (SN: 71690):
[2025-06-12 23:41:30] [INFO] [SIP]   • Message type: Keepalive
INFO:gb28181-restreamer:[SIP]   • Message type: Keepalive
[2025-06-12 23:41:30] [INFO] [SIP]   • Message size: 674 bytes
INFO:gb28181-restreamer:[SIP]   • Message size: 674 bytes
[2025-06-12 23:41:30] [INFO] [SIP]   • Target: ai-sip.x-stage.bull-b.com:5060
INFO:gb28181-restreamer:[SIP]   • Target: ai-sip.x-stage.bull-b.com:5060
[2025-06-12 23:41:30] [INFO] [SIP]   • Encoding: UTF-8
INFO:gb28181-restreamer:[SIP]   • Encoding: UTF-8
[2025-06-12 23:41:30] [DEBUG] [SIP] 📨 Message headers:
DEBUG:gb28181-restreamer:[SIP] 📨 Message headers:
[2025-06-12 23:41:30] [DEBUG] [SIP]   1: MESSAGE sip:ai-sip.x-stage.bull-b.com:5060 SIP/2.0
DEBUG:gb28181-restreamer:[SIP]   1: MESSAGE sip:ai-sip.x-stage.bull-b.com:5060 SIP/2.0
[2025-06-12 23:41:30] [DEBUG] [SIP]   2: Via: SIP/2.0/UDP 172.31.7.94:0;rport;branch=z9hG4bK-ka-1749771690
DEBUG:gb28181-restreamer:[SIP]   2: Via: SIP/2.0/UDP 172.31.7.94:0;rport;branch=z9hG4bK-ka-1749771690
[2025-06-12 23:41:30] [DEBUG] [SIP]   3: Max-Forwards: 70
DEBUG:gb28181-restreamer:[SIP]   3: Max-Forwards: 70
[2025-06-12 23:41:30] [DEBUG] [SIP]   4: From: <sip:81000000465001000001@172.31.7.94:0>;tag=katag1749771690
DEBUG:gb28181-restreamer:[SIP]   4: From: <sip:81000000465001000001@172.31.7.94:0>;tag=katag1749771690
[2025-06-12 23:41:30] [DEBUG] [SIP]   5: To: <sip:ai-sip.x-stage.bull-b.com:5060>
DEBUG:gb28181-restreamer:[SIP]   5: To: <sip:ai-sip.x-stage.bull-b.com:5060>
[2025-06-12 23:41:30] [DEBUG] [SIP]   6: Call-ID: keepalive-71690-1749771690
DEBUG:gb28181-restreamer:[SIP]   6: Call-ID: keepalive-71690-1749771690
[2025-06-12 23:41:30] [DEBUG] [SIP]   7: CSeq: 3697 MESSAGE
DEBUG:gb28181-restreamer:[SIP]   7: CSeq: 3697 MESSAGE
[2025-06-12 23:41:30] [DEBUG] [SIP]   8: Contact: <sip:172.31.7.94:0>
DEBUG:gb28181-restreamer:[SIP]   8: Contact: <sip:172.31.7.94:0>
[2025-06-12 23:41:30] [DEBUG] [SIP]   9: User-Agent: GB28181-Restreamer/1.0
DEBUG:gb28181-restreamer:[SIP]   9: User-Agent: GB28181-Restreamer/1.0
[2025-06-12 23:41:30] [DEBUG] [SIP]   10: Content-Type: Application/MANSCDP+xml
DEBUG:gb28181-restreamer:[SIP]   10: Content-Type: Application/MANSCDP+xml
[2025-06-12 23:41:30] [DEBUG] [SIP]   ... and 13 more lines
DEBUG:gb28181-restreamer:[SIP]   ... and 13 more lines
[2025-06-12 23:41:30] [INFO] [SIP] 🚀 Sending UDP packet to ai-sip.x-stage.bull-b.com:5060...
INFO:gb28181-restreamer:[SIP] 🚀 Sending UDP packet to ai-sip.x-stage.bull-b.com:5060...
[2025-06-12 23:41:30] [INFO] [SIP] ✅ UDP transmission SUCCESSFUL: 674/674 bytes
INFO:gb28181-restreamer:[SIP] ✅ UDP transmission SUCCESSFUL: 674/674 bytes
[2025-06-12 23:41:30] [WARNING] [SIP] 🔄 Registration approaching expiry in 45s - will renew soon
WARNING:gb28181-restreamer:[SIP] 🔄 Registration approaching expiry in 45s - will renew soon
[2025-06-12 23:41:30] [INFO] [SIP] 💓 Keepalive message (SN: 71690) delivered successfully
INFO:gb28181-restreamer:[SIP] 💓 Keepalive message (SN: 71690) delivered successfully
[2025-06-12 23:41:30] [INFO] [SIP]   • Device should stay online for next 15-30 seconds
INFO:gb28181-restreamer:[SIP]   • Device should stay online for next 15-30 seconds
[2025-06-12 23:41:30] [INFO] [SIP] ✅ Keepalive sent successfully - device should stay online
INFO:gb28181-restreamer:[SIP] ✅ Keepalive sent successfully - device should stay online
[2025-06-12 23:41:31] [WARNING] [SIP] 🔄 Registration approaching expiry in 44s - will renew soon
WARNING:gb28181-restreamer:[SIP] 🔄 Registration approaching expiry in 44s - will renew soon
[2025-06-12 23:41:32] [WARNING] [SIP] 🔄 Registration approaching expiry in 43s - will renew soon
WARNING:gb28181-restreamer:[SIP] 🔄 Registration approaching expiry in 43s - will renew soon
[2025-06-12 23:41:33] [WARNING] [SIP] 🔄 Registration approaching expiry in 42s - will renew soon
WARNING:gb28181-restreamer:[SIP] 🔄 Registration approaching expiry in 42s - will renew soon
[2025-06-12 23:41:34] [WARNING] [SIP] 🔄 Registration approaching expiry in 41s - will renew soon
WARNING:gb28181-restreamer:[SIP] 🔄 Registration approaching expiry in 41s - will renew soon
[2025-06-12 23:41:35] [WARNING] [SIP] 🔄 Registration approaching expiry in 40s - will renew soon
WARNING:gb28181-restreamer:[SIP] 🔄 Registration approaching expiry in 40s - will renew soon
[2025-06-12 23:41:36] [WARNING] [SIP] 🔄 Registration approaching expiry in 39s - will renew soon
WARNING:gb28181-restreamer:[SIP] 🔄 Registration approaching expiry in 39s - will renew soon
[2025-06-12 23:41:37] [WARNING] [SIP] 🔄 Registration approaching expiry in 38s - will renew soon
WARNING:gb28181-restreamer:[SIP] 🔄 Registration approaching expiry in 38s - will renew soon
[2025-06-12 23:41:38] [WARNING] [SIP] 🔄 Registration approaching expiry in 37s - will renew soon
WARNING:gb28181-restreamer:[SIP] 🔄 Registration approaching expiry in 37s - will renew soon
[2025-06-12 23:41:39] [WARNING] [SIP] 🔄 Registration approaching expiry in 36s - will renew soon
WARNING:gb28181-restreamer:[SIP] 🔄 Registration approaching expiry in 36s - will renew soon
[2025-06-12 23:41:40] [WARNING] [SIP] 🔄 Registration approaching expiry in 35s - will renew soon
WARNING:gb28181-restreamer:[SIP] 🔄 Registration approaching expiry in 35s - will renew soon
[2025-06-12 23:41:41] [WARNING] [SIP] 🔄 Registration approaching expiry in 34s - will renew soon
WARNING:gb28181-restreamer:[SIP] 🔄 Registration approaching expiry in 34s - will renew soon
[2025-06-12 23:41:42] [WARNING] [SIP] 🔄 Registration approaching expiry in 33s - will renew soon
WARNING:gb28181-restreamer:[SIP] 🔄 Registration approaching expiry in 33s - will renew soon
[2025-06-12 23:41:43] [WARNING] [SIP] 🔄 Registration approaching expiry in 32s - will renew soon
WARNING:gb28181-restreamer:[SIP] 🔄 Registration approaching expiry in 32s - will renew soon
[2025-06-12 23:41:44] [WARNING] [SIP] 🔄 Registration approaching expiry in 31s - will renew soon
WARNING:gb28181-restreamer:[SIP] 🔄 Registration approaching expiry in 31s - will renew soon
[2025-06-12 23:41:45] [INFO] [SIP] 🔄 Proactive registration renewal for WVP platform - preventing device offline
INFO:gb28181-restreamer:[SIP] 🔄 Proactive registration renewal for WVP platform - preventing device offline
[2025-06-12 23:41:45] [INFO] [SIP] 💓 Sending scheduled heartbeat to WVP platform
INFO:gb28181-restreamer:[SIP] 💓 Sending scheduled heartbeat to WVP platform
[2025-06-12 23:41:45] [INFO] [SIP] 💓 Sending WVP-compatible keepalive (SN: 71705) to prevent heartbeat timeout
INFO:gb28181-restreamer:[SIP] 💓 Sending WVP-compatible keepalive (SN: 71705) to prevent heartbeat timeout
[2025-06-12 23:41:45] [INFO] [SIP] 📊 UDP TRANSMISSION ANALYSIS (SN: 71705):
INFO:gb28181-restreamer:[SIP] 📊 UDP TRANSMISSION ANALYSIS (SN: 71705):
[2025-06-12 23:41:45] [INFO] [SIP]   • Message type: Keepalive
INFO:gb28181-restreamer:[SIP]   • Message type: Keepalive
[2025-06-12 23:41:45] [INFO] [SIP]   • Message size: 674 bytes
INFO:gb28181-restreamer:[SIP]   • Message size: 674 bytes
[2025-06-12 23:41:45] [INFO] [SIP]   • Target: ai-sip.x-stage.bull-b.com:5060
INFO:gb28181-restreamer:[SIP]   • Target: ai-sip.x-stage.bull-b.com:5060
[2025-06-12 23:41:45] [INFO] [SIP]   • Encoding: UTF-8
INFO:gb28181-restreamer:[SIP]   • Encoding: UTF-8
[2025-06-12 23:41:45] [DEBUG] [SIP] 📨 Message headers:
DEBUG:gb28181-restreamer:[SIP] 📨 Message headers:
[2025-06-12 23:41:45] [DEBUG] [SIP]   1: MESSAGE sip:ai-sip.x-stage.bull-b.com:5060 SIP/2.0
DEBUG:gb28181-restreamer:[SIP]   1: MESSAGE sip:ai-sip.x-stage.bull-b.com:5060 SIP/2.0
[2025-06-12 23:41:45] [DEBUG] [SIP]   2: Via: SIP/2.0/UDP 172.31.7.94:0;rport;branch=z9hG4bK-ka-1749771705
DEBUG:gb28181-restreamer:[SIP]   2: Via: SIP/2.0/UDP 172.31.7.94:0;rport;branch=z9hG4bK-ka-1749771705
[2025-06-12 23:41:45] [DEBUG] [SIP]   3: Max-Forwards: 70
DEBUG:gb28181-restreamer:[SIP]   3: Max-Forwards: 70
[2025-06-12 23:41:45] [DEBUG] [SIP]   4: From: <sip:81000000465001000001@172.31.7.94:0>;tag=katag1749771705
DEBUG:gb28181-restreamer:[SIP]   4: From: <sip:81000000465001000001@172.31.7.94:0>;tag=katag1749771705
[2025-06-12 23:41:45] [DEBUG] [SIP]   5: To: <sip:ai-sip.x-stage.bull-b.com:5060>
DEBUG:gb28181-restreamer:[SIP]   5: To: <sip:ai-sip.x-stage.bull-b.com:5060>
[2025-06-12 23:41:45] [DEBUG] [SIP]   6: Call-ID: keepalive-71705-1749771705
DEBUG:gb28181-restreamer:[SIP]   6: Call-ID: keepalive-71705-1749771705
[2025-06-12 23:41:45] [DEBUG] [SIP]   7: CSeq: 3712 MESSAGE
DEBUG:gb28181-restreamer:[SIP]   7: CSeq: 3712 MESSAGE
[2025-06-12 23:41:45] [DEBUG] [SIP]   8: Contact: <sip:172.31.7.94:0>
DEBUG:gb28181-restreamer:[SIP]   8: Contact: <sip:172.31.7.94:0>
[2025-06-12 23:41:45] [DEBUG] [SIP]   9: User-Agent: GB28181-Restreamer/1.0
DEBUG:gb28181-restreamer:[SIP]   9: User-Agent: GB28181-Restreamer/1.0
[2025-06-12 23:41:45] [DEBUG] [SIP]   10: Content-Type: Application/MANSCDP+xml
DEBUG:gb28181-restreamer:[SIP]   10: Content-Type: Application/MANSCDP+xml
[2025-06-12 23:41:45] [DEBUG] [SIP]   ... and 13 more lines
DEBUG:gb28181-restreamer:[SIP]   ... and 13 more lines
[2025-06-12 23:41:45] [INFO] [SIP] 🚀 Sending UDP packet to ai-sip.x-stage.bull-b.com:5060...
INFO:gb28181-restreamer:[SIP] 🚀 Sending UDP packet to ai-sip.x-stage.bull-b.com:5060...
[2025-06-12 23:41:45] [INFO] [SIP] ✅ UDP transmission SUCCESSFUL: 674/674 bytes
INFO:gb28181-restreamer:[SIP] ✅ UDP transmission SUCCESSFUL: 674/674 bytes
[2025-06-12 23:41:45] [INFO] [SIP] 💓 Keepalive message (SN: 71705) delivered successfully
INFO:gb28181-restreamer:[SIP] 💓 Keepalive message (SN: 71705) delivered successfully
[2025-06-12 23:41:45] [INFO] [SIP]   • Device should stay online for next 15-30 seconds
INFO:gb28181-restreamer:[SIP]   • Device should stay online for next 15-30 seconds
[2025-06-12 23:41:45] [INFO] [SIP] ✅ Keepalive sent successfully - device should stay online
INFO:gb28181-restreamer:[SIP] ✅ Keepalive sent successfully - device should stay online
[2025-06-12 23:42:00] [INFO] [SIP] 💓 Sending scheduled heartbeat to WVP platform
INFO:gb28181-restreamer:[SIP] 💓 Sending scheduled heartbeat to WVP platform
[2025-06-12 23:42:00] [INFO] [SIP] 💓 Sending WVP-compatible keepalive (SN: 71720) to prevent heartbeat timeout
INFO:gb28181-restreamer:[SIP] 💓 Sending WVP-compatible keepalive (SN: 71720) to prevent heartbeat timeout
[2025-06-12 23:42:00] [INFO] [SIP] 📊 UDP TRANSMISSION ANALYSIS (SN: 71720):
INFO:gb28181-restreamer:[SIP] 📊 UDP TRANSMISSION ANALYSIS (SN: 71720):
[2025-06-12 23:42:00] [INFO] [SIP]   • Message type: Keepalive
INFO:gb28181-restreamer:[SIP]   • Message type: Keepalive
[2025-06-12 23:42:00] [INFO] [SIP]   • Message size: 674 bytes
INFO:gb28181-restreamer:[SIP]   • Message size: 674 bytes
[2025-06-12 23:42:00] [INFO] [SIP]   • Target: ai-sip.x-stage.bull-b.com:5060
INFO:gb28181-restreamer:[SIP]   • Target: ai-sip.x-stage.bull-b.com:5060
[2025-06-12 23:42:00] [INFO] [SIP]   • Encoding: UTF-8
INFO:gb28181-restreamer:[SIP]   • Encoding: UTF-8
[2025-06-12 23:42:00] [DEBUG] [SIP] 📨 Message headers:
DEBUG:gb28181-restreamer:[SIP] 📨 Message headers:
[2025-06-12 23:42:00] [DEBUG] [SIP]   1: MESSAGE sip:ai-sip.x-stage.bull-b.com:5060 SIP/2.0
DEBUG:gb28181-restreamer:[SIP]   1: MESSAGE sip:ai-sip.x-stage.bull-b.com:5060 SIP/2.0
[2025-06-12 23:42:00] [DEBUG] [SIP]   2: Via: SIP/2.0/UDP 172.31.7.94:0;rport;branch=z9hG4bK-ka-1749771720
DEBUG:gb28181-restreamer:[SIP]   2: Via: SIP/2.0/UDP 172.31.7.94:0;rport;branch=z9hG4bK-ka-1749771720
[2025-06-12 23:42:00] [DEBUG] [SIP]   3: Max-Forwards: 70
DEBUG:gb28181-restreamer:[SIP]   3: Max-Forwards: 70
[2025-06-12 23:42:00] [DEBUG] [SIP]   4: From: <sip:81000000465001000001@172.31.7.94:0>;tag=katag1749771720
DEBUG:gb28181-restreamer:[SIP]   4: From: <sip:81000000465001000001@172.31.7.94:0>;tag=katag1749771720
[2025-06-12 23:42:00] [DEBUG] [SIP]   5: To: <sip:ai-sip.x-stage.bull-b.com:5060>
DEBUG:gb28181-restreamer:[SIP]   5: To: <sip:ai-sip.x-stage.bull-b.com:5060>
[2025-06-12 23:42:00] [DEBUG] [SIP]   6: Call-ID: keepalive-71720-1749771720
DEBUG:gb28181-restreamer:[SIP]   6: Call-ID: keepalive-71720-1749771720
[2025-06-12 23:42:00] [DEBUG] [SIP]   7: CSeq: 3727 MESSAGE
DEBUG:gb28181-restreamer:[SIP]   7: CSeq: 3727 MESSAGE
[2025-06-12 23:42:00] [DEBUG] [SIP]   8: Contact: <sip:172.31.7.94:0>
DEBUG:gb28181-restreamer:[SIP]   8: Contact: <sip:172.31.7.94:0>
[2025-06-12 23:42:00] [DEBUG] [SIP]   9: User-Agent: GB28181-Restreamer/1.0
DEBUG:gb28181-restreamer:[SIP]   9: User-Agent: GB28181-Restreamer/1.0
[2025-06-12 23:42:00] [DEBUG] [SIP]   10: Content-Type: Application/MANSCDP+xml
DEBUG:gb28181-restreamer:[SIP]   10: Content-Type: Application/MANSCDP+xml
[2025-06-12 23:42:00] [DEBUG] [SIP]   ... and 13 more lines
DEBUG:gb28181-restreamer:[SIP]   ... and 13 more lines
[2025-06-12 23:42:00] [INFO] [SIP] 🚀 Sending UDP packet to ai-sip.x-stage.bull-b.com:5060...
INFO:gb28181-restreamer:[SIP] 🚀 Sending UDP packet to ai-sip.x-stage.bull-b.com:5060...
[2025-06-12 23:42:00] [INFO] [SIP] ✅ UDP transmission SUCCESSFUL: 674/674 bytes
INFO:gb28181-restreamer:[SIP] ✅ UDP transmission SUCCESSFUL: 674/674 bytes
[2025-06-12 23:42:01] [INFO] [SIP] 💓 Keepalive message (SN: 71720) delivered successfully
INFO:gb28181-restreamer:[SIP] 💓 Keepalive message (SN: 71720) delivered successfully
[2025-06-12 23:42:01] [INFO] [SIP]   • Device should stay online for next 15-30 seconds
INFO:gb28181-restreamer:[SIP]   • Device should stay online for next 15-30 seconds
[2025-06-12 23:42:01] [INFO] [SIP] ✅ Keepalive sent successfully - device should stay online
INFO:gb28181-restreamer:[SIP] ✅ Keepalive sent successfully - device should stay online
[2025-06-12 23:42:16] [INFO] [SIP] 💓 Sending scheduled heartbeat to WVP platform
INFO:gb28181-restreamer:[SIP] 💓 Sending scheduled heartbeat to WVP platform
[2025-06-12 23:42:16] [INFO] [SIP] 💓 Sending WVP-compatible keepalive (SN: 71736) to prevent heartbeat timeout
INFO:gb28181-restreamer:[SIP] 💓 Sending WVP-compatible keepalive (SN: 71736) to prevent heartbeat timeout
[2025-06-12 23:42:16] [INFO] [SIP] 📊 UDP TRANSMISSION ANALYSIS (SN: 71736):
INFO:gb28181-restreamer:[SIP] 📊 UDP TRANSMISSION ANALYSIS (SN: 71736):
[2025-06-12 23:42:16] [INFO] [SIP]   • Message type: Keepalive
INFO:gb28181-restreamer:[SIP]   • Message type: Keepalive
[2025-06-12 23:42:16] [INFO] [SIP]   • Message size: 674 bytes
INFO:gb28181-restreamer:[SIP]   • Message size: 674 bytes
[2025-06-12 23:42:16] [INFO] [SIP]   • Target: ai-sip.x-stage.bull-b.com:5060
INFO:gb28181-restreamer:[SIP]   • Target: ai-sip.x-stage.bull-b.com:5060
[2025-06-12 23:42:16] [INFO] [SIP]   • Encoding: UTF-8
INFO:gb28181-restreamer:[SIP]   • Encoding: UTF-8
[2025-06-12 23:42:16] [DEBUG] [SIP] 📨 Message headers:
DEBUG:gb28181-restreamer:[SIP] 📨 Message headers:
[2025-06-12 23:42:16] [DEBUG] [SIP]   1: MESSAGE sip:ai-sip.x-stage.bull-b.com:5060 SIP/2.0
DEBUG:gb28181-restreamer:[SIP]   1: MESSAGE sip:ai-sip.x-stage.bull-b.com:5060 SIP/2.0
[2025-06-12 23:42:16] [DEBUG] [SIP]   2: Via: SIP/2.0/UDP 172.31.7.94:0;rport;branch=z9hG4bK-ka-1749771736
DEBUG:gb28181-restreamer:[SIP]   2: Via: SIP/2.0/UDP 172.31.7.94:0;rport;branch=z9hG4bK-ka-1749771736
[2025-06-12 23:42:16] [DEBUG] [SIP]   3: Max-Forwards: 70
DEBUG:gb28181-restreamer:[SIP]   3: Max-Forwards: 70
[2025-06-12 23:42:16] [DEBUG] [SIP]   4: From: <sip:81000000465001000001@172.31.7.94:0>;tag=katag1749771736
DEBUG:gb28181-restreamer:[SIP]   4: From: <sip:81000000465001000001@172.31.7.94:0>;tag=katag1749771736
[2025-06-12 23:42:16] [DEBUG] [SIP]   5: To: <sip:ai-sip.x-stage.bull-b.com:5060>
DEBUG:gb28181-restreamer:[SIP]   5: To: <sip:ai-sip.x-stage.bull-b.com:5060>
[2025-06-12 23:42:16] [DEBUG] [SIP]   6: Call-ID: keepalive-71736-1749771736
DEBUG:gb28181-restreamer:[SIP]   6: Call-ID: keepalive-71736-1749771736
[2025-06-12 23:42:16] [DEBUG] [SIP]   7: CSeq: 3743 MESSAGE
DEBUG:gb28181-restreamer:[SIP]   7: CSeq: 3743 MESSAGE
[2025-06-12 23:42:16] [DEBUG] [SIP]   8: Contact: <sip:172.31.7.94:0>
DEBUG:gb28181-restreamer:[SIP]   8: Contact: <sip:172.31.7.94:0>
[2025-06-12 23:42:16] [DEBUG] [SIP]   9: User-Agent: GB28181-Restreamer/1.0
DEBUG:gb28181-restreamer:[SIP]   9: User-Agent: GB28181-Restreamer/1.0
[2025-06-12 23:42:16] [DEBUG] [SIP]   10: Content-Type: Application/MANSCDP+xml
DEBUG:gb28181-restreamer:[SIP]   10: Content-Type: Application/MANSCDP+xml
[2025-06-12 23:42:16] [DEBUG] [SIP]   ... and 13 more lines
DEBUG:gb28181-restreamer:[SIP]   ... and 13 more lines
[2025-06-12 23:42:16] [INFO] [SIP] 🚀 Sending UDP packet to ai-sip.x-stage.bull-b.com:5060...
INFO:gb28181-restreamer:[SIP] 🚀 Sending UDP packet to ai-sip.x-stage.bull-b.com:5060...
[2025-06-12 23:42:16] [INFO] [SIP] ✅ UDP transmission SUCCESSFUL: 674/674 bytes
INFO:gb28181-restreamer:[SIP] ✅ UDP transmission SUCCESSFUL: 674/674 bytes
[2025-06-12 23:42:16] [INFO] [SIP] 💓 Keepalive message (SN: 71736) delivered successfully
INFO:gb28181-restreamer:[SIP] 💓 Keepalive message (SN: 71736) delivered successfully
[2025-06-12 23:42:16] [INFO] [SIP]   • Device should stay online for next 15-30 seconds
INFO:gb28181-restreamer:[SIP]   • Device should stay online for next 15-30 seconds
[2025-06-12 23:42:16] [INFO] [SIP] ✅ Keepalive sent successfully - device should stay online
INFO:gb28181-restreamer:[SIP] ✅ Keepalive sent successfully - device should stay online
