01:07:41.666         sip_endpoint.c !.Module "mod-pjsua-log" registered
01:07:41.666         sip_endpoint.c  .Module "mod-tsx-layer" registered
01:07:41.666         sip_endpoint.c  .Module "mod-stateful-util" registered
01:07:41.666         sip_endpoint.c  .Module "mod-ua" registered
01:07:41.666         sip_endpoint.c  .Module "mod-100rel" registered
01:07:41.666         sip_endpoint.c  .Module "mod-pjsua" registered
01:07:41.666         sip_endpoint.c  .Module "mod-invite" registered
01:07:41.666                  pjlib  ..select() I/O Queue created (0x5dcac236f7f8)
01:07:41.672         sip_endpoint.c  .Module "mod-evsub" registered
01:07:41.672         sip_endpoint.c  .Module "mod-presence" registered
01:07:41.672         sip_endpoint.c  .Module "mod-dlg_even" registered
01:07:41.672         sip_endpoint.c  .Module "mod-mwi" registered
01:07:41.672         sip_endpoint.c  .Module "mod-refer" registered
01:07:41.672         sip_endpoint.c  .Module "mod-pjsua-pres" registered
01:07:41.672         sip_endpoint.c  .Module "mod-pjsua-im" registered
01:07:41.672         sip_endpoint.c  .Module "mod-pjsua-options" registered
01:07:41.672           pjsua_core.c  .4 SIP worker threads created
01:07:41.672           pjsua_core.c  .pjsua version 2.15-dev for Linux-6.8.4.4/x86_64/glibc-2.39 initialized
01:07:41.672           pjsua_core.c  .PJSUA state changed: CREATED --> INIT
01:07:41.672         sip_endpoint.c  Module "mod-default-handler" registered
01:07:41.672           conference.c  .Add port 1 (ringback) queued
01:07:41.672           conference.c  .Add port 2 (ring) queued
01:07:41.673           pjsua_core.c  SIP UDP socket reachable at 172.31.7.94:48307
01:07:41.673      udp0x5dcac23cd790  SIP UDP transport started, published address is 172.31.7.94:48307
01:07:41.673            pjsua_acc.c  Adding account: id=<sip:172.31.7.94:48307>
01:07:41.673            pjsua_acc.c  .Account <sip:172.31.7.94:48307> added with id 0
01:07:41.673            pjsua_acc.c  Modifying account 0
01:07:41.673            pjsua_acc.c  Acc 0: setting online status to 1..
01:07:41.673            pjsua_acc.c  Adding account: id=sip:81000000465001000001@ai-sip.x-stage.bull-b.com
01:07:41.673            pjsua_acc.c  .Account sip:81000000465001000001@ai-sip.x-stage.bull-b.com added with id 1
01:07:41.673            pjsua_acc.c  .Acc 1: setting registration..
01:07:41.673            pjsua_acc.c  ..Contact for acc 1 updated: <sip:81000000465001000001@172.31.7.94:48307;ob>
01:07:41.673           pjsua_core.c  ...TX 647 bytes Request msg REGISTER/cseq=43735 (tdta0x5dcac23d32b0) to UDP 203.142.93.131:5060:
REGISTER sip:ai-sip.x-stage.bull-b.com:5060 SIP/2.0
Via: SIP/2.0/UDP 172.31.7.94:48307;rport;branch=z9hG4bKPjb7e27e43-c965-4699-b8ef-29d1e29f5113
Max-Forwards: 70
From: <sip:81000000465001000001@ai-sip.x-stage.bull-b.com>;tag=1a3e56c3-b1e2-47e1-ab9c-6451d6151bbc
To: <sip:81000000465001000001@ai-sip.x-stage.bull-b.com>
Call-ID: f0d92c5c-b53c-43b1-866d-2da62cfe7f8a
CSeq: 43735 REGISTER
User-Agent: PJSUA/v2.15-dev Linux-6.8.4.4 x86_64 glibc-2.39
Contact: <sip:81000000465001000001@172.31.7.94:48307;ob>
Expires: 120
Allow: PRACK, INVITE, ACK, BYE, CANCEL, UPDATE, INFO, SUBSCRIBE, NOTIFY, REFER, MESSAGE, OPTIONS
Content-Length:  0


--end msg--
01:07:41.673            pjsua_acc.c  ..Acc 1: Registration sent
01:07:41.673            pjsua_acc.c  Acc 1: setting online status to 1..
01:07:41.673            pjsua_aud.c  Setting null sound device..
01:07:41.673            pjsua_app.c  .Turning sound device -99 -99 ON
01:07:41.673            pjsua_aud.c  .Opening null sound device..
01:07:41.674           pjsua_core.c  PJSUA state changed: INIT --> STARTING
01:07:41.674         sip_endpoint.c  .Module "mod-unsolicited-mwi" registered
01:07:41.674           pjsua_core.c  .PJSUA state changed: STARTING --> RUNNING
01:07:41.674                 main.c  Ready: Success
01:07:41.693           conference.c !.Added port 1 (ringback), port count=2
01:07:41.693           conference.c  .Added port 2 (ring), port count=3
01:07:41.940           pjsua_core.c !.RX 530 bytes Response msg 401/REGISTER/cseq=43735 (rdata0x5dcac23cf218) from UDP 203.142.93.131:5060:
SIP/2.0 401 Unauthorized
CSeq: 43735 REGISTER
Call-ID: f0d92c5c-b53c-43b1-866d-2da62cfe7f8a
From: <sip:81000000465001000001@ai-sip.x-stage.bull-b.com>;tag=1a3e56c3-b1e2-47e1-ab9c-6451d6151bbc
To: <sip:81000000465001000001@ai-sip.x-stage.bull-b.com>
Via: SIP/2.0/UDP 172.31.7.94:48307;rport=48307;branch=z9hG4bKPjb7e27e43-c965-4699-b8ef-29d1e29f5113;received=13.50.108.195
WWW-Authenticate: Digest realm="81000000",qop="auth",nonce="4c3ba1861d803bf5579b38d9b876117c",algorithm=MD5
User-Agent: WVP-Pro 
Content-Length: 0


--end msg--
01:07:41.940           pjsua_core.c  ....TX 932 bytes Request msg REGISTER/cseq=43736 (tdta0x5dcac23d32b0) to UDP 203.142.93.131:5060:
REGISTER sip:ai-sip.x-stage.bull-b.com:5060 SIP/2.0
Via: SIP/2.0/UDP 13.50.108.195:48307;rport;branch=z9hG4bKPjeaace274-917b-4a8d-aede-ced296c3acc3
Max-Forwards: 70
From: <sip:81000000465001000001@ai-sip.x-stage.bull-b.com>;tag=1a3e56c3-b1e2-47e1-ab9c-6451d6151bbc
To: <sip:81000000465001000001@ai-sip.x-stage.bull-b.com>
Call-ID: f0d92c5c-b53c-43b1-866d-2da62cfe7f8a
CSeq: 43736 REGISTER
User-Agent: PJSUA/v2.15-dev Linux-6.8.4.4 x86_64 glibc-2.39
Contact: <sip:81000000465001000001@172.31.7.94:48307;ob>
Expires: 120
Allow: PRACK, INVITE, ACK, BYE, CANCEL, UPDATE, INFO, SUBSCRIBE, NOTIFY, REFER, MESSAGE, OPTIONS
Authorization: Digest username="81000000465001000001", realm="81000000", nonce="4c3ba1861d803bf5579b38d9b876117c", uri="sip:ai-sip.x-stage.bull-b.com:5060", response="5f2089ab3557d41adb722caa78905944", algorithm=MD5, cnonce="e904d44eb7db43cfb457c41f913f992f", qop=auth, nc=00000001
Content-Length:  0


--end msg--
01:07:42.155           pjsua_core.c !.RX 516 bytes Response msg 200/REGISTER/cseq=43736 (rdata0x71a340001d78) from UDP 203.142.93.131:5060:
SIP/2.0 200 OK
CSeq: 43736 REGISTER
Call-ID: f0d92c5c-b53c-43b1-866d-2da62cfe7f8a
From: <sip:81000000465001000001@ai-sip.x-stage.bull-b.com>;tag=1a3e56c3-b1e2-47e1-ab9c-6451d6151bbc
To: <sip:81000000465001000001@ai-sip.x-stage.bull-b.com>
Via: SIP/2.0/UDP 13.50.108.195:48307;rport=48307;branch=z9hG4bKPjeaace274-917b-4a8d-aede-ced296c3acc3;received=13.50.108.195
Date: 2025-06-13T09:07:42.034
Contact: <sip:81000000465001000001@172.31.7.94:48307;ob>
Expires: 120
User-Agent: WVP-Pro 
Content-Length: 0


--end msg--
01:07:42.155            pjsua_acc.c  ....SIP outbound status for acc 1 is not active
01:07:42.155            pjsua_acc.c  ....Service-Route updated for acc 1 with 0 URI(s)
01:07:42.155            pjsua_acc.c  ....sip:81000000465001000001@ai-sip.x-stage.bull-b.com: registration success, status=200 (OK), will re-register in 120 seconds
01:07:42.155            pjsua_acc.c  ....Keep-alive timer started for acc 1, destination:203.142.93.131:5060, interval:14s
01:07:42.674            pjsua_aud.c  Closing sound device after idle for 1 second(s)
01:07:42.674            pjsua_app.c  .Turning sound device -99 -99 OFF
01:07:42.674            pjsua_aud.c  .Closing null sound device..
01:07:49.867           pjsua_core.c !.RX 823 bytes Request msg INVITE/cseq=540 (rdata0x71a338000b98) from UDP 203.142.93.131:5060:
INVITE sip:81000000465001000003@13.50.108.195:48307 SIP/2.0
Call-ID: e7116b1e6d835416182f80bc9ec40882@0.0.0.0
CSeq: 540 INVITE
From: <sip:81000000462001888888@81000000>;tag=54bad618d9bb4cbe839d3819dba4f76a
To: <sip:81000000465001000003@13.50.108.195:48307>
Via: SIP/2.0/UDP 0.0.0.0:5060;branch=z9hG4bK7776865045;rport
Max-Forwards: 70
User-Agent: WVP-Pro 
Contact: <sip:81000000462001888888@0.0.0.0:5060>
Subject: 81000000465001000003:0000007896,81000000462001888888:0
Content-Type: APPLICATION/SDP
Content-Length: 290

v=0
o=81000000465001000001 0 0 IN IP4 203.142.93.131
s=Play
c=IN IP4 203.142.93.131
t=0 0
m=video 10000 TCP/RTP/AVP 96 97 98 99
a=recvonly
a=rtpmap:96 PS/90000
a=rtpmap:98 H264/90000
a=rtpmap:97 MPEG4/90000
a=rtpmap:99 H265/90000
a=setup:passive
a=connection:new
y=0000007896

--end msg--
01:07:49.867           pjsua_call.c  .Incoming Request msg INVITE/cseq=540 (rdata0x71a338000b98)
01:07:49.867          pjsua_media.c  ..Call 0: initializing media..
01:07:49.867           pjsua_call.c  ..Error initializing media channel: Not Acceptable Here [status=170488]
01:07:49.867           pjsua_core.c  ....TX 382 bytes Response msg 488/INVITE/cseq=540 (tdta0x71a33c00ca40) to UDP 203.142.93.131:5060:
SIP/2.0 488 Not Acceptable Here
Via: SIP/2.0/UDP 0.0.0.0:5060;rport=5060;received=203.142.93.131;branch=z9hG4bK7776865045
Call-ID: e7116b1e6d835416182f80bc9ec40882@0.0.0.0
From: <sip:81000000462001888888@81000000>;tag=54bad618d9bb4cbe839d3819dba4f76a
To: <sip:81000000465001000003@13.50.108.195>;tag=578d870e-e461-408a-998d-356901999282
CSeq: 540 INVITE
Content-Length:  0


--end msg--
01:07:51.333           conference.c !.Remove port 1 queued
01:07:51.333           conference.c  .Remove port 2 queued
01:07:51.333           pjsua_core.c  Shutting down, flags=0...
01:07:51.333           pjsua_core.c  PJSUA state changed: RUNNING --> CLOSING
01:07:51.342           pjsua_call.c  .Hangup all calls..
01:07:51.342           pjsua_pres.c  .Shutting down presence..
01:07:51.342            pjsua_acc.c  .Acc 1: setting unregistration..
01:07:51.342           pjsua_core.c  ...TX 549 bytes Request msg REGISTER/cseq=43737 (tdta0x5dcac23cf2a0) to UDP 203.142.93.131:5060:
REGISTER sip:ai-sip.x-stage.bull-b.com:5060 SIP/2.0
Via: SIP/2.0/UDP 13.50.108.195:48307;rport;branch=z9hG4bKPj4531ffb6-c926-4bbf-908e-2a7cce572697
Max-Forwards: 70
From: <sip:81000000465001000001@ai-sip.x-stage.bull-b.com>;tag=78c843ae-4e80-41ab-8522-c2aeee255449
To: <sip:81000000465001000001@ai-sip.x-stage.bull-b.com>
Call-ID: f0d92c5c-b53c-43b1-866d-2da62cfe7f8a
CSeq: 43737 REGISTER
User-Agent: PJSUA/v2.15-dev Linux-6.8.4.4 x86_64 glibc-2.39
Contact: <sip:81000000465001000001@172.31.7.94:48307;ob>
Expires: 0
Content-Length:  0


--end msg--
01:07:51.342            pjsua_acc.c  ..Acc 1: Unregistration sent
01:07:51.842           pjsua_core.c  ..TX 549 bytes Request msg REGISTER/cseq=43737 (tdta0x5dcac23cf2a0) to UDP 203.142.93.131:5060:
REGISTER sip:ai-sip.x-stage.bull-b.com:5060 SIP/2.0
Via: SIP/2.0/UDP 13.50.108.195:48307;rport;branch=z9hG4bKPj4531ffb6-c926-4bbf-908e-2a7cce572697
Max-Forwards: 70
From: <sip:81000000465001000001@ai-sip.x-stage.bull-b.com>;tag=78c843ae-4e80-41ab-8522-c2aeee255449
To: <sip:81000000465001000001@ai-sip.x-stage.bull-b.com>
Call-ID: f0d92c5c-b53c-43b1-866d-2da62cfe7f8a
CSeq: 43737 REGISTER
User-Agent: PJSUA/v2.15-dev Linux-6.8.4.4 x86_64 glibc-2.39
Contact: <sip:81000000465001000001@172.31.7.94:48307;ob>
Expires: 0
Content-Length:  0


--end msg--
01:07:52.842           pjsua_core.c  ..TX 549 bytes Request msg REGISTER/cseq=43737 (tdta0x5dcac23cf2a0) to UDP 203.142.93.131:5060:
REGISTER sip:ai-sip.x-stage.bull-b.com:5060 SIP/2.0
Via: SIP/2.0/UDP 13.50.108.195:48307;rport;branch=z9hG4bKPj4531ffb6-c926-4bbf-908e-2a7cce572697
Max-Forwards: 70
From: <sip:81000000465001000001@ai-sip.x-stage.bull-b.com>;tag=78c843ae-4e80-41ab-8522-c2aeee255449
To: <sip:81000000465001000001@ai-sip.x-stage.bull-b.com>
Call-ID: f0d92c5c-b53c-43b1-866d-2da62cfe7f8a
CSeq: 43737 REGISTER
User-Agent: PJSUA/v2.15-dev Linux-6.8.4.4 x86_64 glibc-2.39
Contact: <sip:81000000465001000001@172.31.7.94:48307;ob>
Expires: 0
Content-Length:  0


--end msg--
01:07:53.097           pjsua_core.c  ..RX 532 bytes Response msg 401/REGISTER/cseq=43737 (rdata0x71a33c000b98) from UDP 203.142.93.131:5060:
SIP/2.0 401 Unauthorized
CSeq: 43737 REGISTER
Call-ID: f0d92c5c-b53c-43b1-866d-2da62cfe7f8a
From: <sip:81000000465001000001@ai-sip.x-stage.bull-b.com>;tag=78c843ae-4e80-41ab-8522-c2aeee255449
To: <sip:81000000465001000001@ai-sip.x-stage.bull-b.com>
Via: SIP/2.0/UDP 13.50.108.195:48307;rport=48307;branch=z9hG4bKPj4531ffb6-c926-4bbf-908e-2a7cce572697;received=13.50.108.195
WWW-Authenticate: Digest realm="81000000",qop="auth",nonce="95c32b865ee7dfb61be45c5a8e389538",algorithm=MD5
User-Agent: WVP-Pro 
Content-Length: 0


--end msg--
01:07:53.097           pjsua_core.c  .....TX 832 bytes Request msg REGISTER/cseq=43738 (tdta0x5dcac23cf2a0) to UDP 203.142.93.131:5060:
REGISTER sip:ai-sip.x-stage.bull-b.com:5060 SIP/2.0
Via: SIP/2.0/UDP 13.50.108.195:48307;rport;branch=z9hG4bKPj38058c18-e063-4506-8a8d-c1077b77c693
Max-Forwards: 70
From: <sip:81000000465001000001@ai-sip.x-stage.bull-b.com>;tag=78c843ae-4e80-41ab-8522-c2aeee255449
To: <sip:81000000465001000001@ai-sip.x-stage.bull-b.com>
Call-ID: f0d92c5c-b53c-43b1-866d-2da62cfe7f8a
CSeq: 43738 REGISTER
User-Agent: PJSUA/v2.15-dev Linux-6.8.4.4 x86_64 glibc-2.39
Contact: <sip:81000000465001000001@172.31.7.94:48307;ob>
Expires: 0
Authorization: Digest username="81000000465001000001", realm="81000000", nonce="95c32b865ee7dfb61be45c5a8e389538", uri="sip:ai-sip.x-stage.bull-b.com:5060", response="bb74c4b9bc4c243a00d976b966483b07", algorithm=MD5, cnonce="e904d44eb7db43cfb457c41f913f992f", qop=auth, nc=00000001
Content-Length:  0


--end msg--
01:07:53.310           pjsua_core.c  ..RX 514 bytes Response msg 200/REGISTER/cseq=43738 (rdata0x5dcac23d6938) from UDP 203.142.93.131:5060:
SIP/2.0 200 OK
CSeq: 43738 REGISTER
Call-ID: f0d92c5c-b53c-43b1-866d-2da62cfe7f8a
From: <sip:81000000465001000001@ai-sip.x-stage.bull-b.com>;tag=78c843ae-4e80-41ab-8522-c2aeee255449
To: <sip:81000000465001000001@ai-sip.x-stage.bull-b.com>
Via: SIP/2.0/UDP 13.50.108.195:48307;rport=48307;branch=z9hG4bKPj38058c18-e063-4506-8a8d-c1077b77c693;received=13.50.108.195
Date: 2025-06-13T09:07:53.190
Contact: <sip:81000000465001000001@172.31.7.94:48307;ob>
Expires: 0
User-Agent: WVP-Pro 
Content-Length: 0


--end msg--
01:07:53.310            pjsua_acc.c  .....sip:81000000465001000001@ai-sip.x-stage.bull-b.com: unregistration success
01:07:53.330           pjsua_core.c  .Destroying...
01:07:53.330        sip_transport.c  .Transport udp0x5dcac23cd790 shutting down, force=0
01:07:53.330          pjsua_media.c  .Shutting down media..
01:07:53.333           conference.c  ...Stop any transmission to port 1 (ringback)
01:07:53.333           conference.c  ...Stop any transmission from port 1 (ringback)
01:07:53.333           conference.c  ...Removed port 1 (ringback), port count=2
01:07:53.333           conference.c  ...Stop any transmission to port 2 (ring)
01:07:53.333           conference.c  ...Stop any transmission from port 2 (ring)
01:07:53.333           conference.c  ...Removed port 2 (ring), port count=1
01:07:53.333           conference.c  ...Stop any transmission to port 0 (Master/sound)
01:07:53.333           conference.c  ...Stop any transmission from port 0 (Master/sound)
01:07:53.333           conference.c  ...Removed port 0 (Master/sound), port count=0
01:07:53.333      sip_transaction.c  .Stopping transaction layer module
01:07:53.333      sip_transaction.c  .Stopped transaction layer module
01:07:53.333         sip_endpoint.c  .Module "mod-default-handler" unregistered
01:07:53.333         sip_endpoint.c  .Module "mod-unsolicited-mwi" unregistered
01:07:53.333         sip_endpoint.c  .Module "mod-pjsua-options" unregistered
01:07:53.333         sip_endpoint.c  .Module "mod-pjsua-im" unregistered
01:07:53.333         sip_endpoint.c  .Module "mod-pjsua-pres" unregistered
01:07:53.333         sip_endpoint.c  .Module "mod-pjsua" unregistered
01:07:53.333         sip_endpoint.c  .Module "mod-stateful-util" unregistered
01:07:53.333         sip_endpoint.c  .Module "mod-refer" unregistered
01:07:53.333         sip_endpoint.c  .Module "mod-mwi" unregistered
01:07:53.333         sip_endpoint.c  .Module "mod-dlg_even" unregistered
01:07:53.333         sip_endpoint.c  .Module "mod-presence" unregistered
01:07:53.333         sip_endpoint.c  .Module "mod-evsub" unregistered
01:07:53.333         sip_endpoint.c  .Module "mod-invite" unregistered
01:07:53.333         sip_endpoint.c  .Module "mod-100rel" unregistered
01:07:53.333         sip_endpoint.c  .Module "mod-ua" unregistered
01:07:53.333      sip_transaction.c  .Transaction layer module destroyed
01:07:53.333         sip_endpoint.c  .Module "mod-tsx-layer" unregistered
01:07:53.333         sip_endpoint.c  .Module "mod-msg-print" unregistered
01:07:53.333         sip_endpoint.c  .Module "mod-pjsua-log" unregistered
01:07:53.334      udp0x5dcac23cd790  .SIP UDP transport destroyed
01:07:53.334                timer.c  .Dumping timer heap:
01:07:53.334                timer.c  .  Cur size: 0 entries, max: 3070
01:07:53.334         sip_endpoint.c  .Endpoint 0x5dcac2355da0 destroyed
01:07:53.334           pjsua_core.c  .PJSUA state changed: CLOSING --> NULL
01:07:53.334           pjsua_core.c  .PJSUA destroyed...
