[2025-06-13 00:30:47] [INFO] [BOOT] Starting GB28181 Restreamer...
INFO:gb28181-restreamer:[BOOT] Starting GB28181 Restreamer...
[2025-06-13 00:30:47] [INFO] [CONFIG] Loaded configuration successfully.
INFO:gb28181-restreamer:[CONFIG] Loaded configuration successfully.
[2025-06-13 00:30:47] [INFO] [CATALOG] Performing quick video scan (full scan will happen in background)...
INFO:gb28181-restreamer:[CATALOG] Performing quick video scan (full scan will happen in background)...
[2025-06-13 00:30:47] [INFO] [CATALOG] Quick scan found 9 sample video files
INFO:gb28181-restreamer:[CATALOG] Quick scan found 9 sample video files
[2025-06-13 00:30:47] [INFO]   • 00-10-10.mp4
INFO:gb28181-restreamer:  • 00-10-10.mp4
[2025-06-13 00:30:47] [INFO]   • 14-32-14.mp4
INFO:gb28181-restreamer:  • 14-32-14.mp4
[2025-06-13 00:30:47] [INFO]   • 12-30-00.mp4
INFO:gb28181-restreamer:  • 12-30-00.mp4
[2025-06-13 00:30:47] [INFO]   • 01-20-30.mp4
INFO:gb28181-restreamer:  • 01-20-30.mp4
[2025-06-13 00:30:47] [INFO]   • filename_1996.mp4
INFO:gb28181-restreamer:  • filename_1996.mp4
[2025-06-13 00:30:47] [INFO]   ... and 4 more videos
INFO:gb28181-restreamer:  ... and 4 more videos
[2025-06-13 00:30:47] [INFO] [STREAM] Initializing media streamer with frame processing support
INFO:gb28181-restreamer:[STREAM] Initializing media streamer with frame processing support
INFO:media_streamer:[STREAM] GLib main loop started
[2025-06-13 00:30:47] [INFO] [LIVE] LiveStreamHandler initialized
INFO:gb28181-restreamer:[LIVE] LiveStreamHandler initialized
[2025-06-13 00:30:47] [INFO] [LIVE] GLib main loop started
INFO:gb28181-restreamer:[LIVE] GLib main loop started
[2025-06-13 00:30:47] [INFO] [LIVE] Stream monitoring started
INFO:gb28181-restreamer:[LIVE] Stream monitoring started
[2025-06-13 00:30:47] [INFO] [LIVE] LiveStreamHandler started
INFO:gb28181-restreamer:[LIVE] LiveStreamHandler started
[2025-06-13 00:30:47] [INFO] [RTSP] Setting up 6 RTSP sources for live streaming
INFO:gb28181-restreamer:[RTSP] Setting up 6 RTSP sources for live streaming
[2025-06-13 00:30:49] [WARNING] [RTSP] RTSP server at 192.168.1.100:554 is not available, will attempt to start handler anyway
WARNING:gb28181-restreamer:[RTSP] RTSP server at 192.168.1.100:554 is not available, will attempt to start handler anyway
[2025-06-13 00:30:49] [INFO] [RTSP] Preparing RTSP source: Front Door Camera (rtsp://admin:password@192.168.1.100:554/stream1)
INFO:gb28181-restreamer:[RTSP] Preparing RTSP source: Front Door Camera (rtsp://admin:password@192.168.1.100:554/stream1)
[2025-06-13 00:30:51] [WARNING] [RTSP] RTSP server at 192.168.1.101:554 is not available, will attempt to start handler anyway
WARNING:gb28181-restreamer:[RTSP] RTSP server at 192.168.1.101:554 is not available, will attempt to start handler anyway
[2025-06-13 00:30:51] [INFO] [RTSP] Preparing RTSP source: Parking Lot Camera (rtsp://admin:password@192.168.1.101:554/stream1)
INFO:gb28181-restreamer:[RTSP] Preparing RTSP source: Parking Lot Camera (rtsp://admin:password@192.168.1.101:554/stream1)
[2025-06-13 00:30:51] [INFO] [RTSP] Preparing RTSP source: Wowza Test Stream (rtsp://807e9439d5ca.entrypoint.cloud.wowza.com:1935/app-rC94792j/068b9c9a_stream2)
INFO:gb28181-restreamer:[RTSP] Preparing RTSP source: Wowza Test Stream (rtsp://807e9439d5ca.entrypoint.cloud.wowza.com:1935/app-rC94792j/068b9c9a_stream2)
[2025-06-13 00:30:53] [WARNING] [RTSP] RTSP server at 170.93.143.139:554 is not available, will attempt to start handler anyway
WARNING:gb28181-restreamer:[RTSP] RTSP server at 170.93.143.139:554 is not available, will attempt to start handler anyway
[2025-06-13 00:30:53] [INFO] [RTSP] Preparing RTSP source: Highway Camera (rtsp://170.93.143.139/rtplive/470011e600ef003a004ee33696235daa)
INFO:gb28181-restreamer:[RTSP] Preparing RTSP source: Highway Camera (rtsp://170.93.143.139/rtplive/470011e600ef003a004ee33696235daa)
[2025-06-13 00:30:53] [INFO] [RTSP] Skipping disabled RTSP source: Local Test Video
INFO:gb28181-restreamer:[RTSP] Skipping disabled RTSP source: Local Test Video
[2025-06-13 00:30:53] [INFO] [RTSP] Preparing RTSP source: Virtual RTSP Stream (rtsp://localhost:8554/stream)
INFO:gb28181-restreamer:[RTSP] Preparing RTSP source: Virtual RTSP Stream (rtsp://localhost:8554/stream)
[2025-06-13 00:30:53] [INFO] [RTSP] ✅ Live stream handler ready for 6 RTSP sources
INFO:gb28181-restreamer:[RTSP] ✅ Live stream handler ready for 6 RTSP sources
INFO:media_streamer:[STREAM] Registered frame processor: grayscale
INFO:media_streamer:[STREAM] Registered frame processor: edge
INFO:media_streamer:[STREAM] Registered frame processor: blur
INFO:media_streamer:[STREAM] Registered frame processor: text
[2025-06-13 00:30:53] [INFO] [STREAM] Registered frame processors for video manipulation
INFO:gb28181-restreamer:[STREAM] Registered frame processors for video manipulation
[2025-06-13 00:30:53] [INFO] [SIP] Starting SIP client with priority (recording scan will happen in background)...
INFO:gb28181-restreamer:[SIP] Starting SIP client with priority (recording scan will happen in background)...
[2025-06-13 00:30:53] [INFO] [SIP] Determined local IP: 172.31.7.94
INFO:gb28181-restreamer:[SIP] Determined local IP: 172.31.7.94
[2025-06-13 00:30:53] [INFO] [SIP] 🚀 Launching GB28181 SIP client...
INFO:gb28181-restreamer:[SIP] 🚀 Launching GB28181 SIP client...
[2025-06-13 00:30:53] [INFO] [SIP] SIP client started in background thread
INFO:gb28181-restreamer:[SIP] SIP client started in background thread
[2025-06-13 00:30:53] [INFO] [SIP-SENDER] Started GB28181 SIP message sender thread
INFO:gb28181-restreamer:[SIP-SENDER] Started GB28181 SIP message sender thread
[2025-06-13 00:30:53] [INFO] [SIP] 🔧 Generating device catalog (thread-safe)...
INFO:gb28181-restreamer:[SIP] 🔧 Generating device catalog (thread-safe)...
[2025-06-13 00:30:53] [INFO] [SIP] 📁 Using stream directory: /home/ubuntu/rstp/gb28181-restreamer/recordings
INFO:gb28181-restreamer:[SIP] 📁 Using stream directory: /home/ubuntu/rstp/gb28181-restreamer/recordings
[2025-06-13 00:30:53] [INFO] [SIP] 🔍 Scanning videos in: /home/ubuntu/rstp/gb28181-restreamer/recordings
INFO:gb28181-restreamer:[SIP] 🔍 Scanning videos in: /home/ubuntu/rstp/gb28181-restreamer/recordings
[2025-06-13 00:30:53] [INFO] [SCAN] 📁 Scanning directory: /home/ubuntu/rstp/gb28181-restreamer/recordings
INFO:gb28181-restreamer:[SCAN] 📁 Scanning directory: /home/ubuntu/rstp/gb28181-restreamer/recordings
[2025-06-13 00:30:53] [DEBUG] [SCAN] 📂 Scanning subdirectory: /home/ubuntu/rstp/gb28181-restreamer/recordings
DEBUG:gb28181-restreamer:[SCAN] 📂 Scanning subdirectory: /home/ubuntu/rstp/gb28181-restreamer/recordings
[2025-06-13 00:30:53] [DEBUG] [SCAN] 📁 Found 2 subdirectories: ['2025-05-16', '2025-05-15']
DEBUG:gb28181-restreamer:[SCAN] 📁 Found 2 subdirectories: ['2025-05-16', '2025-05-15']
[2025-06-13 00:30:53] [DEBUG] [SCAN] 📄 Found 0 files
DEBUG:gb28181-restreamer:[SCAN] 📄 Found 0 files
[2025-06-13 00:30:53] [DEBUG] [SCAN] 📂 Scanning subdirectory: /home/ubuntu/rstp/gb28181-restreamer/recordings/2025-05-16
DEBUG:gb28181-restreamer:[SCAN] 📂 Scanning subdirectory: /home/ubuntu/rstp/gb28181-restreamer/recordings/2025-05-16
[2025-06-13 00:30:53] [DEBUG] [SCAN] 📁 Found 0 subdirectories: []
DEBUG:gb28181-restreamer:[SCAN] 📁 Found 0 subdirectories: []
[2025-06-13 00:30:53] [DEBUG] [SCAN] 📄 Found 4 files
DEBUG:gb28181-restreamer:[SCAN] 📄 Found 4 files
[2025-06-13 00:30:53] [DEBUG] [SCAN] ✅ Added video file: /home/ubuntu/rstp/gb28181-restreamer/recordings/2025-05-16/00-10-10.mp4
DEBUG:gb28181-restreamer:[SCAN] ✅ Added video file: /home/ubuntu/rstp/gb28181-restreamer/recordings/2025-05-16/00-10-10.mp4
[2025-06-13 00:30:53] [INFO] [SCAN] Found video: 00-10-10.mp4
INFO:gb28181-restreamer:[SCAN] Found video: 00-10-10.mp4
[2025-06-13 00:30:53] [DEBUG] [SCAN] ✅ Added video file: /home/ubuntu/rstp/gb28181-restreamer/recordings/2025-05-16/14-32-14.mp4
DEBUG:gb28181-restreamer:[SCAN] ✅ Added video file: /home/ubuntu/rstp/gb28181-restreamer/recordings/2025-05-16/14-32-14.mp4
[2025-06-13 00:30:53] [INFO] [SCAN] Found video: 14-32-14.mp4
INFO:gb28181-restreamer:[SCAN] Found video: 14-32-14.mp4
[2025-06-13 00:30:53] [DEBUG] [SCAN] ✅ Added video file: /home/ubuntu/rstp/gb28181-restreamer/recordings/2025-05-16/12-30-00.mp4
DEBUG:gb28181-restreamer:[SCAN] ✅ Added video file: /home/ubuntu/rstp/gb28181-restreamer/recordings/2025-05-16/12-30-00.mp4
[2025-06-13 00:30:53] [INFO] [SCAN] Found video: 12-30-00.mp4
INFO:gb28181-restreamer:[SCAN] Found video: 12-30-00.mp4
[2025-06-13 00:30:53] [DEBUG] [SCAN] ✅ Added video file: /home/ubuntu/rstp/gb28181-restreamer/recordings/2025-05-16/01-20-30.mp4
DEBUG:gb28181-restreamer:[SCAN] ✅ Added video file: /home/ubuntu/rstp/gb28181-restreamer/recordings/2025-05-16/01-20-30.mp4
[2025-06-13 00:30:53] [INFO] [SCAN] Found video: 01-20-30.mp4
INFO:gb28181-restreamer:[SCAN] Found video: 01-20-30.mp4
[2025-06-13 00:30:53] [DEBUG] [SCAN] 📂 Scanning subdirectory: /home/ubuntu/rstp/gb28181-restreamer/recordings/2025-05-15
DEBUG:gb28181-restreamer:[SCAN] 📂 Scanning subdirectory: /home/ubuntu/rstp/gb28181-restreamer/recordings/2025-05-15
[2025-06-13 00:30:53] [DEBUG] [SCAN] 📁 Found 0 subdirectories: []
DEBUG:gb28181-restreamer:[SCAN] 📁 Found 0 subdirectories: []
[2025-06-13 00:30:53] [DEBUG] [SCAN] 📄 Found 10 files
DEBUG:gb28181-restreamer:[SCAN] 📄 Found 10 files
[2025-06-13 00:30:53] [DEBUG] [SCAN] ✅ Added video file: /home/ubuntu/rstp/gb28181-restreamer/recordings/2025-05-15/filename_1996.mp4
DEBUG:gb28181-restreamer:[SCAN] ✅ Added video file: /home/ubuntu/rstp/gb28181-restreamer/recordings/2025-05-15/filename_1996.mp4
[2025-06-13 00:30:53] [INFO] [SCAN] Found video: filename_1996.mp4
INFO:gb28181-restreamer:[SCAN] Found video: filename_1996.mp4
[2025-06-13 00:30:53] [DEBUG] [SCAN] ✅ Added video file: /home/ubuntu/rstp/gb28181-restreamer/recordings/2025-05-15/filename_1997.mp4
DEBUG:gb28181-restreamer:[SCAN] ✅ Added video file: /home/ubuntu/rstp/gb28181-restreamer/recordings/2025-05-15/filename_1997.mp4
[2025-06-13 00:30:53] [INFO] [SCAN] Found video: filename_1997.mp4
INFO:gb28181-restreamer:[SCAN] Found video: filename_1997.mp4
[2025-06-13 00:30:53] [DEBUG] [SCAN] ✅ Added video file: /home/ubuntu/rstp/gb28181-restreamer/recordings/2025-05-15/filename_1992.mp4
DEBUG:gb28181-restreamer:[SCAN] ✅ Added video file: /home/ubuntu/rstp/gb28181-restreamer/recordings/2025-05-15/filename_1992.mp4
[2025-06-13 00:30:53] [INFO] [SCAN] Found video: filename_1992.mp4
INFO:gb28181-restreamer:[SCAN] Found video: filename_1992.mp4
[2025-06-13 00:30:53] [DEBUG] [SCAN] ✅ Added video file: /home/ubuntu/rstp/gb28181-restreamer/recordings/2025-05-15/filename_1995.mp4
DEBUG:gb28181-restreamer:[SCAN] ✅ Added video file: /home/ubuntu/rstp/gb28181-restreamer/recordings/2025-05-15/filename_1995.mp4
[2025-06-13 00:30:53] [INFO] [SCAN] Found video: filename_1995.mp4
INFO:gb28181-restreamer:[SCAN] Found video: filename_1995.mp4
[2025-06-13 00:30:53] [DEBUG] [SCAN] ✅ Added video file: /home/ubuntu/rstp/gb28181-restreamer/recordings/2025-05-15/filename_1993.mp4
DEBUG:gb28181-restreamer:[SCAN] ✅ Added video file: /home/ubuntu/rstp/gb28181-restreamer/recordings/2025-05-15/filename_1993.mp4
[2025-06-13 00:30:53] [INFO] [SCAN] Found video: filename_1993.mp4
INFO:gb28181-restreamer:[SCAN] Found video: filename_1993.mp4
[2025-06-13 00:30:53] [DEBUG] [SCAN] ✅ Added video file: /home/ubuntu/rstp/gb28181-restreamer/recordings/2025-05-15/filename_1991.mp4
DEBUG:gb28181-restreamer:[SCAN] ✅ Added video file: /home/ubuntu/rstp/gb28181-restreamer/recordings/2025-05-15/filename_1991.mp4
[2025-06-13 00:30:53] [INFO] [SCAN] Found video: filename_1991.mp4
INFO:gb28181-restreamer:[SCAN] Found video: filename_1991.mp4
[2025-06-13 00:30:53] [DEBUG] [SCAN] ✅ Added video file: /home/ubuntu/rstp/gb28181-restreamer/recordings/2025-05-15/filename_1994.mp4
DEBUG:gb28181-restreamer:[SCAN] ✅ Added video file: /home/ubuntu/rstp/gb28181-restreamer/recordings/2025-05-15/filename_1994.mp4
[2025-06-13 00:30:53] [INFO] [SCAN] ... (limiting log output, found many more videos)
INFO:gb28181-restreamer:[SCAN] ... (limiting log output, found many more videos)
[2025-06-13 00:30:53] [DEBUG] [SCAN] ✅ Added video file: /home/ubuntu/rstp/gb28181-restreamer/recordings/2025-05-15/filename_1998.mp4
DEBUG:gb28181-restreamer:[SCAN] ✅ Added video file: /home/ubuntu/rstp/gb28181-restreamer/recordings/2025-05-15/filename_1998.mp4
[2025-06-13 00:30:53] [DEBUG] [SCAN] ✅ Added video file: /home/ubuntu/rstp/gb28181-restreamer/recordings/2025-05-15/filename_1999.mp4
DEBUG:gb28181-restreamer:[SCAN] ✅ Added video file: /home/ubuntu/rstp/gb28181-restreamer/recordings/2025-05-15/filename_1999.mp4
[2025-06-13 00:30:53] [DEBUG] [SCAN] ✅ Added video file: /home/ubuntu/rstp/gb28181-restreamer/recordings/2025-05-15/filename_2000.mp4
DEBUG:gb28181-restreamer:[SCAN] ✅ Added video file: /home/ubuntu/rstp/gb28181-restreamer/recordings/2025-05-15/filename_2000.mp4
[2025-06-13 00:30:53] [INFO] [SCAN] 📊 Scan complete: Found 14 video files out of 14 total files
INFO:gb28181-restreamer:[SCAN] 📊 Scan complete: Found 14 video files out of 14 total files
[2025-06-13 00:30:53] [INFO] [SIP] ✅ Video scanning complete: Found 14 video files
INFO:gb28181-restreamer:[SIP] ✅ Video scanning complete: Found 14 video files
[2025-06-13 00:30:53] [INFO] [SIP]   Video 1: 00-10-10.mp4
INFO:gb28181-restreamer:[SIP]   Video 1: 00-10-10.mp4
[2025-06-13 00:30:53] [INFO] [SIP]   Video 2: 14-32-14.mp4
INFO:gb28181-restreamer:[SIP]   Video 2: 14-32-14.mp4
[2025-06-13 00:30:53] [INFO] [SIP]   Video 3: 12-30-00.mp4
INFO:gb28181-restreamer:[SIP]   Video 3: 12-30-00.mp4
[2025-06-13 00:30:53] [INFO] [SIP] 📡 Creating channels from 6 RTSP sources
INFO:gb28181-restreamer:[SIP] 📡 Creating channels from 6 RTSP sources
[2025-06-13 00:30:53] [INFO] [SIP] 📺 Creating channels from 14 video files
INFO:gb28181-restreamer:[SIP] 📺 Creating channels from 14 video files
[2025-06-13 00:30:53] [INFO] [SIP] ✅ Generated device catalog with 18 channels
INFO:gb28181-restreamer:[SIP] ✅ Generated device catalog with 18 channels
[2025-06-13 00:30:53] [INFO] [SIP] 📊 Catalog summary:
INFO:gb28181-restreamer:[SIP] 📊 Catalog summary:
[2025-06-13 00:30:53] [INFO] [SIP]   • Total channels: 18
INFO:gb28181-restreamer:[SIP]   • Total channels: 18
[2025-06-13 00:30:53] [INFO] [SIP]   • Video file channels: 19
INFO:gb28181-restreamer:[SIP]   • Video file channels: 19
[2025-06-13 00:30:53] [INFO] [SIP]   • Ready for WVP platform: True
INFO:gb28181-restreamer:[SIP]   • Ready for WVP platform: True
[2025-06-13 00:30:53] [INFO] [SIP]   Channel 1: 81000000465001000001 - Front Door Camera
INFO:gb28181-restreamer:[SIP]   Channel 1: 81000000465001000001 - Front Door Camera
[2025-06-13 00:30:53] [INFO] [SIP]   Channel 2: 81000000465001000002 - Parking Lot Camera
INFO:gb28181-restreamer:[SIP]   Channel 2: 81000000465001000002 - Parking Lot Camera
[2025-06-13 00:30:53] [INFO] [SIP]   Channel 3: 81000000465001000003 - Wowza Test Stream
INFO:gb28181-restreamer:[SIP]   Channel 3: 81000000465001000003 - Wowza Test Stream
[2025-06-13 00:30:53] [INFO] [SIP]   ... and 15 more channels
INFO:gb28181-restreamer:[SIP]   ... and 15 more channels
[2025-06-13 00:30:53] [INFO] [SIP] Using transport: udp
INFO:gb28181-restreamer:[SIP] Using transport: udp
[2025-06-13 00:30:53] [INFO] [SIP] Device ID: 81000000465001000001
INFO:gb28181-restreamer:[SIP] Device ID: 81000000465001000001
[2025-06-13 00:30:53] [INFO] [SIP] Username: 81000000465001000001
INFO:gb28181-restreamer:[SIP] Username: 81000000465001000001
[2025-06-13 00:30:53] [INFO] [SIP] Server: ai-sip.x-stage.bull-b.com
INFO:gb28181-restreamer:[SIP] Server: ai-sip.x-stage.bull-b.com
[2025-06-13 00:30:53] [INFO] [SIP] Proxy: sip:ai-sip.x-stage.bull-b.com:5060
INFO:gb28181-restreamer:[SIP] Proxy: sip:ai-sip.x-stage.bull-b.com:5060
[2025-06-13 00:30:53] [INFO] [SIP] Local port: 0
INFO:gb28181-restreamer:[SIP] Local port: 0
[2025-06-13 00:30:53] [INFO] [SIP] Starting pjsua process (attempt 1/3)
INFO:gb28181-restreamer:[SIP] Starting pjsua process (attempt 1/3)
[2025-06-13 00:30:53] [INFO] [SIP] Started PJSUA process with PID: 3370302
INFO:gb28181-restreamer:[SIP] Started PJSUA process with PID: 3370302
[2025-06-13 00:30:53] [INFO] [SIP] 🔍 Starting PJSUA output monitoring...
INFO:gb28181-restreamer:[SIP] 🔍 Starting PJSUA output monitoring...
00:30:53.435         sip_endpoint.c !.Module "mod-pjsua-log" registered
00:30:53.435         sip_endpoint.c  .Module "mod-tsx-layer" registered
00:30:53.435         sip_endpoint.c  .Module "mod-stateful-util" registered
00:30:53.435         sip_endpoint.c  .Module "mod-ua" registered
00:30:53.435         sip_endpoint.c  .Module "mod-100rel" registered
00:30:53.435         sip_endpoint.c  .Module "mod-pjsua" registered
00:30:53.435         sip_endpoint.c  .Module "mod-invite" registered
00:30:53.435                  pjlib  ..select() I/O Queue created (0x5aad63354898)
00:30:53.442         sip_endpoint.c  .Module "mod-evsub" registered
00:30:53.442         sip_endpoint.c  .Module "mod-presence" registered
00:30:53.442         sip_endpoint.c  .Module "mod-dlg_even" registered
00:30:53.442         sip_endpoint.c  .Module "mod-mwi" registered
00:30:53.442         sip_endpoint.c  .Module "mod-refer" registered
00:30:53.442         sip_endpoint.c  .Module "mod-pjsua-pres" registered
00:30:53.442         sip_endpoint.c  .Module "mod-pjsua-im" registered
00:30:53.442         sip_endpoint.c  .Module "mod-pjsua-options" registered
00:30:53.442           pjsua_core.c  .4 SIP worker threads created
00:30:53.442           pjsua_core.c  .pjsua version 2.15-dev for Linux-6.8.4.4/x86_64/glibc-2.39 initialized
00:30:53.442           pjsua_core.c  .PJSUA state changed: CREATED --> INIT
00:30:53.442         sip_endpoint.c  Module "mod-default-handler" registered
00:30:53.442           conference.c  .Add port 1 (ringback) queued
00:30:53.442           conference.c  .Add port 2 (ring) queued
00:30:53.442           pjsua_core.c  SIP UDP socket reachable at 172.31.7.94:32950
00:30:53.442      udp0x5aad633b2520  SIP UDP transport started, published address is 172.31.7.94:32950
00:30:53.442            pjsua_acc.c  Adding account: id=<sip:172.31.7.94:32950>
00:30:53.443            pjsua_acc.c  .Account <sip:172.31.7.94:32950> added with id 0
00:30:53.443            pjsua_acc.c  Modifying account 0
00:30:53.443            pjsua_acc.c  Acc 0: setting online status to 1..
00:30:53.443            pjsua_acc.c  Adding account: id=sip:81000000465001000001@ai-sip.x-stage.bull-b.com
00:30:53.443            pjsua_acc.c  .Account sip:81000000465001000001@ai-sip.x-stage.bull-b.com added with id 1
00:30:53.443            pjsua_acc.c  .Acc 1: setting registration..
00:30:53.443            pjsua_acc.c  ..Contact for acc 1 updated: <sip:81000000465001000001@172.31.7.94:32950;ob>
00:30:53.443           pjsua_core.c  ...TX 647 bytes Request msg REGISTER/cseq=20116 (tdta0x5aad633b8130) to UDP 203.142.93.131:5060:
[2025-06-13 00:30:53] [DEBUG] [SIP] SIP traffic: 00:30:53.443           pjsua_core.c  ...TX 647 bytes Request msg REGISTER/cseq=20116 (tdta0x5aad633b8130) to UDP 203.142.93.131:5060:
DEBUG:gb28181-restreamer:[SIP] SIP traffic: 00:30:53.443           pjsua_core.c  ...TX 647 bytes Request msg REGISTER/cseq=20116 (tdta0x5aad633b8130) to UDP 203.142.93.131:5060:
REGISTER sip:ai-sip.x-stage.bull-b.com:5060 SIP/2.0
Via: SIP/2.0/UDP 172.31.7.94:32950;rport;branch=z9hG4bKPj4ae97094-64a2-4d4b-8866-152375491f76
Max-Forwards: 70
From: <sip:81000000465001000001@ai-sip.x-stage.bull-b.com>;tag=f5593a4b-7563-44ee-a269-9178b7c86ed0
To: <sip:81000000465001000001@ai-sip.x-stage.bull-b.com>
Call-ID: 86750cf9-7c1e-4ebb-8f9b-8db59600bf2e
CSeq: 20116 REGISTER
User-Agent: PJSUA/v2.15-dev Linux-6.8.4.4 x86_64 glibc-2.39
Contact: <sip:81000000465001000001@172.31.7.94:32950;ob>
Expires: 120
Allow: PRACK, INVITE, ACK, BYE, CANCEL, UPDATE, INFO, SUBSCRIBE, NOTIFY, REFER, MESSAGE, OPTIONS
[2025-06-13 00:30:53] [INFO] [SIP] 🔍 DEBUG: MESSAGE line detected: Allow: PRACK, INVITE, ACK, BYE, CANCEL, UPDATE, INFO, SUBSCRIBE, NOTIFY, REFER, MESSAGE, OPTIONS
INFO:gb28181-restreamer:[SIP] 🔍 DEBUG: MESSAGE line detected: Allow: PRACK, INVITE, ACK, BYE, CANCEL, UPDATE, INFO, SUBSCRIBE, NOTIFY, REFER, MESSAGE, OPTIONS
Content-Length:  0


--end msg--
00:30:53.443            pjsua_acc.c  ..Acc 1: Registration sent
00:30:53.443            pjsua_acc.c  Acc 1: setting online status to 1..
[2025-06-13 00:30:53] [DEBUG] [SIP] Processed 50 lines from PJSUA
DEBUG:gb28181-restreamer:[SIP] Processed 50 lines from PJSUA
00:30:53.443            pjsua_aud.c  Setting null sound device..
00:30:53.443            pjsua_app.c  .Turning sound device -99 -99 ON
[2025-06-13 00:30:53] [DEBUG] [SIP] 🔍 DEBUG: pjsua_app.c line: 00:30:53.443            pjsua_app.c  .Turning sound device -99 -99 ON
DEBUG:gb28181-restreamer:[SIP] 🔍 DEBUG: pjsua_app.c line: 00:30:53.443            pjsua_app.c  .Turning sound device -99 -99 ON
00:30:53.443            pjsua_aud.c  .Opening null sound device..
00:30:53.443           pjsua_core.c  PJSUA state changed: INIT --> STARTING
00:30:53.443         sip_endpoint.c  .Module "mod-unsolicited-mwi" registered
00:30:53.443           pjsua_core.c  .PJSUA state changed: STARTING --> RUNNING
00:30:53.443                 main.c  Ready: Success
>>>>
Account list:
[ 0] <sip:172.31.7.94:32950>: does not register
Online status: Online
*[ 1] sip:81000000465001000001@ai-sip.x-stage.bull-b.com: 100/In Progress (expires=0)
Online status: Online
Buddy list:
-none-

+=============================================================================+
|       Call Commands:         |   Buddy, IM & Presence:  |     Account:      |
|                              |                          |                   |
|  m  Make new call            | +b  Add new buddy        | +a  Add new accnt.|
|  M  Make multiple calls      | -b  Delete buddy         | -a  Delete accnt. |
|  a  Answer call              |  i  Send IM              | !a  Modify accnt. |
|  h  Hangup call  (ha=all)    |  s  Subscribe presence   | rr  (Re-)register |
|  H  Hold call                |  u  Unsubscribe presence | ru  Unregister    |
|  o Toggle call SDP offer     |  D  Subscribe dlg event  |                   |
|                              |  Du Unsub dlg event      |                   |
|  v  re-inVite (release hold) |  t  Toggle online status |  >  Cycle next ac.|
|  U  send UPDATE              |  T  Set online status    |  <  Cycle prev ac.|
| ],[ Select next/prev call    +--------------------------+-------------------+
|  x  Xfer call                |      Media Commands:     |  Status & Config: |
|  X  Xfer with Replaces       |                          |                   |
|  #  Send RFC 2833 DTMF       | cl  List ports           |  d  Dump status   |
|  *  Send DTMF with INFO      | cc  Connect port         | dd  Dump detailed |
| rt  Send real-time text      | cd  Disconnect port      | dc  Dump config   |
| dq  Dump curr. call quality  |  V  Adjust audio Volume  |  f  Save config   |
|  S  Send arbitrary REQUEST   | Cp  Codec priorities     |                   |
+-----------------------------------------------------------------------------+
|  q  QUIT      L  ReLoad       I  IP change     n  detect NAT type           |
|  sleep MS     echo [0|1|txt]                                                |
+=============================================================================+
You have 0 active call
[2025-06-13 00:30:55] [INFO] [RECORD] Starting recording manager (this will scan files in background)...
INFO:gb28181-restreamer:[RECORD] Starting recording manager (this will scan files in background)...
[2025-06-13 00:30:55] [INFO] [REC-MANAGER] Starting asynchronous recording scan
INFO:gb28181-restreamer:[REC-MANAGER] Starting asynchronous recording scan
[2025-06-13 00:30:55] [INFO] [REC-MANAGER] Starting async scan with CPU throttling for better SIP performance
INFO:gb28181-restreamer:[REC-MANAGER] Starting async scan with CPU throttling for better SIP performance
[2025-06-13 00:30:55] [INFO] [REC-MANAGER] Scanning recordings directory with CPU throttling
INFO:gb28181-restreamer:[REC-MANAGER] Scanning recordings directory with CPU throttling
[2025-06-13 00:30:55] [INFO] [RECORD] Recording manager initialized with async scanning
INFO:gb28181-restreamer:[RECORD] Recording manager initialized with async scanning
[2025-06-13 00:30:55] [INFO] [RECORD] Initial scan status: 0 files cached, scanning=True
INFO:gb28181-restreamer:[RECORD] Initial scan status: 0 files cached, scanning=True
[2025-06-13 00:30:55] [INFO] [STATUS] Starting periodic status monitoring
INFO:gb28181-restreamer:[STATUS] Starting periodic status monitoring
[2025-06-13 00:30:55] [INFO] [STATUS] Active streams: 0
INFO:gb28181-restreamer:[STATUS] Active streams: 0
[2025-06-13 00:30:55] [INFO] [STATUS] Recording scan in progress: 0 files found
INFO:gb28181-restreamer:[STATUS] Recording scan in progress: 0 files found
[2025-06-13 00:30:55] [INFO] [MAIN] Monitoring SIP client health...
INFO:gb28181-restreamer:[MAIN] Monitoring SIP client health...
[2025-06-13 00:30:56] [INFO] [REC-MANAGER] Processing file 10: filename_1991.mp4
INFO:gb28181-restreamer:[REC-MANAGER] Processing file 10: filename_1991.mp4
[2025-06-13 00:30:56] [INFO] [REC-MANAGER] Scan complete: 14 total files, 14 processed, 0 skipped
INFO:gb28181-restreamer:[REC-MANAGER] Scan complete: 14 total files, 14 processed, 0 skipped
>>> 00:30:53.462           conference.c !.Added port 1 (ringback), port count=2
00:30:53.462           conference.c  .Added port 2 (ring), port count=3
00:30:53.768           pjsua_core.c !.RX 530 bytes Response msg 401/REGISTER/cseq=20116 (rdata0x5aad633b3fa8) from UDP 203.142.93.131:5060:
[2025-06-13 00:31:16] [DEBUG] [SIP] SIP traffic: 00:30:53.768           pjsua_core.c !.RX 530 bytes Response msg 401/REGISTER/cseq=20116 (rdata0x5aad633b3fa8) from UDP 203.142.93.131:5060:
DEBUG:gb28181-restreamer:[SIP] SIP traffic: 00:30:53.768           pjsua_core.c !.RX 530 bytes Response msg 401/REGISTER/cseq=20116 (rdata0x5aad633b3fa8) from UDP 203.142.93.131:5060:
SIP/2.0 401 Unauthorized
[2025-06-13 00:31:16] [DEBUG] [SIP] SIP response: SIP/2.0 401 Unauthorized
DEBUG:gb28181-restreamer:[SIP] SIP response: SIP/2.0 401 Unauthorized
CSeq: 20116 REGISTER
Call-ID: 86750cf9-7c1e-4ebb-8f9b-8db59600bf2e
From: <sip:81000000465001000001@ai-sip.x-stage.bull-b.com>;tag=f5593a4b-7563-44ee-a269-9178b7c86ed0
To: <sip:81000000465001000001@ai-sip.x-stage.bull-b.com>
Via: SIP/2.0/UDP 172.31.7.94:32950;rport=32950;branch=z9hG4bKPj4ae97094-64a2-4d4b-8866-152375491f76;received=13.50.108.195
[2025-06-13 00:31:16] [DEBUG] [SIP] Processed 100 lines from PJSUA
DEBUG:gb28181-restreamer:[SIP] Processed 100 lines from PJSUA
WWW-Authenticate: Digest realm="81000000",qop="auth",nonce="f0584f88bd3ee3708686e1bf09cc3f05",algorithm=MD5
User-Agent: WVP-Pro
Content-Length: 0


--end msg--
00:30:53.768           pjsua_core.c  ....TX 932 bytes Request msg REGISTER/cseq=20117 (tdta0x5aad633b8130) to UDP 203.142.93.131:5060:
[2025-06-13 00:31:16] [DEBUG] [SIP] SIP traffic: 00:30:53.768           pjsua_core.c  ....TX 932 bytes Request msg REGISTER/cseq=20117 (tdta0x5aad633b8130) to UDP 203.142.93.131:5060:
DEBUG:gb28181-restreamer:[SIP] SIP traffic: 00:30:53.768           pjsua_core.c  ....TX 932 bytes Request msg REGISTER/cseq=20117 (tdta0x5aad633b8130) to UDP 203.142.93.131:5060:
REGISTER sip:ai-sip.x-stage.bull-b.com:5060 SIP/2.0
Via: SIP/2.0/UDP 13.50.108.195:32950;rport;branch=z9hG4bKPj1b038636-d289-4c36-be39-429081c893e8
Max-Forwards: 70
From: <sip:81000000465001000001@ai-sip.x-stage.bull-b.com>;tag=f5593a4b-7563-44ee-a269-9178b7c86ed0
To: <sip:81000000465001000001@ai-sip.x-stage.bull-b.com>
Call-ID: 86750cf9-7c1e-4ebb-8f9b-8db59600bf2e
CSeq: 20117 REGISTER
User-Agent: PJSUA/v2.15-dev Linux-6.8.4.4 x86_64 glibc-2.39
Contact: <sip:81000000465001000001@172.31.7.94:32950;ob>
Expires: 120
Allow: PRACK, INVITE, ACK, BYE, CANCEL, UPDATE, INFO, SUBSCRIBE, NOTIFY, REFER, MESSAGE, OPTIONS
[2025-06-13 00:31:16] [INFO] [SIP] 🔍 DEBUG: MESSAGE line detected: Allow: PRACK, INVITE, ACK, BYE, CANCEL, UPDATE, INFO, SUBSCRIBE, NOTIFY, REFER, MESSAGE, OPTIONS
INFO:gb28181-restreamer:[SIP] 🔍 DEBUG: MESSAGE line detected: Allow: PRACK, INVITE, ACK, BYE, CANCEL, UPDATE, INFO, SUBSCRIBE, NOTIFY, REFER, MESSAGE, OPTIONS
Authorization: Digest username="81000000465001000001", realm="81000000", nonce="f0584f88bd3ee3708686e1bf09cc3f05", uri="sip:ai-sip.x-stage.bull-b.com:5060", response="817ebda4656ba94bf9089611c1ed927e", algorithm=MD5, cnonce="db59d14742034bb883c62a23b43825a6", qop=auth, nc=00000001
Content-Length:  0


--end msg--
00:30:54.099           pjsua_core.c !.RX 516 bytes Response msg 200/REGISTER/cseq=20117 (rdata0x7c2884001d78) from UDP 203.142.93.131:5060:
[2025-06-13 00:31:16] [DEBUG] [SIP] SIP traffic: 00:30:54.099           pjsua_core.c !.RX 516 bytes Response msg 200/REGISTER/cseq=20117 (rdata0x7c2884001d78) from UDP 203.142.93.131:5060:
DEBUG:gb28181-restreamer:[SIP] SIP traffic: 00:30:54.099           pjsua_core.c !.RX 516 bytes Response msg 200/REGISTER/cseq=20117 (rdata0x7c2884001d78) from UDP 203.142.93.131:5060:
SIP/2.0 200 OK
[2025-06-13 00:31:16] [DEBUG] [SIP] SIP response: SIP/2.0 200 OK
DEBUG:gb28181-restreamer:[SIP] SIP response: SIP/2.0 200 OK
CSeq: 20117 REGISTER
Call-ID: 86750cf9-7c1e-4ebb-8f9b-8db59600bf2e
From: <sip:81000000465001000001@ai-sip.x-stage.bull-b.com>;tag=f5593a4b-7563-44ee-a269-9178b7c86ed0
To: <sip:81000000465001000001@ai-sip.x-stage.bull-b.com>
Via: SIP/2.0/UDP 13.50.108.195:32950;rport=32950;branch=z9hG4bKPj1b038636-d289-4c36-be39-429081c893e8;received=13.50.108.195
Date: 2025-06-13T08:30:53.921
Contact: <sip:81000000465001000001@172.31.7.94:32950;ob>
Expires: 120
User-Agent: WVP-Pro
Content-Length: 0


--end msg--
00:30:54.099            pjsua_acc.c  ....SIP outbound status for acc 1 is not active
00:30:54.099            pjsua_acc.c  ....Service-Route updated for acc 1 with 0 URI(s)
00:30:54.099            pjsua_acc.c  ....sip:81000000465001000001@ai-sip.x-stage.bull-b.com: registration success, status=200 (OK), will re-register in 120 seconds
[2025-06-13 00:31:16] [INFO] [SIP] ✅ Registration completed successfully
INFO:gb28181-restreamer:[SIP] ✅ Registration completed successfully
[2025-06-13 00:31:16] [INFO] [SIP] 💓 Starting dedicated heartbeat thread for WVP platform
INFO:gb28181-restreamer:[SIP] 💓 Starting dedicated heartbeat thread for WVP platform
[2025-06-13 00:31:16] [INFO] [SIP] 💓 Heartbeat worker started - will send keepalive every 15s to prevent WVP timeout
INFO:gb28181-restreamer:[SIP] 💓 Heartbeat worker started - will send keepalive every 15s to prevent WVP timeout
[2025-06-13 00:31:16] [INFO] [SIP] 💓 Sending scheduled heartbeat to WVP platform
INFO:gb28181-restreamer:[SIP] 💓 Sending scheduled heartbeat to WVP platform
[2025-06-13 00:31:16] [INFO] [SIP] 📋 Starting periodic catalog notification thread
[2025-06-13 00:31:16] [INFO] [SIP] 💓 Sending WVP-compatible keepalive (SN: 74676) to prevent heartbeat timeout
INFO:gb28181-restreamer:[SIP] 💓 Sending WVP-compatible keepalive (SN: 74676) to prevent heartbeat timeout
[2025-06-13 00:31:16] [INFO] [SIP] 📊 UDP TRANSMISSION ANALYSIS (SN: 74676):
INFO:gb28181-restreamer:[SIP] 📋 Starting periodic catalog notification thread
INFO:gb28181-restreamer:[SIP] 📊 UDP TRANSMISSION ANALYSIS (SN: 74676):
[2025-06-13 00:31:16] [INFO] [SIP]   • Message type: Keepalive
INFO:gb28181-restreamer:[SIP]   • Message type: Keepalive
[2025-06-13 00:31:16] [INFO] [SIP]   • Message size: 674 bytes
INFO:gb28181-restreamer:[SIP]   • Message size: 674 bytes
[2025-06-13 00:31:16] [INFO] [SIP]   • Target: ai-sip.x-stage.bull-b.com:5060
INFO:gb28181-restreamer:[SIP]   • Target: ai-sip.x-stage.bull-b.com:5060
[2025-06-13 00:31:16] [INFO] [SIP]   • Encoding: UTF-8
INFO:gb28181-restreamer:[SIP]   • Encoding: UTF-8
[2025-06-13 00:31:16] [DEBUG] [SIP] 📨 Message headers:
DEBUG:gb28181-restreamer:[SIP] 📨 Message headers:
[2025-06-13 00:31:16] [DEBUG] [SIP]   1: MESSAGE sip:ai-sip.x-stage.bull-b.com:5060 SIP/2.0
DEBUG:gb28181-restreamer:[SIP]   1: MESSAGE sip:ai-sip.x-stage.bull-b.com:5060 SIP/2.0
[2025-06-13 00:31:16] [DEBUG] [SIP]   2: Via: SIP/2.0/UDP 172.31.7.94:0;rport;branch=z9hG4bK-ka-1749774676
DEBUG:gb28181-restreamer:[SIP]   2: Via: SIP/2.0/UDP 172.31.7.94:0;rport;branch=z9hG4bK-ka-1749774676
[2025-06-13 00:31:16] [DEBUG] [SIP]   3: Max-Forwards: 70
DEBUG:gb28181-restreamer:[SIP]   3: Max-Forwards: 70
[2025-06-13 00:31:16] [DEBUG] [SIP]   4: From: <sip:81000000465001000001@172.31.7.94:0>;tag=katag1749774676
DEBUG:gb28181-restreamer:[SIP]   4: From: <sip:81000000465001000001@172.31.7.94:0>;tag=katag1749774676
[2025-06-13 00:31:16] [DEBUG] [SIP]   5: To: <sip:ai-sip.x-stage.bull-b.com:5060>
DEBUG:gb28181-restreamer:[SIP]   5: To: <sip:ai-sip.x-stage.bull-b.com:5060>
[2025-06-13 00:31:16] [DEBUG] [SIP]   6: Call-ID: keepalive-74676-1749774676
[2025-06-13 00:31:16] [INFO] [SIP] 📋 Catalog notification worker started - will send catalog every 60s
DEBUG:gb28181-restreamer:[SIP]   6: Call-ID: keepalive-74676-1749774676
INFO:gb28181-restreamer:[SIP] 📋 Catalog notification worker started - will send catalog every 60s
[2025-06-13 00:31:16] [DEBUG] [SIP]   7: CSeq: 6683 MESSAGE
DEBUG:gb28181-restreamer:[SIP]   7: CSeq: 6683 MESSAGE
[2025-06-13 00:31:16] [INFO] [SIP] 💓 Sending immediate heartbeat after registration to update WVP keepaliveTime
[2025-06-13 00:31:16] [DEBUG] [SIP]   8: Contact: <sip:172.31.7.94:0>
DEBUG:gb28181-restreamer:[SIP]   8: Contact: <sip:172.31.7.94:0>
[2025-06-13 00:31:16] [DEBUG] [SIP]   9: User-Agent: GB28181-Restreamer/1.0
DEBUG:gb28181-restreamer:[SIP]   9: User-Agent: GB28181-Restreamer/1.0
[2025-06-13 00:31:16] [DEBUG] [SIP]   10: Content-Type: Application/MANSCDP+xml
DEBUG:gb28181-restreamer:[SIP]   10: Content-Type: Application/MANSCDP+xml
[2025-06-13 00:31:16] [DEBUG] [SIP]   ... and 13 more lines
INFO:gb28181-restreamer:[SIP] 💓 Sending immediate heartbeat after registration to update WVP keepaliveTime
DEBUG:gb28181-restreamer:[SIP]   ... and 13 more lines
[2025-06-13 00:31:16] [INFO] [SIP] 🚀 Sending UDP packet to ai-sip.x-stage.bull-b.com:5060...
INFO:gb28181-restreamer:[SIP] 🚀 Sending UDP packet to ai-sip.x-stage.bull-b.com:5060...
[2025-06-13 00:31:16] [INFO] [SIP] 🚀 Sending proactive catalog notification for immediate frontend visibility
INFO:gb28181-restreamer:[SIP] 🚀 Sending proactive catalog notification for immediate frontend visibility
[2025-06-13 00:31:16] [INFO] [SIP] ✅ UDP transmission SUCCESSFUL: 674/674 bytes
INFO:gb28181-restreamer:[SIP] ✅ UDP transmission SUCCESSFUL: 674/674 bytes
00:30:54.099            pjsua_acc.c  ....Keep-alive timer started for acc 1, destination:203.142.93.131:5060, interval:13s
[2025-06-13 00:31:16] [DEBUG] [SIP] Keep-alive message
DEBUG:gb28181-restreamer:[SIP] Keep-alive message
00:30:54.443            pjsua_aud.c !Closing sound device after idle for 1 second(s)
00:30:54.443            pjsua_app.c  .Turning sound device -99 -99 OFF
[2025-06-13 00:31:16] [DEBUG] [SIP] 🔍 DEBUG: pjsua_app.c line: 00:30:54.443            pjsua_app.c  .Turning sound device -99 -99 OFF
DEBUG:gb28181-restreamer:[SIP] 🔍 DEBUG: pjsua_app.c line: 00:30:54.443            pjsua_app.c  .Turning sound device -99 -99 OFF
00:30:54.443            pjsua_aud.c  .Closing null sound device..
00:31:16.442           pjsua_core.c !.RX 823 bytes Request msg INVITE/cseq=515 (rdata0x7c287c000b98) from UDP 203.142.93.131:5060:
[2025-06-13 00:31:16] [INFO] [SIP] 🎬 INVITE detected in log line, processing buffer for full message.
INFO:gb28181-restreamer:[SIP] 🎬 INVITE detected in log line, processing buffer for full message.
[2025-06-13 00:31:16] [INFO] [SIP] ⏰ Started INVITE collection with 5-second timeout protection
INFO:gb28181-restreamer:[SIP] ⏰ Started INVITE collection with 5-second timeout protection
INVITE sip:81000000465001000002@13.50.108.195:32950 SIP/2.0
[2025-06-13 00:31:16] [INFO] [SIP] 🎬 INVITE detected in log line, processing buffer for full message.
INFO:gb28181-restreamer:[SIP] 🎬 INVITE detected in log line, processing buffer for full message.
[2025-06-13 00:31:16] [INFO] [SIP] ⏰ Started INVITE collection with 5-second timeout protection
INFO:gb28181-restreamer:[SIP] ⏰ Started INVITE collection with 5-second timeout protection
Call-ID: 87f6d8c7d09f722158c6296b7fd75486@0.0.0.0
[2025-06-13 00:31:16] [DEBUG] [SIP] 🔍 Processing line during INVITE collection: 'Call-ID: 87f6d8c7d09f722158c6296b7fd75486@0.0.0.0'
DEBUG:gb28181-restreamer:[SIP] 🔍 Processing line during INVITE collection: 'Call-ID: 87f6d8c7d09f722158c6296b7fd75486@0.0.0.0'
[2025-06-13 00:31:16] [DEBUG] [SIP] Added INVITE line: Call-ID: 87f6d8c7d09f722158c6296b7fd75486@0.0.0.0
DEBUG:gb28181-restreamer:[SIP] Added INVITE line: Call-ID: 87f6d8c7d09f722158c6296b7fd75486@0.0.0.0
[2025-06-13 00:31:16] [ERROR] [SIP] Error processing SIP message: 'SIPClient' object has no attribute '_invite_call_id'
ERROR:gb28181-restreamer:[SIP] Error processing SIP message: 'SIPClient' object has no attribute '_invite_call_id'
CSeq: 515 INVITE
[2025-06-13 00:31:16] [DEBUG] [SIP] 🔍 Processing line during INVITE collection: 'CSeq: 515 INVITE'
DEBUG:gb28181-restreamer:[SIP] 🔍 Processing line during INVITE collection: 'CSeq: 515 INVITE'
[2025-06-13 00:31:16] [DEBUG] [SIP] Added INVITE line: CSeq: 515 INVITE
DEBUG:gb28181-restreamer:[SIP] Added INVITE line: CSeq: 515 INVITE
From: <sip:81000000462001888888@81000000>;tag=0ed7c1bb1fc0418799a9b8318970ecfa
[2025-06-13 00:31:16] [DEBUG] [SIP] Processed 150 lines from PJSUA
DEBUG:gb28181-restreamer:[SIP] Processed 150 lines from PJSUA
[2025-06-13 00:31:16] [DEBUG] [SIP] 🔍 Processing line during INVITE collection: 'From: <sip:81000000462001888888@81000000>;tag=0ed7c1bb1fc0418799a9b8318970ecfa'
DEBUG:gb28181-restreamer:[SIP] 🔍 Processing line during INVITE collection: 'From: <sip:81000000462001888888@81000000>;tag=0ed7c1bb1fc0418799a9b8318970ecfa'
[2025-06-13 00:31:16] [DEBUG] [SIP] Added INVITE line: From: <sip:81000000462001888888@81000000>;tag=0ed7c1bb1fc0418799a9b8318970ecfa
DEBUG:gb28181-restreamer:[SIP] Added INVITE line: From: <sip:81000000462001888888@81000000>;tag=0ed7c1bb1fc0418799a9b8318970ecfa
To: <sip:81000000465001000002@13.50.108.195:32950>
[2025-06-13 00:31:16] [DEBUG] [SIP] 🔍 Processing line during INVITE collection: 'To: <sip:81000000465001000002@13.50.108.195:32950>'
DEBUG:gb28181-restreamer:[SIP] 🔍 Processing line during INVITE collection: 'To: <sip:81000000465001000002@13.50.108.195:32950>'
[2025-06-13 00:31:16] [DEBUG] [SIP] Added INVITE line: To: <sip:81000000465001000002@13.50.108.195:32950>
DEBUG:gb28181-restreamer:[SIP] Added INVITE line: To: <sip:81000000465001000002@13.50.108.195:32950>
Via: SIP/2.0/UDP 0.0.0.0:5060;branch=z9hG4bK6851042153;rport
[2025-06-13 00:31:16] [DEBUG] [SIP] 🔍 Processing line during INVITE collection: 'Via: SIP/2.0/UDP 0.0.0.0:5060;branch=z9hG4bK6851042153;rport'
DEBUG:gb28181-restreamer:[SIP] 🔍 Processing line during INVITE collection: 'Via: SIP/2.0/UDP 0.0.0.0:5060;branch=z9hG4bK6851042153;rport'
[2025-06-13 00:31:16] [DEBUG] [SIP] Added INVITE line: Via: SIP/2.0/UDP 0.0.0.0:5060;branch=z9hG4bK6851042153;rport
DEBUG:gb28181-restreamer:[SIP] Added INVITE line: Via: SIP/2.0/UDP 0.0.0.0:5060;branch=z9hG4bK6851042153;rport
Max-Forwards: 70
[2025-06-13 00:31:16] [DEBUG] [SIP] 🔍 Processing line during INVITE collection: 'Max-Forwards: 70'
DEBUG:gb28181-restreamer:[SIP] 🔍 Processing line during INVITE collection: 'Max-Forwards: 70'
[2025-06-13 00:31:16] [DEBUG] [SIP] Added INVITE line: Max-Forwards: 70
DEBUG:gb28181-restreamer:[SIP] Added INVITE line: Max-Forwards: 70
User-Agent: WVP-Pro
[2025-06-13 00:31:16] [DEBUG] [SIP] 🔍 Processing line during INVITE collection: 'User-Agent: WVP-Pro'
DEBUG:gb28181-restreamer:[SIP] 🔍 Processing line during INVITE collection: 'User-Agent: WVP-Pro'
[2025-06-13 00:31:16] [DEBUG] [SIP] Added INVITE line: User-Agent: WVP-Pro
DEBUG:gb28181-restreamer:[SIP] Added INVITE line: User-Agent: WVP-Pro
Contact: <sip:81000000462001888888@0.0.0.0:5060>
[2025-06-13 00:31:16] [DEBUG] [SIP] 🔍 Processing line during INVITE collection: 'Contact: <sip:81000000462001888888@0.0.0.0:5060>'
DEBUG:gb28181-restreamer:[SIP] 🔍 Processing line during INVITE collection: 'Contact: <sip:81000000462001888888@0.0.0.0:5060>'
[2025-06-13 00:31:16] [DEBUG] [SIP] Added INVITE line: Contact: <sip:81000000462001888888@0.0.0.0:5060>
DEBUG:gb28181-restreamer:[SIP] Added INVITE line: Contact: <sip:81000000462001888888@0.0.0.0:5060>
Subject: 81000000465001000002:0000001516,81000000462001888888:0
[2025-06-13 00:31:16] [DEBUG] [SIP] 🔍 Processing line during INVITE collection: 'Subject: 81000000465001000002:0000001516,81000000462001888888:0'
DEBUG:gb28181-restreamer:[SIP] 🔍 Processing line during INVITE collection: 'Subject: 81000000465001000002:0000001516,81000000462001888888:0'
[2025-06-13 00:31:16] [DEBUG] [SIP] Added INVITE line: Subject: 81000000465001000002:0000001516,81000000462001888888:0
DEBUG:gb28181-restreamer:[SIP] Added INVITE line: Subject: 81000000465001000002:0000001516,81000000462001888888:0
Content-Type: APPLICATION/SDP
[2025-06-13 00:31:16] [DEBUG] [SIP] 🔍 Processing line during INVITE collection: 'Content-Type: APPLICATION/SDP'
DEBUG:gb28181-restreamer:[SIP] 🔍 Processing line during INVITE collection: 'Content-Type: APPLICATION/SDP'
[2025-06-13 00:31:16] [DEBUG] [SIP] Added INVITE line: Content-Type: APPLICATION/SDP
DEBUG:gb28181-restreamer:[SIP] Added INVITE line: Content-Type: APPLICATION/SDP
Content-Length: 290
[2025-06-13 00:31:16] [DEBUG] [SIP] 🔍 Processing line during INVITE collection: 'Content-Length: 290'
DEBUG:gb28181-restreamer:[SIP] 🔍 Processing line during INVITE collection: 'Content-Length: 290'
[2025-06-13 00:31:16] [DEBUG] [SIP] Added INVITE line: Content-Length: 290
DEBUG:gb28181-restreamer:[SIP] Added INVITE line: Content-Length: 290

[2025-06-13 00:31:16] [DEBUG] [SIP] 🔍 Processing line during INVITE collection: ''
DEBUG:gb28181-restreamer:[SIP] 🔍 Processing line during INVITE collection: ''
v=0
[2025-06-13 00:31:16] [DEBUG] [SIP] 🔍 Processing line during INVITE collection: 'v=0'
DEBUG:gb28181-restreamer:[SIP] 🔍 Processing line during INVITE collection: 'v=0'
[2025-06-13 00:31:16] [DEBUG] [SIP] Added INVITE line: v=0
DEBUG:gb28181-restreamer:[SIP] Added INVITE line: v=0
o=81000000465001000001 0 0 IN IP4 203.142.93.131
[2025-06-13 00:31:16] [DEBUG] [SIP] 🔍 Processing line during INVITE collection: 'o=81000000465001000001 0 0 IN IP4 203.142.93.131'
DEBUG:gb28181-restreamer:[SIP] 🔍 Processing line during INVITE collection: 'o=81000000465001000001 0 0 IN IP4 203.142.93.131'
[2025-06-13 00:31:16] [DEBUG] [SIP] Added INVITE line: o=81000000465001000001 0 0 IN IP4 203.142.93.131
DEBUG:gb28181-restreamer:[SIP] Added INVITE line: o=81000000465001000001 0 0 IN IP4 203.142.93.131
s=Play
[2025-06-13 00:31:16] [DEBUG] [SIP] 🔍 Processing line during INVITE collection: 's=Play'
DEBUG:gb28181-restreamer:[SIP] 🔍 Processing line during INVITE collection: 's=Play'
[2025-06-13 00:31:16] [DEBUG] [SIP] Added INVITE line: s=Play
DEBUG:gb28181-restreamer:[SIP] Added INVITE line: s=Play
c=IN IP4 203.142.93.131
[2025-06-13 00:31:16] [DEBUG] [SIP] 🔍 Processing line during INVITE collection: 'c=IN IP4 203.142.93.131'
DEBUG:gb28181-restreamer:[SIP] 🔍 Processing line during INVITE collection: 'c=IN IP4 203.142.93.131'
[2025-06-13 00:31:16] [DEBUG] [SIP] Added INVITE line: c=IN IP4 203.142.93.131
DEBUG:gb28181-restreamer:[SIP] Added INVITE line: c=IN IP4 203.142.93.131
t=0 0
[2025-06-13 00:31:16] [DEBUG] [SIP] 🔍 Processing line during INVITE collection: 't=0 0'
DEBUG:gb28181-restreamer:[SIP] 🔍 Processing line during INVITE collection: 't=0 0'
[2025-06-13 00:31:16] [DEBUG] [SIP] Added INVITE line: t=0 0
DEBUG:gb28181-restreamer:[SIP] Added INVITE line: t=0 0
m=video 10000 TCP/RTP/AVP 96 97 98 99
[2025-06-13 00:31:16] [DEBUG] [SIP] 🔍 Processing line during INVITE collection: 'm=video 10000 TCP/RTP/AVP 96 97 98 99'
DEBUG:gb28181-restreamer:[SIP] 🔍 Processing line during INVITE collection: 'm=video 10000 TCP/RTP/AVP 96 97 98 99'
[2025-06-13 00:31:16] [DEBUG] [SIP] Added INVITE line: m=video 10000 TCP/RTP/AVP 96 97 98 99
DEBUG:gb28181-restreamer:[SIP] Added INVITE line: m=video 10000 TCP/RTP/AVP 96 97 98 99
a=recvonly
[2025-06-13 00:31:16] [DEBUG] [SIP] 🔍 Processing line during INVITE collection: 'a=recvonly'
DEBUG:gb28181-restreamer:[SIP] 🔍 Processing line during INVITE collection: 'a=recvonly'
[2025-06-13 00:31:16] [INFO] [SIP] 🏁 Detected end-of-message marker for INVITE
INFO:gb28181-restreamer:[SIP] 🏁 Detected end-of-message marker for INVITE
[2025-06-13 00:31:16] [INFO] [SIP] ✅ INVITE message collection complete: 585 bytes
INFO:gb28181-restreamer:[SIP] ✅ INVITE message collection complete: 585 bytes
[2025-06-13 00:31:16] [DEBUG] [SIP] Full INVITE message:
Call-ID: 87f6d8c7d09f722158c6296b7fd75486@0.0.0.0
CSeq: 515 INVITE
From: <sip:81000000462001888888@81000000>;tag=0ed7c1bb1fc0418799a9b8318970ecfa
To: <sip:81000000465001000002@13.50.108.195:32950>
Via: SIP/2.0/UDP 0.0.0.0:5060;branch=z9hG4bK6851042153;rport
Max-Forwards: 70
User-Agent: WVP-Pro
Contact: <sip:81000000462001888888@0.0.0.0:5060>
Subject: 81000000465001000002:0000001516,81000000462001888888:0
Content-Type: APPLICATION/SDP
Content-Length: 290
v=0
o=81000000465001000001 0 0 IN IP4 203.142.93.131
s=Play
c=IN IP4 203.142.93.131
t=0 0
m=video 10000 TCP/RTP/AVP 96 97 98 99
DEBUG:gb28181-restreamer:[SIP] Full INVITE message:
Call-ID: 87f6d8c7d09f722158c6296b7fd75486@0.0.0.0
CSeq: 515 INVITE
From: <sip:81000000462001888888@81000000>;tag=0ed7c1bb1fc0418799a9b8318970ecfa
To: <sip:81000000465001000002@13.50.108.195:32950>
Via: SIP/2.0/UDP 0.0.0.0:5060;branch=z9hG4bK6851042153;rport
Max-Forwards: 70
User-Agent: WVP-Pro
Contact: <sip:81000000462001888888@0.0.0.0:5060>
Subject: 81000000465001000002:0000001516,81000000462001888888:0
Content-Type: APPLICATION/SDP
Content-Length: 290
v=0
o=81000000465001000001 0 0 IN IP4 203.142.93.131
s=Play
c=IN IP4 203.142.93.131
t=0 0
m=video 10000 TCP/RTP/AVP 96 97 98 99
[2025-06-13 00:31:16] [DEBUG] [SIP] Extracted Call-ID from INVITE: 87f6d8c7d09f722158c6296b7fd75486@0.0.0.0
DEBUG:gb28181-restreamer:[SIP] Extracted Call-ID from INVITE: 87f6d8c7d09f722158c6296b7fd75486@0.0.0.0
[2025-06-13 00:31:16] [INFO] [SIP] 🎬 Processing INVITE with Call-ID: 87f6d8c7d09f722158c6296b7fd75486@0.0.0.0
INFO:gb28181-restreamer:[SIP] 🎬 Processing INVITE with Call-ID: 87f6d8c7d09f722158c6296b7fd75486@0.0.0.0
[2025-06-13 00:31:16] [INFO] [SIP] 🎬 Processing INVITE request with Call-ID: 87f6d8c7d09f722158c6296b7fd75486@0.0.0.0
INFO:gb28181-restreamer:[SIP] 🎬 Processing INVITE request with Call-ID: 87f6d8c7d09f722158c6296b7fd75486@0.0.0.0
[2025-06-13 00:31:16] [INFO] [SIP] 📋 Captured INVITE headers for SIP compliance:
INFO:gb28181-restreamer:[SIP] 📋 Captured INVITE headers for SIP compliance:
[2025-06-13 00:31:16] [INFO] [SIP]   Via: Via: SIP/2.0/UDP 0.0.0.0:5060;branch=z9hG4bK6851042153;rport
INFO:gb28181-restreamer:[SIP]   Via: Via: SIP/2.0/UDP 0.0.0.0:5060;branch=z9hG4bK6851042153;rport
[2025-06-13 00:31:16] [INFO] [SIP]   From: From: <sip:81000000462001888888@81000000>;tag=0ed7c1bb1fc0418799a9b8318970ecfa
INFO:gb28181-restreamer:[SIP]   From: From: <sip:81000000462001888888@81000000>;tag=0ed7c1bb1fc0418799a9b8318970ecfa
[2025-06-13 00:31:16] [INFO] [SIP]   To: To: <sip:81000000465001000002@13.50.108.195:32950>
INFO:gb28181-restreamer:[SIP]   To: To: <sip:81000000465001000002@13.50.108.195:32950>
[2025-06-13 00:31:16] [INFO] [SIP]   CSeq: CSeq: 515 INVITE
INFO:gb28181-restreamer:[SIP]   CSeq: CSeq: 515 INVITE
[2025-06-13 00:31:16] [DEBUG] [SIP] Extracted target ID from INVITE: 81000000465001000002
DEBUG:gb28181-restreamer:[SIP] Extracted target ID from INVITE: 81000000465001000002
[2025-06-13 00:31:16] [INFO] [SIP] 🎯 WVP requesting stream for channel: 81000000465001000002
INFO:gb28181-restreamer:[SIP] 🎯 WVP requesting stream for channel: 81000000465001000002
[2025-06-13 00:31:16] [DEBUG] [SIP] Extracted SDP from INVITE: v=0
o=81000000465001000001 0 0 IN IP4 203.142.93.131
s=Play
c=IN IP4 203.142.93.131
t=0 0
m=video 10000 TCP/RTP/AVP 96 97 98 99
DEBUG:gb28181-restreamer:[SIP] Extracted SDP from INVITE: v=0
o=81000000465001000001 0 0 IN IP4 203.142.93.131
s=Play
c=IN IP4 203.142.93.131
t=0 0
m=video 10000 TCP/RTP/AVP 96 97 98 99
[2025-06-13 00:31:16] [INFO] [SIP] 🎯 Extracted SSRC from WVP INVITE: 0000001516
INFO:gb28181-restreamer:[SIP] 🎯 Extracted SSRC from WVP INVITE: 0000001516
[2025-06-13 00:31:16] [INFO] [SIP] 📄 WVP provided destination SDP: v=0
o=81000000465001000001 0 0 IN IP4 203.142.93.131
s=Play
c=IN IP4 203.142.93.131
t=0 0
m=video 10000 TCP/RTP/AVP 96 97 98 99...
INFO:gb28181-restreamer:[SIP] 📄 WVP provided destination SDP: v=0
o=81000000465001000001 0 0 IN IP4 203.142.93.131
s=Play
c=IN IP4 203.142.93.131
t=0 0
m=video 10000 TCP/RTP/AVP 96 97 98 99...
[2025-06-13 00:31:16] [DEBUG] [SIP] Found destination IP: 203.142.93.131
DEBUG:gb28181-restreamer:[SIP] Found destination IP: 203.142.93.131
[2025-06-13 00:31:16] [DEBUG] [SIP] Found destination port: 10000
DEBUG:gb28181-restreamer:[SIP] Found destination port: 10000
[2025-06-13 00:31:16] [INFO] [SIP] 📍 Parsed destination: 203.142.93.131:10000
INFO:gb28181-restreamer:[SIP] 📍 Parsed destination: 203.142.93.131:10000
[2025-06-13 00:31:16] [INFO] [SIP] 🎯 WVP expects stream at: 203.142.93.131:10000
INFO:gb28181-restreamer:[SIP] 🎯 WVP expects stream at: 203.142.93.131:10000
[2025-06-13 00:31:16] [INFO] [SIP] 🎥 Starting stream from channel 81000000465001000002 to WVP at 203.142.93.131:10000
INFO:gb28181-restreamer:[SIP] 🎥 Starting stream from channel 81000000465001000002 to WVP at 203.142.93.131:10000
[2025-06-13 00:31:16] [INFO] [SIP] 🎯 Using SSRC for streaming: 0000001516
INFO:gb28181-restreamer:[SIP] 🎯 Using SSRC for streaming: 0000001516
[2025-06-13 00:31:16] [INFO] [SIP] 🚀 Using transport protocol: TCP/RTP/AVP
INFO:gb28181-restreamer:[SIP] 🚀 Using transport protocol: TCP/RTP/AVP
[2025-06-13 00:31:16] [INFO] [SIP] 🎯 Configured streaming destination: 203.142.93.131:10000
INFO:gb28181-restreamer:[SIP] 🎯 Configured streaming destination: 203.142.93.131:10000
[2025-06-13 00:31:16] [INFO] [SIP] Using RTSP source for channel 81000000465001000002: None
INFO:gb28181-restreamer:[SIP] Using RTSP source for channel 81000000465001000002: None
[2025-06-13 00:31:16] [INFO] [SIP] Falling back to scanning video files for a source.
INFO:gb28181-restreamer:[SIP] Falling back to scanning video files for a source.
[2025-06-13 00:31:16] [INFO] [SIP] Using first available video file: recordings/2025-05-16/00-10-10.mp4
INFO:gb28181-restreamer:[SIP] Using first available video file: recordings/2025-05-16/00-10-10.mp4
[2025-06-13 00:31:16] [INFO] [SIP] Using media streamer for file: recordings/2025-05-16/00-10-10.mp4
INFO:gb28181-restreamer:[SIP] Using media streamer for file: recordings/2025-05-16/00-10-10.mp4
INFO:media_streamer:[STREAM] Starting GB28181 RTP stream to 203.142.93.131:10000
INFO:media_streamer:[STREAM] File: recordings/2025-05-16/00-10-10.mp4, Stream ID: 203.142.93.131:10000:0000001516
INFO:media_streamer:[STREAM] Video settings: 704x576@25fps, 1024kbps
INFO:media_streamer:[STREAM] Transport protocol: TCP/RTP/AVP
INFO:media_streamer:[STREAM] Using rtpgstpay for PS format (generic payload)
INFO:media_streamer:[STREAM] ✔ rtpstreampay found – enabling RFC 4571 framing
INFO:media_streamer:[STREAM] Using TCP transport with queue buffer (async=false)
[2025-06-13 00:31:16] [INFO] [SIP] 💓 Keepalive message (SN: 74676) delivered successfully
INFO:gb28181-restreamer:[SIP] 💓 Keepalive message (SN: 74676) delivered successfully
[2025-06-13 00:31:16] [INFO] [SIP]   • Device should stay online for next 15-30 seconds
INFO:gb28181-restreamer:[SIP]   • Device should stay online for next 15-30 seconds
[2025-06-13 00:31:16] [INFO] [SIP] ✅ Keepalive sent successfully - device should stay online
INFO:gb28181-restreamer:[SIP] ✅ Keepalive sent successfully - device should stay online
INFO:media_streamer:[STREAM] ✅ Pipeline for stream 203.142.93.131:10000:0000001516 started successfully.
INFO:media_streamer:[STREAM] Stream health monitoring started
[2025-06-13 00:31:16] [INFO] [SIP] ✅ Stream started successfully to WVP platform
INFO:gb28181-restreamer:[SIP] ✅ Stream started successfully to WVP platform
[2025-06-13 00:31:16] [INFO] [SIP] Started stream to 203.142.93.131:10000 with SSRC 0000001516
INFO:gb28181-restreamer:[SIP] Started stream to 203.142.93.131:10000 with SSRC 0000001516
[2025-06-13 00:31:16] [INFO] [SIP] ✅ Successfully started stream for channel 81000000465001000002
INFO:gb28181-restreamer:[SIP] ✅ Successfully started stream for channel 81000000465001000002
[2025-06-13 00:31:16] [DEBUG] [SIP] Detected local IP: 172.31.7.94
DEBUG:gb28181-restreamer:[SIP] Detected local IP: 172.31.7.94
[2025-06-13 00:31:16] [DEBUG] [SIP] Allocated RTP port: 55397
DEBUG:gb28181-restreamer:[SIP] Allocated RTP port: 55397
[2025-06-13 00:31:16] [INFO] [SIP] 🔧 WVP platform uses TCP/RTP/AVP - matching transport protocol
INFO:gb28181-restreamer:[SIP] 🔧 WVP platform uses TCP/RTP/AVP - matching transport protocol
[2025-06-13 00:31:16] [INFO] [SIP] 🔧 WVP offered payload types: 96 97 98 99
INFO:gb28181-restreamer:[SIP] 🔧 WVP offered payload types: 96 97 98 99
[2025-06-13 00:31:16] [INFO] [SIP] 🔧 Using PS format with PT 97 as offered by WVP
INFO:gb28181-restreamer:[SIP] 🔧 Using PS format with PT 97 as offered by WVP
[2025-06-13 00:31:16] [DEBUG] [SIP] Found destination IP: 203.142.93.131
DEBUG:gb28181-restreamer:[SIP] Found destination IP: 203.142.93.131
[2025-06-13 00:31:16] [DEBUG] [SIP] Found destination port: 10000
DEBUG:gb28181-restreamer:[SIP] Found destination port: 10000
[2025-06-13 00:31:16] [INFO] [SIP] 📍 Parsed destination: 203.142.93.131:10000
INFO:gb28181-restreamer:[SIP] 📍 Parsed destination: 203.142.93.131:10000
[2025-06-13 00:31:16] [INFO] [SIP] 🚀 TCP mode: Using WVP destination port 10000
INFO:gb28181-restreamer:[SIP] 🚀 TCP mode: Using WVP destination port 10000
[2025-06-13 00:31:16] [INFO] [SIP] 📄 Created GB28181-compliant SDP response for channel 81000000465001000002
INFO:gb28181-restreamer:[SIP] 📄 Created GB28181-compliant SDP response for channel 81000000465001000002
[2025-06-13 00:31:16] [INFO] [SIP] 🎯 Using WVP-expected SSRC: 0000001516
INFO:gb28181-restreamer:[SIP] 🎯 Using WVP-expected SSRC: 0000001516
[2025-06-13 00:31:16] [INFO] [SIP] 🚀 Using transport protocol: TCP/RTP/AVP (CRITICAL FIX)
INFO:gb28181-restreamer:[SIP] 🚀 Using transport protocol: TCP/RTP/AVP (CRITICAL FIX)
[2025-06-13 00:31:16] [INFO] [SIP] 🎯 Using payload type: 97 (PS/90000)
INFO:gb28181-restreamer:[SIP] 🎯 Using payload type: 97 (PS/90000)
[2025-06-13 00:31:16] [INFO] [SIP] 🌐 Media endpoint: 172.31.7.94:10000
INFO:gb28181-restreamer:[SIP] 🌐 Media endpoint: 172.31.7.94:10000
[2025-06-13 00:31:16] [DEBUG] [SIP] SDP content:
v=0
o=- 1749774676 1749774676 IN IP4 172.31.7.94
s=Play
c=IN IP4 172.31.7.94
t=0 0
m=video 10000 TCP/RTP/AVP 97
a=sendonly
a=setup:active
a=connection:new
a=rtpmap:97 PS/90000
y=0000001516
f=v/2/25

DEBUG:gb28181-restreamer:[SIP] SDP content:
v=0
o=- 1749774676 1749774676 IN IP4 172.31.7.94
s=Play
c=IN IP4 172.31.7.94
t=0 0
m=video 10000 TCP/RTP/AVP 97
a=sendonly
a=setup:active
a=connection:new
a=rtpmap:97 PS/90000
y=0000001516
f=v/2/25

[2025-06-13 00:31:16] [INFO] [SIP] ✅ SDP validation passed - ready for WVP platform
INFO:gb28181-restreamer:[SIP] ✅ SDP validation passed - ready for WVP platform
[2025-06-13 00:31:16] [INFO] [SIP] 📄 Generated SDP response for 200 OK
INFO:gb28181-restreamer:[SIP] 📄 Generated SDP response for 200 OK
[2025-06-13 00:31:16] [INFO] [SIP] 📤 Sending INVITE response: 200 OK
INFO:gb28181-restreamer:[SIP] 📤 Sending INVITE response: 200 OK
[2025-06-13 00:31:16] [INFO] [SIP] 📋 Response headers echoed from INVITE:
INFO:gb28181-restreamer:[SIP] 📋 Response headers echoed from INVITE:
[2025-06-13 00:31:16] [INFO] [SIP]   Via: Via: SIP/2.0/UDP 0.0.0.0:5060;branch=z9hG4bK6851042153;rport
INFO:gb28181-restreamer:[SIP]   Via: Via: SIP/2.0/UDP 0.0.0.0:5060;branch=z9hG4bK6851042153;rport
[2025-06-13 00:31:16] [INFO] [SIP]   CSeq: CSeq: 515 INVITE
INFO:gb28181-restreamer:[SIP]   CSeq: CSeq: 515 INVITE
[2025-06-13 00:31:16] [DEBUG] [SIP] 📤 Sent SIP response: 650/650 bytes to ('ai-sip.x-stage.bull-b.com', 5060)
DEBUG:gb28181-restreamer:[SIP] 📤 Sent SIP response: 650/650 bytes to ('ai-sip.x-stage.bull-b.com', 5060)
[2025-06-13 00:31:16] [INFO] [SIP] ✅ INVITE response 200 sent successfully
INFO:gb28181-restreamer:[SIP] ✅ INVITE response 200 sent successfully
